[0.895s] Invoking command in '/home/james/workspace/robofun-1.0/object-detection-ws/build/follow_waypoints': PYTHONPATH=/home/james/workspace/robofun-1.0/object-detection-ws/build/follow_waypoints/prefix_override:/usr/lib/python3/dist-packages/colcon_core/task/python/colcon_distutils_commands:/home/james/workspace/robofun-1.0/object-detection-ws/install/follow_waypoints/lib/python3.10/site-packages:${PYTHONPATH} /usr/bin/python3 -W ignore:setup.py install is deprecated setup.py develop --editable --build-directory /home/james/workspace/robofun-1.0/object-detection-ws/build/follow_waypoints/build --no-deps symlink_data
[1.043s] /home/james/.local/lib/python3.10/site-packages/setuptools/_distutils/dist.py:261: UserWarning: Unknown distribution option: 'tests_require'
[1.043s]   warnings.warn(msg)
[1.201s] running develop
[1.202s] /home/james/.local/lib/python3.10/site-packages/setuptools/command/develop.py:41: EasyInstallDeprecationWarning: easy_install command is deprecated.
[1.202s] !!
[1.202s] 
[1.202s]         ********************************************************************************
[1.202s]         Please avoid running ``setup.py`` and ``easy_install``.
[1.202s]         Instead, use pypa/build, pypa/installer or other
[1.202s]         standards-based tools.
[1.202s] 
[1.202s]         See https://github.com/pypa/setuptools/issues/917 for details.
[1.203s]         ********************************************************************************
[1.203s] 
[1.203s] !!
[1.203s]   easy_install.initialize_options(self)
[1.412s] running egg_info
[1.412s] creating follow_waypoints.egg-info
[1.425s] writing follow_waypoints.egg-info/PKG-INFO
[1.425s] writing dependency_links to follow_waypoints.egg-info/dependency_links.txt
[1.425s] writing entry points to follow_waypoints.egg-info/entry_points.txt
[1.426s] writing requirements to follow_waypoints.egg-info/requires.txt
[1.426s] writing top-level names to follow_waypoints.egg-info/top_level.txt
[1.426s] writing manifest file 'follow_waypoints.egg-info/SOURCES.txt'
[1.458s] reading manifest file 'follow_waypoints.egg-info/SOURCES.txt'
[1.459s] writing manifest file 'follow_waypoints.egg-info/SOURCES.txt'
[1.474s] running build_ext
[1.474s] Creating /home/james/workspace/robofun-1.0/object-detection-ws/install/follow_waypoints/lib/python3.10/site-packages/follow-waypoints.egg-link (link to .)
[1.475s] Installing follow_waypoints_exe script to /home/james/workspace/robofun-1.0/object-detection-ws/install/follow_waypoints/lib/follow_waypoints
[1.475s] 
[1.475s] Installed /home/james/workspace/robofun-1.0/object-detection-ws/build/follow_waypoints
[1.475s] running symlink_data
[1.476s] creating /home/james/workspace/robofun-1.0/object-detection-ws/install/follow_waypoints/share/ament_index/resource_index/packages
[1.476s] symbolically linking /home/james/workspace/robofun-1.0/object-detection-ws/build/follow_waypoints/resource/follow_waypoints -> /home/james/workspace/robofun-1.0/object-detection-ws/install/follow_waypoints/share/ament_index/resource_index/packages
[1.476s] symbolically linking /home/james/workspace/robofun-1.0/object-detection-ws/build/follow_waypoints/package.xml -> /home/james/workspace/robofun-1.0/object-detection-ws/install/follow_waypoints/share/follow_waypoints
[1.476s] creating /home/james/workspace/robofun-1.0/object-detection-ws/install/follow_waypoints/share/follow_waypoints/config
[1.476s] symbolically linking /home/james/workspace/robofun-1.0/object-detection-ws/build/follow_waypoints/config/follow_waypoints.yaml -> /home/james/workspace/robofun-1.0/object-detection-ws/install/follow_waypoints/share/follow_waypoints/config
[1.508s] Invoked command in '/home/james/workspace/robofun-1.0/object-detection-ws/build/follow_waypoints' returned '0': PYTHONPATH=/home/james/workspace/robofun-1.0/object-detection-ws/build/follow_waypoints/prefix_override:/usr/lib/python3/dist-packages/colcon_core/task/python/colcon_distutils_commands:/home/james/workspace/robofun-1.0/object-detection-ws/install/follow_waypoints/lib/python3.10/site-packages:${PYTHONPATH} /usr/bin/python3 -W ignore:setup.py install is deprecated setup.py develop --editable --build-directory /home/james/workspace/robofun-1.0/object-detection-ws/build/follow_waypoints/build --no-deps symlink_data
