-- Install configuration: ""
-- Execute custom install script
-- Up-to-date symlink: /home/james/DWM1001_ws/install/dwm1001_launch/share/dwm1001_launch/launch/active_node.launch.py
-- Up-to-date symlink: /home/james/DWM1001_ws/install/dwm1001_launch/share/dwm1001_launch/launch/passive_node.launch.py
-- Up-to-date symlink: /home/james/DWM1001_ws/install/dwm1001_launch/share/dwm1001_launch/launch/transform_node.launch.py
-- Up-to-date symlink: /home/james/DWM1001_ws/install/dwm1001_launch/share/dwm1001_launch/config/default_active.yaml
-- Up-to-date symlink: /home/james/DWM1001_ws/install/dwm1001_launch/share/dwm1001_launch/config/default_passive.yaml
-- Up-to-date symlink: /home/james/DWM1001_ws/install/dwm1001_launch/share/ament_index/resource_index/package_run_dependencies/dwm1001_launch
-- Up-to-date symlink: /home/james/DWM1001_ws/install/dwm1001_launch/share/ament_index/resource_index/parent_prefix_path/dwm1001_launch
-- Up-to-date symlink: /home/james/DWM1001_ws/install/dwm1001_launch/share/dwm1001_launch/environment/ament_prefix_path.sh
-- Up-to-date symlink: /home/james/DWM1001_ws/install/dwm1001_launch/share/dwm1001_launch/environment/ament_prefix_path.dsv
-- Up-to-date symlink: /home/james/DWM1001_ws/install/dwm1001_launch/share/dwm1001_launch/environment/path.sh
-- Up-to-date symlink: /home/james/DWM1001_ws/install/dwm1001_launch/share/dwm1001_launch/environment/path.dsv
-- Up-to-date symlink: /home/james/DWM1001_ws/install/dwm1001_launch/share/dwm1001_launch/local_setup.bash
-- Up-to-date symlink: /home/james/DWM1001_ws/install/dwm1001_launch/share/dwm1001_launch/local_setup.sh
-- Up-to-date symlink: /home/james/DWM1001_ws/install/dwm1001_launch/share/dwm1001_launch/local_setup.zsh
-- Up-to-date symlink: /home/james/DWM1001_ws/install/dwm1001_launch/share/dwm1001_launch/local_setup.dsv
-- Symlinking: /home/james/DWM1001_ws/install/dwm1001_launch/share/dwm1001_launch/package.dsv
-- Up-to-date symlink: /home/james/DWM1001_ws/install/dwm1001_launch/share/ament_index/resource_index/packages/dwm1001_launch
-- Up-to-date symlink: /home/james/DWM1001_ws/install/dwm1001_launch/share/dwm1001_launch/cmake/dwm1001_launchConfig.cmake
-- Up-to-date symlink: /home/james/DWM1001_ws/install/dwm1001_launch/share/dwm1001_launch/cmake/dwm1001_launchConfig-version.cmake
-- Up-to-date symlink: /home/james/DWM1001_ws/install/dwm1001_launch/share/dwm1001_launch/package.xml
