[0.313s] Invoking command in '/home/james/workspace/robofun-1.0/object-detection-ws/build/yolov8_msgs': CMAKE_PREFIX_PATH=${CMAKE_PREFIX_PATH}:/home/james/turtlebot3_ws/install/turtlebot3_teleop:/home/james/turtlebot3_ws/install/turtlebot3_example:/home/james/turtlebot3_ws/install/follow_waypoints:/opt/ros/humble /usr/bin/cmake --build /home/james/workspace/robofun-1.0/object-detection-ws/build/yolov8_msgs -- -j20 -l20
[0.378s] [  2%] Built target yolov8_msgs__cpp
[0.379s] [ 12%] Built target yolov8_msgs__rosidl_generator_c
[0.390s] [ 12%] Built target ament_cmake_python_symlink_yolov8_msgs
[0.416s] [ 23%] Built target yolov8_msgs__rosidl_typesupport_introspection_c
[0.419s] [ 33%] Built target yolov8_msgs__rosidl_typesupport_c
[0.421s] [ 43%] Built target yolov8_msgs__rosidl_typesupport_cpp
[0.421s] [ 53%] Built target yolov8_msgs__rosidl_typesupport_introspection_cpp
[0.422s] [ 64%] Built target yolov8_msgs__rosidl_typesupport_fastrtps_c
[0.423s] [ 74%] Built target yolov8_msgs__rosidl_typesupport_fastrtps_cpp
[0.452s] [ 74%] Built target yolov8_msgs
[0.483s] [ 76%] Built target yolov8_msgs__py
[0.523s] [ 84%] Built target yolov8_msgs__rosidl_generator_py
[0.564s] [ 89%] Built target yolov8_msgs__rosidl_typesupport_fastrtps_c__pyext
[0.572s] [ 94%] Built target yolov8_msgs__rosidl_typesupport_introspection_c__pyext
[0.573s] [100%] Built target yolov8_msgs__rosidl_typesupport_c__pyext
[0.696s] running egg_info
[0.720s] writing yolov8_msgs.egg-info/PKG-INFO
[0.721s] writing dependency_links to yolov8_msgs.egg-info/dependency_links.txt
[0.721s] writing top-level names to yolov8_msgs.egg-info/top_level.txt
[0.785s] reading manifest file 'yolov8_msgs.egg-info/SOURCES.txt'
[0.786s] writing manifest file 'yolov8_msgs.egg-info/SOURCES.txt'
[0.824s] [100%] Built target ament_cmake_python_build_yolov8_msgs_egg
[0.841s] Invoked command in '/home/james/workspace/robofun-1.0/object-detection-ws/build/yolov8_msgs' returned '0': CMAKE_PREFIX_PATH=${CMAKE_PREFIX_PATH}:/home/james/turtlebot3_ws/install/turtlebot3_teleop:/home/james/turtlebot3_ws/install/turtlebot3_example:/home/james/turtlebot3_ws/install/follow_waypoints:/opt/ros/humble /usr/bin/cmake --build /home/james/workspace/robofun-1.0/object-detection-ws/build/yolov8_msgs -- -j20 -l20
[0.977s] Invoking command in '/home/james/workspace/robofun-1.0/object-detection-ws/build/yolov8_msgs': CMAKE_PREFIX_PATH=${CMAKE_PREFIX_PATH}:/home/james/turtlebot3_ws/install/turtlebot3_teleop:/home/james/turtlebot3_ws/install/turtlebot3_example:/home/james/turtlebot3_ws/install/follow_waypoints:/opt/ros/humble /usr/bin/cmake --install /home/james/workspace/robofun-1.0/object-detection-ws/build/yolov8_msgs
[0.989s] -- Install configuration: ""
[0.990s] -- Execute custom install script
[0.991s] -- Up-to-date symlink: /home/james/workspace/robofun-1.0/object-detection-ws/install/yolov8_msgs/share/ament_index/resource_index/rosidl_interfaces/yolov8_msgs
[0.992s] -- Up-to-date symlink: /home/james/workspace/robofun-1.0/object-detection-ws/install/yolov8_msgs/include/yolov8_msgs/yolov8_msgs/msg/detail/inference_result__functions.h
[0.992s] -- Up-to-date symlink: /home/james/workspace/robofun-1.0/object-detection-ws/install/yolov8_msgs/include/yolov8_msgs/yolov8_msgs/msg/detail/inference_result__struct.h
[0.993s] -- Up-to-date symlink: /home/james/workspace/robofun-1.0/object-detection-ws/install/yolov8_msgs/include/yolov8_msgs/yolov8_msgs/msg/detail/inference_result__type_support.h
[0.993s] -- Up-to-date symlink: /home/james/workspace/robofun-1.0/object-detection-ws/install/yolov8_msgs/include/yolov8_msgs/yolov8_msgs/msg/detail/yolov8_inference__functions.h
[0.994s] -- Up-to-date symlink: /home/james/workspace/robofun-1.0/object-detection-ws/install/yolov8_msgs/include/yolov8_msgs/yolov8_msgs/msg/detail/yolov8_inference__struct.h
[0.994s] -- Up-to-date symlink: /home/james/workspace/robofun-1.0/object-detection-ws/install/yolov8_msgs/include/yolov8_msgs/yolov8_msgs/msg/detail/yolov8_inference__type_support.h
[0.994s] -- Up-to-date symlink: /home/james/workspace/robofun-1.0/object-detection-ws/install/yolov8_msgs/include/yolov8_msgs/yolov8_msgs/msg/inference_result.h
[0.995s] -- Up-to-date symlink: /home/james/workspace/robofun-1.0/object-detection-ws/install/yolov8_msgs/include/yolov8_msgs/yolov8_msgs/msg/rosidl_generator_c__visibility_control.h
[0.995s] -- Up-to-date symlink: /home/james/workspace/robofun-1.0/object-detection-ws/install/yolov8_msgs/include/yolov8_msgs/yolov8_msgs/msg/yolov8_inference.h
[0.995s] -- Up-to-date symlink: /home/james/workspace/robofun-1.0/object-detection-ws/install/yolov8_msgs/share/yolov8_msgs/environment/library_path.sh
[0.996s] -- Up-to-date symlink: /home/james/workspace/robofun-1.0/object-detection-ws/install/yolov8_msgs/share/yolov8_msgs/environment/library_path.dsv
[0.996s] -- Up-to-date symlink: /home/james/workspace/robofun-1.0/object-detection-ws/install/yolov8_msgs/include/yolov8_msgs/yolov8_msgs/msg/detail/inference_result__rosidl_typesupport_fastrtps_c.h
[0.996s] -- Up-to-date symlink: /home/james/workspace/robofun-1.0/object-detection-ws/install/yolov8_msgs/include/yolov8_msgs/yolov8_msgs/msg/detail/yolov8_inference__rosidl_typesupport_fastrtps_c.h
[0.997s] -- Up-to-date symlink: /home/james/workspace/robofun-1.0/object-detection-ws/install/yolov8_msgs/include/yolov8_msgs/yolov8_msgs/msg/rosidl_typesupport_fastrtps_c__visibility_control.h
[0.997s] -- Up-to-date symlink: /home/james/workspace/robofun-1.0/object-detection-ws/install/yolov8_msgs/include/yolov8_msgs/yolov8_msgs/msg/detail/inference_result__builder.hpp
[0.998s] -- Up-to-date symlink: /home/james/workspace/robofun-1.0/object-detection-ws/install/yolov8_msgs/include/yolov8_msgs/yolov8_msgs/msg/detail/inference_result__struct.hpp
[0.998s] -- Up-to-date symlink: /home/james/workspace/robofun-1.0/object-detection-ws/install/yolov8_msgs/include/yolov8_msgs/yolov8_msgs/msg/detail/inference_result__traits.hpp
[0.998s] -- Up-to-date symlink: /home/james/workspace/robofun-1.0/object-detection-ws/install/yolov8_msgs/include/yolov8_msgs/yolov8_msgs/msg/detail/yolov8_inference__builder.hpp
[0.998s] -- Up-to-date symlink: /home/james/workspace/robofun-1.0/object-detection-ws/install/yolov8_msgs/include/yolov8_msgs/yolov8_msgs/msg/detail/yolov8_inference__struct.hpp
[0.999s] -- Up-to-date symlink: /home/james/workspace/robofun-1.0/object-detection-ws/install/yolov8_msgs/include/yolov8_msgs/yolov8_msgs/msg/detail/yolov8_inference__traits.hpp
[0.999s] -- Up-to-date symlink: /home/james/workspace/robofun-1.0/object-detection-ws/install/yolov8_msgs/include/yolov8_msgs/yolov8_msgs/msg/inference_result.hpp
[0.999s] -- Up-to-date symlink: /home/james/workspace/robofun-1.0/object-detection-ws/install/yolov8_msgs/include/yolov8_msgs/yolov8_msgs/msg/yolov8_inference.hpp
[0.999s] -- Up-to-date symlink: /home/james/workspace/robofun-1.0/object-detection-ws/install/yolov8_msgs/include/yolov8_msgs/yolov8_msgs/msg/detail/inference_result__rosidl_typesupport_fastrtps_cpp.hpp
[0.999s] -- Up-to-date symlink: /home/james/workspace/robofun-1.0/object-detection-ws/install/yolov8_msgs/include/yolov8_msgs/yolov8_msgs/msg/detail/yolov8_inference__rosidl_typesupport_fastrtps_cpp.hpp
[1.000s] -- Up-to-date symlink: /home/james/workspace/robofun-1.0/object-detection-ws/install/yolov8_msgs/include/yolov8_msgs/yolov8_msgs/msg/rosidl_typesupport_fastrtps_cpp__visibility_control.h
[1.000s] -- Up-to-date symlink: /home/james/workspace/robofun-1.0/object-detection-ws/install/yolov8_msgs/include/yolov8_msgs/yolov8_msgs/msg/detail/inference_result__rosidl_typesupport_introspection_c.h
[1.000s] -- Up-to-date symlink: /home/james/workspace/robofun-1.0/object-detection-ws/install/yolov8_msgs/include/yolov8_msgs/yolov8_msgs/msg/detail/yolov8_inference__rosidl_typesupport_introspection_c.h
[1.000s] -- Up-to-date symlink: /home/james/workspace/robofun-1.0/object-detection-ws/install/yolov8_msgs/include/yolov8_msgs/yolov8_msgs/msg/rosidl_typesupport_introspection_c__visibility_control.h
[1.001s] -- Up-to-date symlink: /home/james/workspace/robofun-1.0/object-detection-ws/install/yolov8_msgs/include/yolov8_msgs/yolov8_msgs/msg/detail/inference_result__rosidl_typesupport_introspection_cpp.hpp
[1.001s] -- Up-to-date symlink: /home/james/workspace/robofun-1.0/object-detection-ws/install/yolov8_msgs/include/yolov8_msgs/yolov8_msgs/msg/detail/yolov8_inference__rosidl_typesupport_introspection_cpp.hpp
[1.001s] -- Up-to-date symlink: /home/james/workspace/robofun-1.0/object-detection-ws/install/yolov8_msgs/share/yolov8_msgs/environment/pythonpath.sh
[1.001s] -- Up-to-date symlink: /home/james/workspace/robofun-1.0/object-detection-ws/install/yolov8_msgs/share/yolov8_msgs/environment/pythonpath.dsv
[1.001s] -- Up-to-date symlink: /home/james/workspace/robofun-1.0/object-detection-ws/install/yolov8_msgs/local/lib/python3.10/dist-packages/yolov8_msgs-0.0.0-py3.10.egg-info/PKG-INFO
[1.002s] -- Up-to-date symlink: /home/james/workspace/robofun-1.0/object-detection-ws/install/yolov8_msgs/local/lib/python3.10/dist-packages/yolov8_msgs-0.0.0-py3.10.egg-info/SOURCES.txt
[1.002s] -- Up-to-date symlink: /home/james/workspace/robofun-1.0/object-detection-ws/install/yolov8_msgs/local/lib/python3.10/dist-packages/yolov8_msgs-0.0.0-py3.10.egg-info/dependency_links.txt
[1.002s] -- Up-to-date symlink: /home/james/workspace/robofun-1.0/object-detection-ws/install/yolov8_msgs/local/lib/python3.10/dist-packages/yolov8_msgs-0.0.0-py3.10.egg-info/top_level.txt
[1.002s] -- Up-to-date symlink: /home/james/workspace/robofun-1.0/object-detection-ws/install/yolov8_msgs/local/lib/python3.10/dist-packages/yolov8_msgs/__init__.py
[1.002s] -- Up-to-date symlink: /home/james/workspace/robofun-1.0/object-detection-ws/install/yolov8_msgs/local/lib/python3.10/dist-packages/yolov8_msgs/_yolov8_msgs_s.ep.rosidl_typesupport_c.c
[1.002s] -- Up-to-date symlink: /home/james/workspace/robofun-1.0/object-detection-ws/install/yolov8_msgs/local/lib/python3.10/dist-packages/yolov8_msgs/_yolov8_msgs_s.ep.rosidl_typesupport_fastrtps_c.c
[1.002s] -- Up-to-date symlink: /home/james/workspace/robofun-1.0/object-detection-ws/install/yolov8_msgs/local/lib/python3.10/dist-packages/yolov8_msgs/_yolov8_msgs_s.ep.rosidl_typesupport_introspection_c.c
[1.003s] -- Up-to-date symlink: /home/james/workspace/robofun-1.0/object-detection-ws/install/yolov8_msgs/local/lib/python3.10/dist-packages/yolov8_msgs/libyolov8_msgs__rosidl_generator_py.so
[1.003s] -- Up-to-date symlink: /home/james/workspace/robofun-1.0/object-detection-ws/install/yolov8_msgs/local/lib/python3.10/dist-packages/yolov8_msgs/msg/__init__.py
[1.003s] -- Up-to-date symlink: /home/james/workspace/robofun-1.0/object-detection-ws/install/yolov8_msgs/local/lib/python3.10/dist-packages/yolov8_msgs/msg/_inference_result.py
[1.003s] -- Up-to-date symlink: /home/james/workspace/robofun-1.0/object-detection-ws/install/yolov8_msgs/local/lib/python3.10/dist-packages/yolov8_msgs/msg/_inference_result_s.c
[1.003s] -- Up-to-date symlink: /home/james/workspace/robofun-1.0/object-detection-ws/install/yolov8_msgs/local/lib/python3.10/dist-packages/yolov8_msgs/msg/_yolov8_inference.py
[1.003s] -- Up-to-date symlink: /home/james/workspace/robofun-1.0/object-detection-ws/install/yolov8_msgs/local/lib/python3.10/dist-packages/yolov8_msgs/msg/_yolov8_inference_s.c
[1.003s] -- Up-to-date symlink: /home/james/workspace/robofun-1.0/object-detection-ws/install/yolov8_msgs/local/lib/python3.10/dist-packages/yolov8_msgs/yolov8_msgs_s__rosidl_typesupport_c.cpython-310-x86_64-linux-gnu.so
[1.003s] -- Up-to-date symlink: /home/james/workspace/robofun-1.0/object-detection-ws/install/yolov8_msgs/local/lib/python3.10/dist-packages/yolov8_msgs/yolov8_msgs_s__rosidl_typesupport_fastrtps_c.cpython-310-x86_64-linux-gnu.so
[1.003s] -- Up-to-date symlink: /home/james/workspace/robofun-1.0/object-detection-ws/install/yolov8_msgs/local/lib/python3.10/dist-packages/yolov8_msgs/yolov8_msgs_s__rosidl_typesupport_introspection_c.cpython-310-x86_64-linux-gnu.so
[1.004s] -- Up-to-date symlink: /home/james/workspace/robofun-1.0/object-detection-ws/install/yolov8_msgs/local/lib/python3.10/dist-packages/yolov8_msgs/yolov8_msgs_s__rosidl_typesupport_fastrtps_c.cpython-310-x86_64-linux-gnu.so
[1.004s] -- Up-to-date symlink: /home/james/workspace/robofun-1.0/object-detection-ws/install/yolov8_msgs/local/lib/python3.10/dist-packages/yolov8_msgs/yolov8_msgs_s__rosidl_typesupport_introspection_c.cpython-310-x86_64-linux-gnu.so
[1.004s] -- Up-to-date symlink: /home/james/workspace/robofun-1.0/object-detection-ws/install/yolov8_msgs/local/lib/python3.10/dist-packages/yolov8_msgs/yolov8_msgs_s__rosidl_typesupport_c.cpython-310-x86_64-linux-gnu.so
[1.004s] -- Up-to-date symlink: /home/james/workspace/robofun-1.0/object-detection-ws/install/yolov8_msgs/share/yolov8_msgs/msg/InferenceResult.idl
[1.004s] -- Up-to-date symlink: /home/james/workspace/robofun-1.0/object-detection-ws/install/yolov8_msgs/share/yolov8_msgs/msg/Yolov8Inference.idl
[1.004s] -- Up-to-date symlink: /home/james/workspace/robofun-1.0/object-detection-ws/install/yolov8_msgs/share/yolov8_msgs/msg/InferenceResult.msg
[1.004s] -- Up-to-date symlink: /home/james/workspace/robofun-1.0/object-detection-ws/install/yolov8_msgs/share/yolov8_msgs/msg/Yolov8Inference.msg
[1.004s] -- Up-to-date symlink: /home/james/workspace/robofun-1.0/object-detection-ws/install/yolov8_msgs/share/ament_index/resource_index/package_run_dependencies/yolov8_msgs
[1.004s] -- Up-to-date symlink: /home/james/workspace/robofun-1.0/object-detection-ws/install/yolov8_msgs/share/ament_index/resource_index/parent_prefix_path/yolov8_msgs
[1.004s] -- Up-to-date symlink: /home/james/workspace/robofun-1.0/object-detection-ws/install/yolov8_msgs/share/yolov8_msgs/environment/ament_prefix_path.sh
[1.005s] -- Up-to-date symlink: /home/james/workspace/robofun-1.0/object-detection-ws/install/yolov8_msgs/share/yolov8_msgs/environment/ament_prefix_path.dsv
[1.005s] -- Up-to-date symlink: /home/james/workspace/robofun-1.0/object-detection-ws/install/yolov8_msgs/share/yolov8_msgs/environment/path.sh
[1.005s] -- Up-to-date symlink: /home/james/workspace/robofun-1.0/object-detection-ws/install/yolov8_msgs/share/yolov8_msgs/environment/path.dsv
[1.005s] -- Up-to-date symlink: /home/james/workspace/robofun-1.0/object-detection-ws/install/yolov8_msgs/share/yolov8_msgs/local_setup.bash
[1.005s] -- Up-to-date symlink: /home/james/workspace/robofun-1.0/object-detection-ws/install/yolov8_msgs/share/yolov8_msgs/local_setup.sh
[1.005s] -- Up-to-date symlink: /home/james/workspace/robofun-1.0/object-detection-ws/install/yolov8_msgs/share/yolov8_msgs/local_setup.zsh
[1.005s] -- Up-to-date symlink: /home/james/workspace/robofun-1.0/object-detection-ws/install/yolov8_msgs/share/yolov8_msgs/local_setup.dsv
[1.005s] -- Symlinking: /home/james/workspace/robofun-1.0/object-detection-ws/install/yolov8_msgs/share/yolov8_msgs/package.dsv
[1.021s] -- Up-to-date symlink: /home/james/workspace/robofun-1.0/object-detection-ws/install/yolov8_msgs/share/ament_index/resource_index/packages/yolov8_msgs
[1.021s] -- Up-to-date symlink: /home/james/workspace/robofun-1.0/object-detection-ws/install/yolov8_msgs/share/yolov8_msgs/cmake/rosidl_cmake-extras.cmake
[1.021s] -- Up-to-date symlink: /home/james/workspace/robofun-1.0/object-detection-ws/install/yolov8_msgs/share/yolov8_msgs/cmake/ament_cmake_export_dependencies-extras.cmake
[1.021s] -- Up-to-date symlink: /home/james/workspace/robofun-1.0/object-detection-ws/install/yolov8_msgs/share/yolov8_msgs/cmake/ament_cmake_export_include_directories-extras.cmake
[1.021s] -- Up-to-date symlink: /home/james/workspace/robofun-1.0/object-detection-ws/install/yolov8_msgs/share/yolov8_msgs/cmake/ament_cmake_export_libraries-extras.cmake
[1.021s] -- Up-to-date symlink: /home/james/workspace/robofun-1.0/object-detection-ws/install/yolov8_msgs/share/yolov8_msgs/cmake/ament_cmake_export_targets-extras.cmake
[1.022s] -- Up-to-date symlink: /home/james/workspace/robofun-1.0/object-detection-ws/install/yolov8_msgs/share/yolov8_msgs/cmake/rosidl_cmake_export_typesupport_targets-extras.cmake
[1.022s] -- Up-to-date symlink: /home/james/workspace/robofun-1.0/object-detection-ws/install/yolov8_msgs/share/yolov8_msgs/cmake/rosidl_cmake_export_typesupport_libraries-extras.cmake
[1.022s] -- Up-to-date symlink: /home/james/workspace/robofun-1.0/object-detection-ws/install/yolov8_msgs/share/yolov8_msgs/cmake/yolov8_msgsConfig.cmake
[1.022s] -- Up-to-date symlink: /home/james/workspace/robofun-1.0/object-detection-ws/install/yolov8_msgs/share/yolov8_msgs/cmake/yolov8_msgsConfig-version.cmake
[1.022s] -- Up-to-date symlink: /home/james/workspace/robofun-1.0/object-detection-ws/install/yolov8_msgs/share/yolov8_msgs/package.xml
[1.023s] -- Up-to-date: /home/james/workspace/robofun-1.0/object-detection-ws/install/yolov8_msgs/lib/libyolov8_msgs__rosidl_generator_c.so
[1.024s] -- Up-to-date: /home/james/workspace/robofun-1.0/object-detection-ws/install/yolov8_msgs/lib/libyolov8_msgs__rosidl_typesupport_fastrtps_c.so
[1.025s] -- Up-to-date: /home/james/workspace/robofun-1.0/object-detection-ws/install/yolov8_msgs/lib/libyolov8_msgs__rosidl_typesupport_fastrtps_cpp.so
[1.026s] -- Up-to-date: /home/james/workspace/robofun-1.0/object-detection-ws/install/yolov8_msgs/lib/libyolov8_msgs__rosidl_typesupport_introspection_c.so
[1.027s] -- Up-to-date: /home/james/workspace/robofun-1.0/object-detection-ws/install/yolov8_msgs/lib/libyolov8_msgs__rosidl_typesupport_c.so
[1.027s] -- Up-to-date: /home/james/workspace/robofun-1.0/object-detection-ws/install/yolov8_msgs/lib/libyolov8_msgs__rosidl_typesupport_introspection_cpp.so
[1.028s] -- Up-to-date: /home/james/workspace/robofun-1.0/object-detection-ws/install/yolov8_msgs/lib/libyolov8_msgs__rosidl_typesupport_cpp.so
[1.076s] Listing '/home/james/workspace/robofun-1.0/object-detection-ws/install/yolov8_msgs/local/lib/python3.10/dist-packages/yolov8_msgs'...
[1.076s] Listing '/home/james/workspace/robofun-1.0/object-detection-ws/install/yolov8_msgs/local/lib/python3.10/dist-packages/yolov8_msgs/msg'...
[1.083s] -- Up-to-date: /home/james/workspace/robofun-1.0/object-detection-ws/install/yolov8_msgs/lib/libyolov8_msgs__rosidl_generator_py.so
[1.083s] -- Up-to-date: /home/james/workspace/robofun-1.0/object-detection-ws/install/yolov8_msgs/share/yolov8_msgs/cmake/export_yolov8_msgs__rosidl_generator_cExport.cmake
[1.083s] -- Up-to-date: /home/james/workspace/robofun-1.0/object-detection-ws/install/yolov8_msgs/share/yolov8_msgs/cmake/export_yolov8_msgs__rosidl_generator_cExport-noconfig.cmake
[1.084s] -- Up-to-date: /home/james/workspace/robofun-1.0/object-detection-ws/install/yolov8_msgs/share/yolov8_msgs/cmake/export_yolov8_msgs__rosidl_typesupport_fastrtps_cExport.cmake
[1.084s] -- Up-to-date: /home/james/workspace/robofun-1.0/object-detection-ws/install/yolov8_msgs/share/yolov8_msgs/cmake/export_yolov8_msgs__rosidl_typesupport_fastrtps_cExport-noconfig.cmake
[1.084s] -- Up-to-date: /home/james/workspace/robofun-1.0/object-detection-ws/install/yolov8_msgs/share/yolov8_msgs/cmake/export_yolov8_msgs__rosidl_generator_cppExport.cmake
[1.085s] -- Up-to-date: /home/james/workspace/robofun-1.0/object-detection-ws/install/yolov8_msgs/share/yolov8_msgs/cmake/export_yolov8_msgs__rosidl_typesupport_fastrtps_cppExport.cmake
[1.085s] -- Up-to-date: /home/james/workspace/robofun-1.0/object-detection-ws/install/yolov8_msgs/share/yolov8_msgs/cmake/export_yolov8_msgs__rosidl_typesupport_fastrtps_cppExport-noconfig.cmake
[1.085s] -- Up-to-date: /home/james/workspace/robofun-1.0/object-detection-ws/install/yolov8_msgs/share/yolov8_msgs/cmake/yolov8_msgs__rosidl_typesupport_introspection_cExport.cmake
[1.085s] -- Up-to-date: /home/james/workspace/robofun-1.0/object-detection-ws/install/yolov8_msgs/share/yolov8_msgs/cmake/yolov8_msgs__rosidl_typesupport_introspection_cExport-noconfig.cmake
[1.086s] -- Up-to-date: /home/james/workspace/robofun-1.0/object-detection-ws/install/yolov8_msgs/share/yolov8_msgs/cmake/yolov8_msgs__rosidl_typesupport_cExport.cmake
[1.086s] -- Up-to-date: /home/james/workspace/robofun-1.0/object-detection-ws/install/yolov8_msgs/share/yolov8_msgs/cmake/yolov8_msgs__rosidl_typesupport_cExport-noconfig.cmake
[1.087s] -- Up-to-date: /home/james/workspace/robofun-1.0/object-detection-ws/install/yolov8_msgs/share/yolov8_msgs/cmake/yolov8_msgs__rosidl_typesupport_introspection_cppExport.cmake
[1.089s] -- Up-to-date: /home/james/workspace/robofun-1.0/object-detection-ws/install/yolov8_msgs/share/yolov8_msgs/cmake/yolov8_msgs__rosidl_typesupport_introspection_cppExport-noconfig.cmake
[1.089s] -- Up-to-date: /home/james/workspace/robofun-1.0/object-detection-ws/install/yolov8_msgs/share/yolov8_msgs/cmake/yolov8_msgs__rosidl_typesupport_cppExport.cmake
[1.089s] -- Up-to-date: /home/james/workspace/robofun-1.0/object-detection-ws/install/yolov8_msgs/share/yolov8_msgs/cmake/yolov8_msgs__rosidl_typesupport_cppExport-noconfig.cmake
[1.089s] -- Up-to-date: /home/james/workspace/robofun-1.0/object-detection-ws/install/yolov8_msgs/share/yolov8_msgs/cmake/export_yolov8_msgs__rosidl_generator_pyExport.cmake
[1.089s] -- Up-to-date: /home/james/workspace/robofun-1.0/object-detection-ws/install/yolov8_msgs/share/yolov8_msgs/cmake/export_yolov8_msgs__rosidl_generator_pyExport-noconfig.cmake
[1.094s] Invoked command in '/home/james/workspace/robofun-1.0/object-detection-ws/build/yolov8_msgs' returned '0': CMAKE_PREFIX_PATH=${CMAKE_PREFIX_PATH}:/home/james/turtlebot3_ws/install/turtlebot3_teleop:/home/james/turtlebot3_ws/install/turtlebot3_example:/home/james/turtlebot3_ws/install/follow_waypoints:/opt/ros/humble /usr/bin/cmake --install /home/james/workspace/robofun-1.0/object-detection-ws/build/yolov8_msgs
