[0.306s] Invoking command in '/home/james/workspace/robofun-1.0/object-detection-ws/build/yolov8_msgs': CMAKE_PREFIX_PATH=${CMAKE_PREFIX_PATH}:/home/james/turtlebot3_ws/install/turtlebot3_teleop:/home/james/turtlebot3_ws/install/turtlebot3_example:/home/james/turtlebot3_ws/install/follow_waypoints:/opt/ros/humble /usr/bin/cmake /home/james/workspace/robofun-1.0/object-detection-ws/src/yolov8_msgs -DAMENT_CMAKE_SYMLINK_INSTALL=1 -DCMAKE_INSTALL_PREFIX=/home/james/workspace/robofun-1.0/object-detection-ws/install/yolov8_msgs
[0.437s] -- The C compiler identification is GNU 11.4.0
[0.545s] -- The CXX compiler identification is GNU 11.4.0
[0.560s] -- Detecting C compiler ABI info
[0.628s] -- Detecting C compiler ABI info - done
[0.635s] -- Check for working C compiler: /usr/lib/ccache/cc - skipped
[0.636s] -- Detecting C compile features
[0.637s] -- Detecting C compile features - done
[0.643s] -- Detecting CXX compiler ABI info
[0.725s] -- Detecting CXX compiler ABI info - done
[0.734s] -- Check for working CXX compiler: /usr/lib/ccache/c++ - skipped
[0.734s] -- Detecting CXX compile features
[0.734s] -- Detecting CXX compile features - done
[0.738s] -- Found ament_cmake: 1.3.10 (/opt/ros/humble/share/ament_cmake/cmake)
[1.117s] -- Found Python3: /usr/bin/python3 (found version "3.10.12") found components: Interpreter 
[1.186s] -- Override CMake install command with custom implementation using symlinks instead of copying resources
[1.240s] -- Found std_msgs: 4.2.4 (/opt/ros/humble/share/std_msgs/cmake)
[1.291s] -- Found rosidl_generator_c: 3.1.5 (/opt/ros/humble/share/rosidl_generator_c/cmake)
[1.298s] -- Found rosidl_adapter: 3.1.5 (/opt/ros/humble/share/rosidl_adapter/cmake)
[1.309s] -- Found rosidl_generator_cpp: 3.1.5 (/opt/ros/humble/share/rosidl_generator_cpp/cmake)
[1.327s] -- Using all available rosidl_typesupport_c: rosidl_typesupport_fastrtps_c;rosidl_typesupport_introspection_c
[1.345s] -- Using all available rosidl_typesupport_cpp: rosidl_typesupport_fastrtps_cpp;rosidl_typesupport_introspection_cpp
[1.379s] -- Found rosidl_default_generators: 1.2.0 (/opt/ros/humble/share/rosidl_default_generators/cmake)
[1.658s] -- Found ament_cmake_ros: 0.10.0 (/opt/ros/humble/share/ament_cmake_ros/cmake)
[1.975s] -- Using all available rosidl_typesupport_c: rosidl_typesupport_fastrtps_c;rosidl_typesupport_introspection_c
[2.092s] -- Using all available rosidl_typesupport_cpp: rosidl_typesupport_fastrtps_cpp;rosidl_typesupport_introspection_cpp
[2.112s] -- Found PythonInterp: /usr/bin/python3 (found suitable version "3.10.12", minimum required is "3.6") 
[2.115s] -- Found python_cmake_module: 0.10.0 (/opt/ros/humble/share/python_cmake_module/cmake)
[2.139s] -- Found PythonLibs: /usr/lib/x86_64-linux-gnu/libpython3.10.so (found suitable version "3.10.12", minimum required is "3.5") 
[2.139s] -- Using PYTHON_EXECUTABLE: /usr/bin/python3
[2.139s] -- Using PYTHON_INCLUDE_DIRS: /usr/include/python3.10
[2.140s] -- Using PYTHON_LIBRARIES: /usr/lib/x86_64-linux-gnu/libpython3.10.so
[2.160s] -- Found PythonExtra: .so  
[2.211s] -- Found ament_lint_auto: 0.12.11 (/opt/ros/humble/share/ament_lint_auto/cmake)
[2.234s] -- Added test 'copyright' to check source files copyright and LICENSE
[2.235s] -- Added test 'lint_cmake' to check CMake code style
[2.236s] -- Added test 'xmllint' to check XML markup files
[2.238s] -- Configuring done
[2.258s] -- Generating done
[2.260s] -- Build files have been written to: /home/james/workspace/robofun-1.0/object-detection-ws/build/yolov8_msgs
[2.265s] Invoked command in '/home/james/workspace/robofun-1.0/object-detection-ws/build/yolov8_msgs' returned '0': CMAKE_PREFIX_PATH=${CMAKE_PREFIX_PATH}:/home/james/turtlebot3_ws/install/turtlebot3_teleop:/home/james/turtlebot3_ws/install/turtlebot3_example:/home/james/turtlebot3_ws/install/follow_waypoints:/opt/ros/humble /usr/bin/cmake /home/james/workspace/robofun-1.0/object-detection-ws/src/yolov8_msgs -DAMENT_CMAKE_SYMLINK_INSTALL=1 -DCMAKE_INSTALL_PREFIX=/home/james/workspace/robofun-1.0/object-detection-ws/install/yolov8_msgs
[2.266s] Invoking command in '/home/james/workspace/robofun-1.0/object-detection-ws/build/yolov8_msgs': CMAKE_PREFIX_PATH=${CMAKE_PREFIX_PATH}:/home/james/turtlebot3_ws/install/turtlebot3_teleop:/home/james/turtlebot3_ws/install/turtlebot3_example:/home/james/turtlebot3_ws/install/follow_waypoints:/opt/ros/humble /usr/bin/cmake --build /home/james/workspace/robofun-1.0/object-detection-ws/build/yolov8_msgs -- -j20 -l20
[2.302s] [  2%] [34m[1mGenerating C code for ROS interfaces[0m
[2.318s] [  5%] [34m[1mGenerating C++ code for ROS interfaces[0m
[2.321s] [  5%] Built target ament_cmake_python_symlink_yolov8_msgs
[2.556s] running egg_info
[2.557s] creating yolov8_msgs.egg-info
[2.573s] writing yolov8_msgs.egg-info/PKG-INFO
[2.573s] writing dependency_links to yolov8_msgs.egg-info/dependency_links.txt
[2.573s] writing top-level names to yolov8_msgs.egg-info/top_level.txt
[2.574s] writing manifest file 'yolov8_msgs.egg-info/SOURCES.txt'
[2.609s] [  5%] Built target yolov8_msgs__cpp
[2.612s] [  7%] [32mBuilding C object CMakeFiles/yolov8_msgs__rosidl_generator_c.dir/rosidl_generator_c/yolov8_msgs/msg/detail/yolov8_inference__functions.c.o[0m
[2.613s] [ 10%] [32mBuilding C object CMakeFiles/yolov8_msgs__rosidl_generator_c.dir/rosidl_generator_c/yolov8_msgs/msg/detail/inference_result__functions.c.o[0m
[2.622s] [ 12%] [34m[1mGenerating C++ type support dispatch for ROS interfaces[0m
[2.622s] [ 15%] [34m[1mGenerating C++ type support for eProsima Fast-RTPS[0m
[2.627s] [ 17%] [34m[1mGenerating C++ introspection for ROS interfaces[0m
[2.636s] reading manifest file 'yolov8_msgs.egg-info/SOURCES.txt'
[2.637s] writing manifest file 'yolov8_msgs.egg-info/SOURCES.txt'
[2.673s] [ 17%] Built target ament_cmake_python_build_yolov8_msgs_egg
[2.739s] [ 20%] [32m[1mLinking C shared library libyolov8_msgs__rosidl_generator_c.so[0m
[2.798s] [ 20%] Built target yolov8_msgs__rosidl_generator_c
[2.811s] [ 25%] [34m[1mGenerating C introspection for ROS interfaces[0m
[2.812s] [ 25%] [34m[1mGenerating C type support dispatch for ROS interfaces[0m
[2.815s] [ 28%] [34m[1mGenerating C type support for eProsima Fast-RTPS[0m
[2.932s] [ 30%] [32mBuilding CXX object CMakeFiles/yolov8_msgs__rosidl_typesupport_cpp.dir/rosidl_typesupport_cpp/yolov8_msgs/msg/yolov8_inference__type_support.cpp.o[0m
[2.935s] [ 33%] [32mBuilding CXX object CMakeFiles/yolov8_msgs__rosidl_typesupport_cpp.dir/rosidl_typesupport_cpp/yolov8_msgs/msg/inference_result__type_support.cpp.o[0m
[2.976s] [ 35%] [32mBuilding CXX object CMakeFiles/yolov8_msgs__rosidl_typesupport_fastrtps_cpp.dir/rosidl_typesupport_fastrtps_cpp/yolov8_msgs/msg/detail/dds_fastrtps/inference_result__type_support.cpp.o[0m
[2.981s] [ 38%] [32mBuilding CXX object CMakeFiles/yolov8_msgs__rosidl_typesupport_fastrtps_cpp.dir/rosidl_typesupport_fastrtps_cpp/yolov8_msgs/msg/detail/dds_fastrtps/yolov8_inference__type_support.cpp.o[0m
[3.056s] [ 41%] [32mBuilding CXX object CMakeFiles/yolov8_msgs__rosidl_typesupport_introspection_cpp.dir/rosidl_typesupport_introspection_cpp/yolov8_msgs/msg/detail/inference_result__type_support.cpp.o[0m
[3.061s] [ 43%] [32mBuilding CXX object CMakeFiles/yolov8_msgs__rosidl_typesupport_introspection_cpp.dir/rosidl_typesupport_introspection_cpp/yolov8_msgs/msg/detail/yolov8_inference__type_support.cpp.o[0m
[3.172s] [ 46%] [32mBuilding C object CMakeFiles/yolov8_msgs__rosidl_typesupport_introspection_c.dir/rosidl_typesupport_introspection_c/yolov8_msgs/msg/detail/inference_result__type_support.c.o[0m
[3.172s] [ 48%] [32mBuilding C object CMakeFiles/yolov8_msgs__rosidl_typesupport_introspection_c.dir/rosidl_typesupport_introspection_c/yolov8_msgs/msg/detail/yolov8_inference__type_support.c.o[0m
[3.267s] [ 51%] [32m[1mLinking C shared library libyolov8_msgs__rosidl_typesupport_introspection_c.so[0m
[3.308s] [ 56%] [32mBuilding CXX object CMakeFiles/yolov8_msgs__rosidl_typesupport_c.dir/rosidl_typesupport_c/yolov8_msgs/msg/yolov8_inference__type_support.cpp.o[0m
[3.308s] [ 56%] [32mBuilding CXX object CMakeFiles/yolov8_msgs__rosidl_typesupport_c.dir/rosidl_typesupport_c/yolov8_msgs/msg/inference_result__type_support.cpp.o[0m
[3.314s] [ 58%] [32mBuilding CXX object CMakeFiles/yolov8_msgs__rosidl_typesupport_fastrtps_c.dir/rosidl_typesupport_fastrtps_c/yolov8_msgs/msg/detail/inference_result__type_support_c.cpp.o[0m
[3.315s] [ 61%] [32mBuilding CXX object CMakeFiles/yolov8_msgs__rosidl_typesupport_fastrtps_c.dir/rosidl_typesupport_fastrtps_c/yolov8_msgs/msg/detail/yolov8_inference__type_support_c.cpp.o[0m
[3.329s] [ 61%] Built target yolov8_msgs__rosidl_typesupport_introspection_c
[3.384s] [ 64%] [32m[1mLinking CXX shared library libyolov8_msgs__rosidl_typesupport_c.so[0m
[3.467s] [ 64%] Built target yolov8_msgs__rosidl_typesupport_c
[3.605s] [ 66%] [32m[1mLinking CXX shared library libyolov8_msgs__rosidl_typesupport_cpp.so[0m
[3.694s] [ 66%] Built target yolov8_msgs__rosidl_typesupport_cpp
[3.914s] [ 69%] [32m[1mLinking CXX shared library libyolov8_msgs__rosidl_typesupport_fastrtps_cpp.so[0m
[4.003s] [ 71%] [32m[1mLinking CXX shared library libyolov8_msgs__rosidl_typesupport_introspection_cpp.so[0m
[4.004s] [ 71%] Built target yolov8_msgs__rosidl_typesupport_fastrtps_cpp
[4.024s] [ 74%] [32m[1mLinking CXX shared library libyolov8_msgs__rosidl_typesupport_fastrtps_c.so[0m
[4.084s] [ 74%] Built target yolov8_msgs__rosidl_typesupport_introspection_cpp
[4.111s] [ 74%] Built target yolov8_msgs__rosidl_typesupport_fastrtps_c
[4.133s] [ 74%] Built target yolov8_msgs
[4.154s] [ 76%] [34m[1mGenerating Python code for ROS interfaces[0m
[4.413s] [ 76%] Built target yolov8_msgs__py
[4.433s] [ 79%] [32mBuilding C object CMakeFiles/yolov8_msgs__rosidl_generator_py.dir/rosidl_generator_py/yolov8_msgs/msg/_yolov8_inference_s.c.o[0m
[4.435s] [ 82%] [32mBuilding C object CMakeFiles/yolov8_msgs__rosidl_generator_py.dir/rosidl_generator_py/yolov8_msgs/msg/_inference_result_s.c.o[0m
[4.584s] [ 84%] [32m[1mLinking C shared library rosidl_generator_py/yolov8_msgs/libyolov8_msgs__rosidl_generator_py.so[0m
[4.631s] [ 84%] Built target yolov8_msgs__rosidl_generator_py
[4.654s] [ 87%] [32mBuilding C object CMakeFiles/yolov8_msgs__rosidl_typesupport_fastrtps_c__pyext.dir/rosidl_generator_py/yolov8_msgs/_yolov8_msgs_s.ep.rosidl_typesupport_fastrtps_c.c.o[0m
[4.655s] [ 89%] [32mBuilding C object CMakeFiles/yolov8_msgs__rosidl_typesupport_introspection_c__pyext.dir/rosidl_generator_py/yolov8_msgs/_yolov8_msgs_s.ep.rosidl_typesupport_introspection_c.c.o[0m
[4.655s] [ 92%] [32mBuilding C object CMakeFiles/yolov8_msgs__rosidl_typesupport_c__pyext.dir/rosidl_generator_py/yolov8_msgs/_yolov8_msgs_s.ep.rosidl_typesupport_c.c.o[0m
[4.805s] [ 94%] [32m[1mLinking C shared library rosidl_generator_py/yolov8_msgs/yolov8_msgs_s__rosidl_typesupport_introspection_c.cpython-310-x86_64-linux-gnu.so[0m
[4.809s] [ 97%] [32m[1mLinking C shared library rosidl_generator_py/yolov8_msgs/yolov8_msgs_s__rosidl_typesupport_c.cpython-310-x86_64-linux-gnu.so[0m
[4.823s] [100%] [32m[1mLinking C shared library rosidl_generator_py/yolov8_msgs/yolov8_msgs_s__rosidl_typesupport_fastrtps_c.cpython-310-x86_64-linux-gnu.so[0m
[4.853s] [100%] Built target yolov8_msgs__rosidl_typesupport_c__pyext
[4.854s] [100%] Built target yolov8_msgs__rosidl_typesupport_introspection_c__pyext
[4.868s] [100%] Built target yolov8_msgs__rosidl_typesupport_fastrtps_c__pyext
[4.879s] Invoked command in '/home/james/workspace/robofun-1.0/object-detection-ws/build/yolov8_msgs' returned '0': CMAKE_PREFIX_PATH=${CMAKE_PREFIX_PATH}:/home/james/turtlebot3_ws/install/turtlebot3_teleop:/home/james/turtlebot3_ws/install/turtlebot3_example:/home/james/turtlebot3_ws/install/follow_waypoints:/opt/ros/humble /usr/bin/cmake --build /home/james/workspace/robofun-1.0/object-detection-ws/build/yolov8_msgs -- -j20 -l20
[4.974s] Invoking command in '/home/james/workspace/robofun-1.0/object-detection-ws/build/yolov8_msgs': CMAKE_PREFIX_PATH=${CMAKE_PREFIX_PATH}:/home/james/turtlebot3_ws/install/turtlebot3_teleop:/home/james/turtlebot3_ws/install/turtlebot3_example:/home/james/turtlebot3_ws/install/follow_waypoints:/opt/ros/humble /usr/bin/cmake --install /home/james/workspace/robofun-1.0/object-detection-ws/build/yolov8_msgs
[4.982s] -- Install configuration: ""
[4.983s] -- Execute custom install script
[4.983s] -- Symlinking: /home/james/workspace/robofun-1.0/object-detection-ws/install/yolov8_msgs/share/ament_index/resource_index/rosidl_interfaces/yolov8_msgs
[4.991s] -- Symlinking: /home/james/workspace/robofun-1.0/object-detection-ws/install/yolov8_msgs/include/yolov8_msgs/yolov8_msgs/msg/detail/inference_result__functions.h
[5.001s] -- Symlinking: /home/james/workspace/robofun-1.0/object-detection-ws/install/yolov8_msgs/include/yolov8_msgs/yolov8_msgs/msg/detail/inference_result__struct.h
[5.009s] -- Symlinking: /home/james/workspace/robofun-1.0/object-detection-ws/install/yolov8_msgs/include/yolov8_msgs/yolov8_msgs/msg/detail/inference_result__type_support.h
[5.017s] -- Symlinking: /home/james/workspace/robofun-1.0/object-detection-ws/install/yolov8_msgs/include/yolov8_msgs/yolov8_msgs/msg/detail/yolov8_inference__functions.h
[5.026s] -- Symlinking: /home/james/workspace/robofun-1.0/object-detection-ws/install/yolov8_msgs/include/yolov8_msgs/yolov8_msgs/msg/detail/yolov8_inference__struct.h
[5.035s] -- Symlinking: /home/james/workspace/robofun-1.0/object-detection-ws/install/yolov8_msgs/include/yolov8_msgs/yolov8_msgs/msg/detail/yolov8_inference__type_support.h
[5.045s] -- Symlinking: /home/james/workspace/robofun-1.0/object-detection-ws/install/yolov8_msgs/include/yolov8_msgs/yolov8_msgs/msg/inference_result.h
[5.055s] -- Symlinking: /home/james/workspace/robofun-1.0/object-detection-ws/install/yolov8_msgs/include/yolov8_msgs/yolov8_msgs/msg/rosidl_generator_c__visibility_control.h
[5.063s] -- Symlinking: /home/james/workspace/robofun-1.0/object-detection-ws/install/yolov8_msgs/include/yolov8_msgs/yolov8_msgs/msg/yolov8_inference.h
[5.074s] -- Symlinking: /home/james/workspace/robofun-1.0/object-detection-ws/install/yolov8_msgs/share/yolov8_msgs/environment/library_path.sh
[5.082s] -- Symlinking: /home/james/workspace/robofun-1.0/object-detection-ws/install/yolov8_msgs/share/yolov8_msgs/environment/library_path.dsv
[5.091s] -- Symlinking: /home/james/workspace/robofun-1.0/object-detection-ws/install/yolov8_msgs/include/yolov8_msgs/yolov8_msgs/msg/detail/inference_result__rosidl_typesupport_fastrtps_c.h
[5.100s] -- Symlinking: /home/james/workspace/robofun-1.0/object-detection-ws/install/yolov8_msgs/include/yolov8_msgs/yolov8_msgs/msg/detail/yolov8_inference__rosidl_typesupport_fastrtps_c.h
[5.111s] -- Symlinking: /home/james/workspace/robofun-1.0/object-detection-ws/install/yolov8_msgs/include/yolov8_msgs/yolov8_msgs/msg/rosidl_typesupport_fastrtps_c__visibility_control.h
[5.123s] -- Symlinking: /home/james/workspace/robofun-1.0/object-detection-ws/install/yolov8_msgs/include/yolov8_msgs/yolov8_msgs/msg/detail/inference_result__builder.hpp
[5.130s] -- Symlinking: /home/james/workspace/robofun-1.0/object-detection-ws/install/yolov8_msgs/include/yolov8_msgs/yolov8_msgs/msg/detail/inference_result__struct.hpp
[5.140s] -- Symlinking: /home/james/workspace/robofun-1.0/object-detection-ws/install/yolov8_msgs/include/yolov8_msgs/yolov8_msgs/msg/detail/inference_result__traits.hpp
[5.150s] -- Symlinking: /home/james/workspace/robofun-1.0/object-detection-ws/install/yolov8_msgs/include/yolov8_msgs/yolov8_msgs/msg/detail/yolov8_inference__builder.hpp
[5.156s] -- Symlinking: /home/james/workspace/robofun-1.0/object-detection-ws/install/yolov8_msgs/include/yolov8_msgs/yolov8_msgs/msg/detail/yolov8_inference__struct.hpp
[5.165s] -- Symlinking: /home/james/workspace/robofun-1.0/object-detection-ws/install/yolov8_msgs/include/yolov8_msgs/yolov8_msgs/msg/detail/yolov8_inference__traits.hpp
[5.173s] -- Symlinking: /home/james/workspace/robofun-1.0/object-detection-ws/install/yolov8_msgs/include/yolov8_msgs/yolov8_msgs/msg/inference_result.hpp
[5.180s] -- Symlinking: /home/james/workspace/robofun-1.0/object-detection-ws/install/yolov8_msgs/include/yolov8_msgs/yolov8_msgs/msg/yolov8_inference.hpp
[5.191s] -- Symlinking: /home/james/workspace/robofun-1.0/object-detection-ws/install/yolov8_msgs/include/yolov8_msgs/yolov8_msgs/msg/detail/inference_result__rosidl_typesupport_fastrtps_cpp.hpp
[5.199s] -- Symlinking: /home/james/workspace/robofun-1.0/object-detection-ws/install/yolov8_msgs/include/yolov8_msgs/yolov8_msgs/msg/detail/yolov8_inference__rosidl_typesupport_fastrtps_cpp.hpp
[5.208s] -- Symlinking: /home/james/workspace/robofun-1.0/object-detection-ws/install/yolov8_msgs/include/yolov8_msgs/yolov8_msgs/msg/rosidl_typesupport_fastrtps_cpp__visibility_control.h
[5.215s] -- Symlinking: /home/james/workspace/robofun-1.0/object-detection-ws/install/yolov8_msgs/include/yolov8_msgs/yolov8_msgs/msg/detail/inference_result__rosidl_typesupport_introspection_c.h
[5.222s] -- Symlinking: /home/james/workspace/robofun-1.0/object-detection-ws/install/yolov8_msgs/include/yolov8_msgs/yolov8_msgs/msg/detail/yolov8_inference__rosidl_typesupport_introspection_c.h
[5.230s] -- Symlinking: /home/james/workspace/robofun-1.0/object-detection-ws/install/yolov8_msgs/include/yolov8_msgs/yolov8_msgs/msg/rosidl_typesupport_introspection_c__visibility_control.h
[5.239s] -- Symlinking: /home/james/workspace/robofun-1.0/object-detection-ws/install/yolov8_msgs/include/yolov8_msgs/yolov8_msgs/msg/detail/inference_result__rosidl_typesupport_introspection_cpp.hpp
[5.249s] -- Symlinking: /home/james/workspace/robofun-1.0/object-detection-ws/install/yolov8_msgs/include/yolov8_msgs/yolov8_msgs/msg/detail/yolov8_inference__rosidl_typesupport_introspection_cpp.hpp
[5.257s] -- Symlinking: /home/james/workspace/robofun-1.0/object-detection-ws/install/yolov8_msgs/share/yolov8_msgs/environment/pythonpath.sh
[5.264s] -- Symlinking: /home/james/workspace/robofun-1.0/object-detection-ws/install/yolov8_msgs/share/yolov8_msgs/environment/pythonpath.dsv
[5.270s] -- Symlinking: /home/james/workspace/robofun-1.0/object-detection-ws/install/yolov8_msgs/local/lib/python3.10/dist-packages/yolov8_msgs-0.0.0-py3.10.egg-info/PKG-INFO
[5.279s] -- Symlinking: /home/james/workspace/robofun-1.0/object-detection-ws/install/yolov8_msgs/local/lib/python3.10/dist-packages/yolov8_msgs-0.0.0-py3.10.egg-info/SOURCES.txt
[5.286s] -- Symlinking: /home/james/workspace/robofun-1.0/object-detection-ws/install/yolov8_msgs/local/lib/python3.10/dist-packages/yolov8_msgs-0.0.0-py3.10.egg-info/dependency_links.txt
[5.293s] -- Symlinking: /home/james/workspace/robofun-1.0/object-detection-ws/install/yolov8_msgs/local/lib/python3.10/dist-packages/yolov8_msgs-0.0.0-py3.10.egg-info/top_level.txt
[5.300s] -- Symlinking: /home/james/workspace/robofun-1.0/object-detection-ws/install/yolov8_msgs/local/lib/python3.10/dist-packages/yolov8_msgs/__init__.py
[5.306s] -- Symlinking: /home/james/workspace/robofun-1.0/object-detection-ws/install/yolov8_msgs/local/lib/python3.10/dist-packages/yolov8_msgs/_yolov8_msgs_s.ep.rosidl_typesupport_c.c
[5.315s] -- Symlinking: /home/james/workspace/robofun-1.0/object-detection-ws/install/yolov8_msgs/local/lib/python3.10/dist-packages/yolov8_msgs/_yolov8_msgs_s.ep.rosidl_typesupport_fastrtps_c.c
[5.328s] -- Symlinking: /home/james/workspace/robofun-1.0/object-detection-ws/install/yolov8_msgs/local/lib/python3.10/dist-packages/yolov8_msgs/_yolov8_msgs_s.ep.rosidl_typesupport_introspection_c.c
[5.341s] -- Symlinking: /home/james/workspace/robofun-1.0/object-detection-ws/install/yolov8_msgs/local/lib/python3.10/dist-packages/yolov8_msgs/libyolov8_msgs__rosidl_generator_py.so
[5.354s] -- Symlinking: /home/james/workspace/robofun-1.0/object-detection-ws/install/yolov8_msgs/local/lib/python3.10/dist-packages/yolov8_msgs/msg/__init__.py
[5.366s] -- Symlinking: /home/james/workspace/robofun-1.0/object-detection-ws/install/yolov8_msgs/local/lib/python3.10/dist-packages/yolov8_msgs/msg/_inference_result.py
[5.377s] -- Symlinking: /home/james/workspace/robofun-1.0/object-detection-ws/install/yolov8_msgs/local/lib/python3.10/dist-packages/yolov8_msgs/msg/_inference_result_s.c
[5.385s] -- Symlinking: /home/james/workspace/robofun-1.0/object-detection-ws/install/yolov8_msgs/local/lib/python3.10/dist-packages/yolov8_msgs/msg/_yolov8_inference.py
[5.392s] -- Symlinking: /home/james/workspace/robofun-1.0/object-detection-ws/install/yolov8_msgs/local/lib/python3.10/dist-packages/yolov8_msgs/msg/_yolov8_inference_s.c
[5.401s] -- Symlinking: /home/james/workspace/robofun-1.0/object-detection-ws/install/yolov8_msgs/local/lib/python3.10/dist-packages/yolov8_msgs/yolov8_msgs_s__rosidl_typesupport_c.cpython-310-x86_64-linux-gnu.so
[5.413s] -- Symlinking: /home/james/workspace/robofun-1.0/object-detection-ws/install/yolov8_msgs/local/lib/python3.10/dist-packages/yolov8_msgs/yolov8_msgs_s__rosidl_typesupport_fastrtps_c.cpython-310-x86_64-linux-gnu.so
[5.422s] -- Symlinking: /home/james/workspace/robofun-1.0/object-detection-ws/install/yolov8_msgs/local/lib/python3.10/dist-packages/yolov8_msgs/yolov8_msgs_s__rosidl_typesupport_introspection_c.cpython-310-x86_64-linux-gnu.so
[5.430s] -- Up-to-date symlink: /home/james/workspace/robofun-1.0/object-detection-ws/install/yolov8_msgs/local/lib/python3.10/dist-packages/yolov8_msgs/yolov8_msgs_s__rosidl_typesupport_fastrtps_c.cpython-310-x86_64-linux-gnu.so
[5.430s] -- Up-to-date symlink: /home/james/workspace/robofun-1.0/object-detection-ws/install/yolov8_msgs/local/lib/python3.10/dist-packages/yolov8_msgs/yolov8_msgs_s__rosidl_typesupport_introspection_c.cpython-310-x86_64-linux-gnu.so
[5.431s] -- Up-to-date symlink: /home/james/workspace/robofun-1.0/object-detection-ws/install/yolov8_msgs/local/lib/python3.10/dist-packages/yolov8_msgs/yolov8_msgs_s__rosidl_typesupport_c.cpython-310-x86_64-linux-gnu.so
[5.431s] -- Symlinking: /home/james/workspace/robofun-1.0/object-detection-ws/install/yolov8_msgs/share/yolov8_msgs/msg/InferenceResult.idl
[5.440s] -- Symlinking: /home/james/workspace/robofun-1.0/object-detection-ws/install/yolov8_msgs/share/yolov8_msgs/msg/Yolov8Inference.idl
[5.448s] -- Symlinking: /home/james/workspace/robofun-1.0/object-detection-ws/install/yolov8_msgs/share/yolov8_msgs/msg/InferenceResult.msg
[5.456s] -- Symlinking: /home/james/workspace/robofun-1.0/object-detection-ws/install/yolov8_msgs/share/yolov8_msgs/msg/Yolov8Inference.msg
[5.466s] -- Symlinking: /home/james/workspace/robofun-1.0/object-detection-ws/install/yolov8_msgs/share/ament_index/resource_index/package_run_dependencies/yolov8_msgs
[5.476s] -- Symlinking: /home/james/workspace/robofun-1.0/object-detection-ws/install/yolov8_msgs/share/ament_index/resource_index/parent_prefix_path/yolov8_msgs
[5.485s] -- Symlinking: /home/james/workspace/robofun-1.0/object-detection-ws/install/yolov8_msgs/share/yolov8_msgs/environment/ament_prefix_path.sh
[5.493s] -- Symlinking: /home/james/workspace/robofun-1.0/object-detection-ws/install/yolov8_msgs/share/yolov8_msgs/environment/ament_prefix_path.dsv
[5.501s] -- Symlinking: /home/james/workspace/robofun-1.0/object-detection-ws/install/yolov8_msgs/share/yolov8_msgs/environment/path.sh
[5.507s] -- Symlinking: /home/james/workspace/robofun-1.0/object-detection-ws/install/yolov8_msgs/share/yolov8_msgs/environment/path.dsv
[5.514s] -- Symlinking: /home/james/workspace/robofun-1.0/object-detection-ws/install/yolov8_msgs/share/yolov8_msgs/local_setup.bash
[5.522s] -- Symlinking: /home/james/workspace/robofun-1.0/object-detection-ws/install/yolov8_msgs/share/yolov8_msgs/local_setup.sh
[5.531s] -- Symlinking: /home/james/workspace/robofun-1.0/object-detection-ws/install/yolov8_msgs/share/yolov8_msgs/local_setup.zsh
[5.542s] -- Symlinking: /home/james/workspace/robofun-1.0/object-detection-ws/install/yolov8_msgs/share/yolov8_msgs/local_setup.dsv
[5.554s] -- Symlinking: /home/james/workspace/robofun-1.0/object-detection-ws/install/yolov8_msgs/share/yolov8_msgs/package.dsv
[5.563s] -- Symlinking: /home/james/workspace/robofun-1.0/object-detection-ws/install/yolov8_msgs/share/ament_index/resource_index/packages/yolov8_msgs
[5.575s] -- Symlinking: /home/james/workspace/robofun-1.0/object-detection-ws/install/yolov8_msgs/share/yolov8_msgs/cmake/rosidl_cmake-extras.cmake
[5.582s] -- Symlinking: /home/james/workspace/robofun-1.0/object-detection-ws/install/yolov8_msgs/share/yolov8_msgs/cmake/ament_cmake_export_dependencies-extras.cmake
[5.590s] -- Symlinking: /home/james/workspace/robofun-1.0/object-detection-ws/install/yolov8_msgs/share/yolov8_msgs/cmake/ament_cmake_export_include_directories-extras.cmake
[5.598s] -- Symlinking: /home/james/workspace/robofun-1.0/object-detection-ws/install/yolov8_msgs/share/yolov8_msgs/cmake/ament_cmake_export_libraries-extras.cmake
[5.604s] -- Symlinking: /home/james/workspace/robofun-1.0/object-detection-ws/install/yolov8_msgs/share/yolov8_msgs/cmake/ament_cmake_export_targets-extras.cmake
[5.611s] -- Symlinking: /home/james/workspace/robofun-1.0/object-detection-ws/install/yolov8_msgs/share/yolov8_msgs/cmake/rosidl_cmake_export_typesupport_targets-extras.cmake
[5.618s] -- Symlinking: /home/james/workspace/robofun-1.0/object-detection-ws/install/yolov8_msgs/share/yolov8_msgs/cmake/rosidl_cmake_export_typesupport_libraries-extras.cmake
[5.626s] -- Symlinking: /home/james/workspace/robofun-1.0/object-detection-ws/install/yolov8_msgs/share/yolov8_msgs/cmake/yolov8_msgsConfig.cmake
[5.632s] -- Symlinking: /home/james/workspace/robofun-1.0/object-detection-ws/install/yolov8_msgs/share/yolov8_msgs/cmake/yolov8_msgsConfig-version.cmake
[5.640s] -- Symlinking: /home/james/workspace/robofun-1.0/object-detection-ws/install/yolov8_msgs/share/yolov8_msgs/package.xml
[5.650s] -- Installing: /home/james/workspace/robofun-1.0/object-detection-ws/install/yolov8_msgs/lib/libyolov8_msgs__rosidl_generator_c.so
[5.650s] -- Set runtime path of "/home/james/workspace/robofun-1.0/object-detection-ws/install/yolov8_msgs/lib/libyolov8_msgs__rosidl_generator_c.so" to ""
[5.650s] -- Installing: /home/james/workspace/robofun-1.0/object-detection-ws/install/yolov8_msgs/lib/libyolov8_msgs__rosidl_typesupport_fastrtps_c.so
[5.651s] -- Set runtime path of "/home/james/workspace/robofun-1.0/object-detection-ws/install/yolov8_msgs/lib/libyolov8_msgs__rosidl_typesupport_fastrtps_c.so" to ""
[5.651s] -- Installing: /home/james/workspace/robofun-1.0/object-detection-ws/install/yolov8_msgs/lib/libyolov8_msgs__rosidl_typesupport_fastrtps_cpp.so
[5.651s] -- Set runtime path of "/home/james/workspace/robofun-1.0/object-detection-ws/install/yolov8_msgs/lib/libyolov8_msgs__rosidl_typesupport_fastrtps_cpp.so" to ""
[5.651s] -- Installing: /home/james/workspace/robofun-1.0/object-detection-ws/install/yolov8_msgs/lib/libyolov8_msgs__rosidl_typesupport_introspection_c.so
[5.651s] -- Set runtime path of "/home/james/workspace/robofun-1.0/object-detection-ws/install/yolov8_msgs/lib/libyolov8_msgs__rosidl_typesupport_introspection_c.so" to ""
[5.651s] -- Installing: /home/james/workspace/robofun-1.0/object-detection-ws/install/yolov8_msgs/lib/libyolov8_msgs__rosidl_typesupport_c.so
[5.651s] -- Set runtime path of "/home/james/workspace/robofun-1.0/object-detection-ws/install/yolov8_msgs/lib/libyolov8_msgs__rosidl_typesupport_c.so" to ""
[5.651s] -- Installing: /home/james/workspace/robofun-1.0/object-detection-ws/install/yolov8_msgs/lib/libyolov8_msgs__rosidl_typesupport_introspection_cpp.so
[5.651s] -- Set runtime path of "/home/james/workspace/robofun-1.0/object-detection-ws/install/yolov8_msgs/lib/libyolov8_msgs__rosidl_typesupport_introspection_cpp.so" to ""
[5.651s] -- Installing: /home/james/workspace/robofun-1.0/object-detection-ws/install/yolov8_msgs/lib/libyolov8_msgs__rosidl_typesupport_cpp.so
[5.652s] -- Set runtime path of "/home/james/workspace/robofun-1.0/object-detection-ws/install/yolov8_msgs/lib/libyolov8_msgs__rosidl_typesupport_cpp.so" to ""
[5.684s] Listing '/home/james/workspace/robofun-1.0/object-detection-ws/install/yolov8_msgs/local/lib/python3.10/dist-packages/yolov8_msgs'...
[5.684s] Compiling '/home/james/workspace/robofun-1.0/object-detection-ws/install/yolov8_msgs/local/lib/python3.10/dist-packages/yolov8_msgs/__init__.py'...
[5.684s] Listing '/home/james/workspace/robofun-1.0/object-detection-ws/install/yolov8_msgs/local/lib/python3.10/dist-packages/yolov8_msgs/msg'...
[5.684s] Compiling '/home/james/workspace/robofun-1.0/object-detection-ws/install/yolov8_msgs/local/lib/python3.10/dist-packages/yolov8_msgs/msg/__init__.py'...
[5.684s] Compiling '/home/james/workspace/robofun-1.0/object-detection-ws/install/yolov8_msgs/local/lib/python3.10/dist-packages/yolov8_msgs/msg/_inference_result.py'...
[5.684s] Compiling '/home/james/workspace/robofun-1.0/object-detection-ws/install/yolov8_msgs/local/lib/python3.10/dist-packages/yolov8_msgs/msg/_yolov8_inference.py'...
[5.687s] -- Installing: /home/james/workspace/robofun-1.0/object-detection-ws/install/yolov8_msgs/lib/libyolov8_msgs__rosidl_generator_py.so
[5.687s] -- Set runtime path of "/home/james/workspace/robofun-1.0/object-detection-ws/install/yolov8_msgs/lib/libyolov8_msgs__rosidl_generator_py.so" to ""
[5.687s] -- Installing: /home/james/workspace/robofun-1.0/object-detection-ws/install/yolov8_msgs/share/yolov8_msgs/cmake/export_yolov8_msgs__rosidl_generator_cExport.cmake
[5.688s] -- Installing: /home/james/workspace/robofun-1.0/object-detection-ws/install/yolov8_msgs/share/yolov8_msgs/cmake/export_yolov8_msgs__rosidl_generator_cExport-noconfig.cmake
[5.688s] -- Installing: /home/james/workspace/robofun-1.0/object-detection-ws/install/yolov8_msgs/share/yolov8_msgs/cmake/export_yolov8_msgs__rosidl_typesupport_fastrtps_cExport.cmake
[5.688s] -- Installing: /home/james/workspace/robofun-1.0/object-detection-ws/install/yolov8_msgs/share/yolov8_msgs/cmake/export_yolov8_msgs__rosidl_typesupport_fastrtps_cExport-noconfig.cmake
[5.688s] -- Installing: /home/james/workspace/robofun-1.0/object-detection-ws/install/yolov8_msgs/share/yolov8_msgs/cmake/export_yolov8_msgs__rosidl_generator_cppExport.cmake
[5.688s] -- Installing: /home/james/workspace/robofun-1.0/object-detection-ws/install/yolov8_msgs/share/yolov8_msgs/cmake/export_yolov8_msgs__rosidl_typesupport_fastrtps_cppExport.cmake
[5.688s] -- Installing: /home/james/workspace/robofun-1.0/object-detection-ws/install/yolov8_msgs/share/yolov8_msgs/cmake/export_yolov8_msgs__rosidl_typesupport_fastrtps_cppExport-noconfig.cmake
[5.688s] -- Installing: /home/james/workspace/robofun-1.0/object-detection-ws/install/yolov8_msgs/share/yolov8_msgs/cmake/yolov8_msgs__rosidl_typesupport_introspection_cExport.cmake
[5.688s] -- Installing: /home/james/workspace/robofun-1.0/object-detection-ws/install/yolov8_msgs/share/yolov8_msgs/cmake/yolov8_msgs__rosidl_typesupport_introspection_cExport-noconfig.cmake
[5.688s] -- Installing: /home/james/workspace/robofun-1.0/object-detection-ws/install/yolov8_msgs/share/yolov8_msgs/cmake/yolov8_msgs__rosidl_typesupport_cExport.cmake
[5.688s] -- Installing: /home/james/workspace/robofun-1.0/object-detection-ws/install/yolov8_msgs/share/yolov8_msgs/cmake/yolov8_msgs__rosidl_typesupport_cExport-noconfig.cmake
[5.688s] -- Installing: /home/james/workspace/robofun-1.0/object-detection-ws/install/yolov8_msgs/share/yolov8_msgs/cmake/yolov8_msgs__rosidl_typesupport_introspection_cppExport.cmake
[5.689s] -- Installing: /home/james/workspace/robofun-1.0/object-detection-ws/install/yolov8_msgs/share/yolov8_msgs/cmake/yolov8_msgs__rosidl_typesupport_introspection_cppExport-noconfig.cmake
[5.689s] -- Installing: /home/james/workspace/robofun-1.0/object-detection-ws/install/yolov8_msgs/share/yolov8_msgs/cmake/yolov8_msgs__rosidl_typesupport_cppExport.cmake
[5.689s] -- Installing: /home/james/workspace/robofun-1.0/object-detection-ws/install/yolov8_msgs/share/yolov8_msgs/cmake/yolov8_msgs__rosidl_typesupport_cppExport-noconfig.cmake
[5.689s] -- Installing: /home/james/workspace/robofun-1.0/object-detection-ws/install/yolov8_msgs/share/yolov8_msgs/cmake/export_yolov8_msgs__rosidl_generator_pyExport.cmake
[5.689s] -- Installing: /home/james/workspace/robofun-1.0/object-detection-ws/install/yolov8_msgs/share/yolov8_msgs/cmake/export_yolov8_msgs__rosidl_generator_pyExport-noconfig.cmake
[5.691s] Invoked command in '/home/james/workspace/robofun-1.0/object-detection-ws/build/yolov8_msgs' returned '0': CMAKE_PREFIX_PATH=${CMAKE_PREFIX_PATH}:/home/james/turtlebot3_ws/install/turtlebot3_teleop:/home/james/turtlebot3_ws/install/turtlebot3_example:/home/james/turtlebot3_ws/install/follow_waypoints:/opt/ros/humble /usr/bin/cmake --install /home/james/workspace/robofun-1.0/object-detection-ws/build/yolov8_msgs
