running develop
running egg_info
creating dwm1001_driver.egg-info
writing dwm1001_driver.egg-info/PKG-INFO
writing dependency_links to dwm1001_driver.egg-info/dependency_links.txt
writing entry points to dwm1001_driver.egg-info/entry_points.txt
writing requirements to dwm1001_driver.egg-info/requires.txt
writing top-level names to dwm1001_driver.egg-info/top_level.txt
writing manifest file 'dwm1001_driver.egg-info/SOURCES.txt'
reading manifest file 'dwm1001_driver.egg-info/SOURCES.txt'
writing manifest file 'dwm1001_driver.egg-info/SOURCES.txt'
running build_ext
Creating /home/james/DWM1001_ws/install/dwm1001_driver/lib/python3.10/site-packages/dwm1001-driver.egg-link (link to .)
Installing active_tag script to /home/james/DWM1001_ws/install/dwm1001_driver/lib/dwm1001_driver
Installing dummy_active_tag script to /home/james/DWM1001_ws/install/dwm1001_driver/lib/dwm1001_driver
Installing dummy_passive_tag script to /home/james/DWM1001_ws/install/dwm1001_driver/lib/dwm1001_driver
Installing passive_tag script to /home/james/DWM1001_ws/install/dwm1001_driver/lib/dwm1001_driver

Installed /home/james/DWM1001_ws/build/dwm1001_driver
running symlink_data
creating /home/james/DWM1001_ws/install/dwm1001_driver/share/ament_index/resource_index/packages
symbolically linking /home/james/DWM1001_ws/build/dwm1001_driver/resource/dwm1001_driver -> /home/james/DWM1001_ws/install/dwm1001_driver/share/ament_index/resource_index/packages
symbolically linking /home/james/DWM1001_ws/build/dwm1001_driver/package.xml -> /home/james/DWM1001_ws/install/dwm1001_driver/share/dwm1001_driver
