[1.019s] Invoking command in '/home/james/DWM1001_ws/build/dwm1001_driver': PYTHONPATH=/home/james/DWM1001_ws/build/dwm1001_driver/prefix_override:/usr/lib/python3/dist-packages/colcon_core/task/python/colcon_distutils_commands:/home/james/DWM1001_ws/install/dwm1001_driver/lib/python3.10/site-packages:${PYTHONPATH} /usr/bin/python3 -W ignore:setup.py install is deprecated setup.py develop --editable --build-directory /home/james/DWM1001_ws/build/dwm1001_driver/build --no-deps symlink_data
[1.164s] /home/james/.local/lib/python3.10/site-packages/setuptools/_distutils/dist.py:261: UserWarning: Unknown distribution option: 'tests_require'
[1.166s]   warnings.warn(msg)
[1.312s] running develop
[1.312s] /home/james/.local/lib/python3.10/site-packages/setuptools/command/develop.py:41: EasyInstallDeprecationWarning: easy_install command is deprecated.
[1.312s] !!
[1.312s] 
[1.312s]         ********************************************************************************
[1.313s]         Please avoid running ``setup.py`` and ``easy_install``.
[1.313s]         Instead, use pypa/build, pypa/installer or other
[1.313s]         standards-based tools.
[1.313s] 
[1.313s]         See https://github.com/pypa/setuptools/issues/917 for details.
[1.313s]         ********************************************************************************
[1.313s] 
[1.313s] !!
[1.313s]   easy_install.initialize_options(self)
[1.502s] running egg_info
[1.502s] creating dwm1001_driver.egg-info
[1.515s] writing dwm1001_driver.egg-info/PKG-INFO
[1.515s] writing dependency_links to dwm1001_driver.egg-info/dependency_links.txt
[1.516s] writing entry points to dwm1001_driver.egg-info/entry_points.txt
[1.516s] writing requirements to dwm1001_driver.egg-info/requires.txt
[1.516s] writing top-level names to dwm1001_driver.egg-info/top_level.txt
[1.516s] writing manifest file 'dwm1001_driver.egg-info/SOURCES.txt'
[1.541s] reading manifest file 'dwm1001_driver.egg-info/SOURCES.txt'
[1.542s] writing manifest file 'dwm1001_driver.egg-info/SOURCES.txt'
[1.556s] running build_ext
[1.556s] Creating /home/james/DWM1001_ws/install/dwm1001_driver/lib/python3.10/site-packages/dwm1001-driver.egg-link (link to .)
[1.557s] Installing active_tag script to /home/james/DWM1001_ws/install/dwm1001_driver/lib/dwm1001_driver
[1.557s] Installing dummy_active_tag script to /home/james/DWM1001_ws/install/dwm1001_driver/lib/dwm1001_driver
[1.557s] Installing dummy_passive_tag script to /home/james/DWM1001_ws/install/dwm1001_driver/lib/dwm1001_driver
[1.558s] Installing passive_tag script to /home/james/DWM1001_ws/install/dwm1001_driver/lib/dwm1001_driver
[1.558s] 
[1.558s] Installed /home/james/DWM1001_ws/build/dwm1001_driver
[1.558s] running symlink_data
[1.558s] creating /home/james/DWM1001_ws/install/dwm1001_driver/share/ament_index/resource_index/packages
[1.558s] symbolically linking /home/james/DWM1001_ws/build/dwm1001_driver/resource/dwm1001_driver -> /home/james/DWM1001_ws/install/dwm1001_driver/share/ament_index/resource_index/packages
[1.558s] symbolically linking /home/james/DWM1001_ws/build/dwm1001_driver/package.xml -> /home/james/DWM1001_ws/install/dwm1001_driver/share/dwm1001_driver
[1.591s] Invoked command in '/home/james/DWM1001_ws/build/dwm1001_driver' returned '0': PYTHONPATH=/home/james/DWM1001_ws/build/dwm1001_driver/prefix_override:/usr/lib/python3/dist-packages/colcon_core/task/python/colcon_distutils_commands:/home/james/DWM1001_ws/install/dwm1001_driver/lib/python3.10/site-packages:${PYTHONPATH} /usr/bin/python3 -W ignore:setup.py install is deprecated setup.py develop --editable --build-directory /home/james/DWM1001_ws/build/dwm1001_driver/build --no-deps symlink_data
