/home/james/.local/lib/python3.10/site-packages/setuptools/_distutils/dist.py:261: UserWarning: Unknown distribution option: 'tests_require'
  warnings.warn(msg)
running develop
/home/james/.local/lib/python3.10/site-packages/setuptools/command/develop.py:41: EasyInstallDeprecationWarning: easy_install command is deprecated.
!!

        ********************************************************************************
        Please avoid running ``setup.py`` and ``easy_install``.
        Instead, use pypa/build, pypa/installer or other
        standards-based tools.

        See https://github.com/pypa/setuptools/issues/917 for details.
        ********************************************************************************

!!
  easy_install.initialize_options(self)
running egg_info
creating object_detection.egg-info
writing object_detection.egg-info/PKG-INFO
writing dependency_links to object_detection.egg-info/dependency_links.txt
writing entry points to object_detection.egg-info/entry_points.txt
writing requirements to object_detection.egg-info/requires.txt
writing top-level names to object_detection.egg-info/top_level.txt
writing manifest file 'object_detection.egg-info/SOURCES.txt'
reading manifest file 'object_detection.egg-info/SOURCES.txt'
writing manifest file 'object_detection.egg-info/SOURCES.txt'
running build_ext
Creating /home/james/workspace/robofun-1.0/object-detection-ws/install/object_detection/lib/python3.10/site-packages/object-detection.egg-link (link to .)
Installing object_detection_node script to /home/james/workspace/robofun-1.0/object-detection-ws/install/object_detection/lib/object_detection

Installed /home/james/workspace/robofun-1.0/object-detection-ws/build/object_detection
running symlink_data
creating /home/james/workspace/robofun-1.0/object-detection-ws/install/object_detection/share/ament_index/resource_index/packages
symbolically linking /home/james/workspace/robofun-1.0/object-detection-ws/build/object_detection/resource/object_detection -> /home/james/workspace/robofun-1.0/object-detection-ws/install/object_detection/share/ament_index/resource_index/packages
symbolically linking /home/james/workspace/robofun-1.0/object-detection-ws/build/object_detection/package.xml -> /home/james/workspace/robofun-1.0/object-detection-ws/install/object_detection/share/object_detection
