[0.087s] DEBUG:colcon:Command line arguments: ['/usr/bin/colcon', 'build', '--symlink-install']
[0.087s] DEBUG:colcon:Parsed command line arguments: Namespace(log_base=None, log_level=None, verb_name='build', build_base='build', install_base='install', merge_install=False, symlink_install=True, test_result_base=None, continue_on_error=False, executor='parallel', parallel_workers=20, event_handlers=None, ignore_user_meta=False, metas=['./colcon.meta'], base_paths=['.'], packages_ignore=None, packages_ignore_regex=None, paths=None, packages_up_to=None, packages_up_to_regex=None, packages_above=None, packages_above_and_dependencies=None, packages_above_depth=None, packages_select_by_dep=None, packages_skip_by_dep=None, packages_skip_up_to=None, packages_select_build_failed=False, packages_skip_build_finished=False, packages_select_test_failures=False, packages_skip_test_passed=False, packages_select=None, packages_skip=None, packages_select_regex=None, packages_skip_regex=None, packages_start=None, packages_end=None, allow_overriding=[], cmake_args=None, cmake_target=None, cmake_target_skip_unavailable=False, cmake_clean_cache=False, cmake_clean_first=False, cmake_force_configure=False, ament_cmake_args=None, catkin_cmake_args=None, catkin_skip_building_tests=False, mixin_files=None, mixin=None, verb_parser=<colcon_mixin.mixin.mixin_argument.MixinArgumentDecorator object at 0x7f5c46f8cb50>, verb_extension=<colcon_core.verb.build.BuildVerb object at 0x7f5c47099810>, main=<bound method BuildVerb.main of <colcon_core.verb.build.BuildVerb object at 0x7f5c47099810>>, mixin_verb=('build',))
[0.123s] Level 1:colcon.colcon_core.package_discovery:discover_packages(colcon_meta) check parameters
[0.123s] Level 1:colcon.colcon_core.package_discovery:discover_packages(recursive) check parameters
[0.123s] Level 1:colcon.colcon_core.package_discovery:discover_packages(ignore) check parameters
[0.123s] Level 1:colcon.colcon_core.package_discovery:discover_packages(path) check parameters
[0.123s] Level 1:colcon.colcon_core.package_discovery:discover_packages(colcon_meta) discover
[0.123s] Level 1:colcon.colcon_core.package_discovery:discover_packages(recursive) discover
[0.123s] INFO:colcon.colcon_core.package_discovery:Crawling recursively for packages in '/home/james/workspace/robofun-1.0/object-detection-ws'
[0.124s] Level 1:colcon.colcon_core.package_identification:_identify(.) by extensions ['ignore', 'ignore_ament_install']
[0.124s] Level 1:colcon.colcon_core.package_identification:_identify(.) by extension 'ignore'
[0.124s] Level 1:colcon.colcon_core.package_identification:_identify(.) by extension 'ignore_ament_install'
[0.124s] Level 1:colcon.colcon_core.package_identification:_identify(.) by extensions ['colcon_pkg']
[0.124s] Level 1:colcon.colcon_core.package_identification:_identify(.) by extension 'colcon_pkg'
[0.124s] Level 1:colcon.colcon_core.package_identification:_identify(.) by extensions ['colcon_meta']
[0.124s] Level 1:colcon.colcon_core.package_identification:_identify(.) by extension 'colcon_meta'
[0.124s] Level 1:colcon.colcon_core.package_identification:_identify(.) by extensions ['ros']
[0.124s] Level 1:colcon.colcon_core.package_identification:_identify(.) by extension 'ros'
[0.135s] Level 1:colcon.colcon_core.package_identification:_identify(.) by extensions ['cmake', 'python']
[0.136s] Level 1:colcon.colcon_core.package_identification:_identify(.) by extension 'cmake'
[0.136s] Level 1:colcon.colcon_core.package_identification:_identify(.) by extension 'python'
[0.136s] Level 1:colcon.colcon_core.package_identification:_identify(.) by extensions ['python_setup_py']
[0.136s] Level 1:colcon.colcon_core.package_identification:_identify(.) by extension 'python_setup_py'
[0.136s] Level 1:colcon.colcon_core.package_identification:_identify(build) by extensions ['ignore', 'ignore_ament_install']
[0.136s] Level 1:colcon.colcon_core.package_identification:_identify(build) by extension 'ignore'
[0.136s] Level 1:colcon.colcon_core.package_identification:_identify(build) ignored
[0.136s] Level 1:colcon.colcon_core.package_identification:_identify(install) by extensions ['ignore', 'ignore_ament_install']
[0.136s] Level 1:colcon.colcon_core.package_identification:_identify(install) by extension 'ignore'
[0.136s] Level 1:colcon.colcon_core.package_identification:_identify(install) ignored
[0.136s] Level 1:colcon.colcon_core.package_identification:_identify(log) by extensions ['ignore', 'ignore_ament_install']
[0.136s] Level 1:colcon.colcon_core.package_identification:_identify(log) by extension 'ignore'
[0.136s] Level 1:colcon.colcon_core.package_identification:_identify(log) ignored
[0.136s] Level 1:colcon.colcon_core.package_identification:_identify(models) by extensions ['ignore', 'ignore_ament_install']
[0.136s] Level 1:colcon.colcon_core.package_identification:_identify(models) by extension 'ignore'
[0.136s] Level 1:colcon.colcon_core.package_identification:_identify(models) by extension 'ignore_ament_install'
[0.136s] Level 1:colcon.colcon_core.package_identification:_identify(models) by extensions ['colcon_pkg']
[0.136s] Level 1:colcon.colcon_core.package_identification:_identify(models) by extension 'colcon_pkg'
[0.136s] Level 1:colcon.colcon_core.package_identification:_identify(models) by extensions ['colcon_meta']
[0.136s] Level 1:colcon.colcon_core.package_identification:_identify(models) by extension 'colcon_meta'
[0.136s] Level 1:colcon.colcon_core.package_identification:_identify(models) by extensions ['ros']
[0.136s] Level 1:colcon.colcon_core.package_identification:_identify(models) by extension 'ros'
[0.136s] Level 1:colcon.colcon_core.package_identification:_identify(models) by extensions ['cmake', 'python']
[0.136s] Level 1:colcon.colcon_core.package_identification:_identify(models) by extension 'cmake'
[0.136s] Level 1:colcon.colcon_core.package_identification:_identify(models) by extension 'python'
[0.136s] Level 1:colcon.colcon_core.package_identification:_identify(models) by extensions ['python_setup_py']
[0.136s] Level 1:colcon.colcon_core.package_identification:_identify(models) by extension 'python_setup_py'
[0.136s] Level 1:colcon.colcon_core.package_identification:_identify(models/yolov8n_openvino_model) by extensions ['ignore', 'ignore_ament_install']
[0.136s] Level 1:colcon.colcon_core.package_identification:_identify(models/yolov8n_openvino_model) by extension 'ignore'
[0.136s] Level 1:colcon.colcon_core.package_identification:_identify(models/yolov8n_openvino_model) by extension 'ignore_ament_install'
[0.137s] Level 1:colcon.colcon_core.package_identification:_identify(models/yolov8n_openvino_model) by extensions ['colcon_pkg']
[0.137s] Level 1:colcon.colcon_core.package_identification:_identify(models/yolov8n_openvino_model) by extension 'colcon_pkg'
[0.137s] Level 1:colcon.colcon_core.package_identification:_identify(models/yolov8n_openvino_model) by extensions ['colcon_meta']
[0.137s] Level 1:colcon.colcon_core.package_identification:_identify(models/yolov8n_openvino_model) by extension 'colcon_meta'
[0.137s] Level 1:colcon.colcon_core.package_identification:_identify(models/yolov8n_openvino_model) by extensions ['ros']
[0.137s] Level 1:colcon.colcon_core.package_identification:_identify(models/yolov8n_openvino_model) by extension 'ros'
[0.137s] Level 1:colcon.colcon_core.package_identification:_identify(models/yolov8n_openvino_model) by extensions ['cmake', 'python']
[0.137s] Level 1:colcon.colcon_core.package_identification:_identify(models/yolov8n_openvino_model) by extension 'cmake'
[0.137s] Level 1:colcon.colcon_core.package_identification:_identify(models/yolov8n_openvino_model) by extension 'python'
[0.137s] Level 1:colcon.colcon_core.package_identification:_identify(models/yolov8n_openvino_model) by extensions ['python_setup_py']
[0.137s] Level 1:colcon.colcon_core.package_identification:_identify(models/yolov8n_openvino_model) by extension 'python_setup_py'
[0.137s] Level 1:colcon.colcon_core.package_identification:_identify(src) by extensions ['ignore', 'ignore_ament_install']
[0.137s] Level 1:colcon.colcon_core.package_identification:_identify(src) by extension 'ignore'
[0.137s] Level 1:colcon.colcon_core.package_identification:_identify(src) by extension 'ignore_ament_install'
[0.137s] Level 1:colcon.colcon_core.package_identification:_identify(src) by extensions ['colcon_pkg']
[0.137s] Level 1:colcon.colcon_core.package_identification:_identify(src) by extension 'colcon_pkg'
[0.137s] Level 1:colcon.colcon_core.package_identification:_identify(src) by extensions ['colcon_meta']
[0.137s] Level 1:colcon.colcon_core.package_identification:_identify(src) by extension 'colcon_meta'
[0.137s] Level 1:colcon.colcon_core.package_identification:_identify(src) by extensions ['ros']
[0.137s] Level 1:colcon.colcon_core.package_identification:_identify(src) by extension 'ros'
[0.137s] Level 1:colcon.colcon_core.package_identification:_identify(src) by extensions ['cmake', 'python']
[0.137s] Level 1:colcon.colcon_core.package_identification:_identify(src) by extension 'cmake'
[0.137s] Level 1:colcon.colcon_core.package_identification:_identify(src) by extension 'python'
[0.137s] Level 1:colcon.colcon_core.package_identification:_identify(src) by extensions ['python_setup_py']
[0.137s] Level 1:colcon.colcon_core.package_identification:_identify(src) by extension 'python_setup_py'
[0.137s] Level 1:colcon.colcon_core.package_identification:_identify(src/follow_waypoints) by extensions ['ignore', 'ignore_ament_install']
[0.137s] Level 1:colcon.colcon_core.package_identification:_identify(src/follow_waypoints) by extension 'ignore'
[0.137s] Level 1:colcon.colcon_core.package_identification:_identify(src/follow_waypoints) by extension 'ignore_ament_install'
[0.137s] Level 1:colcon.colcon_core.package_identification:_identify(src/follow_waypoints) by extensions ['colcon_pkg']
[0.137s] Level 1:colcon.colcon_core.package_identification:_identify(src/follow_waypoints) by extension 'colcon_pkg'
[0.137s] Level 1:colcon.colcon_core.package_identification:_identify(src/follow_waypoints) by extensions ['colcon_meta']
[0.137s] Level 1:colcon.colcon_core.package_identification:_identify(src/follow_waypoints) by extension 'colcon_meta'
[0.137s] Level 1:colcon.colcon_core.package_identification:_identify(src/follow_waypoints) by extensions ['ros']
[0.137s] Level 1:colcon.colcon_core.package_identification:_identify(src/follow_waypoints) by extension 'ros'
[0.139s] DEBUG:colcon.colcon_core.package_identification:Package 'src/follow_waypoints' with type 'ros.ament_python' and name 'follow_waypoints'
[0.139s] Level 1:colcon.colcon_core.package_identification:_identify(src/object_detection) by extensions ['ignore', 'ignore_ament_install']
[0.139s] Level 1:colcon.colcon_core.package_identification:_identify(src/object_detection) by extension 'ignore'
[0.139s] Level 1:colcon.colcon_core.package_identification:_identify(src/object_detection) by extension 'ignore_ament_install'
[0.139s] Level 1:colcon.colcon_core.package_identification:_identify(src/object_detection) by extensions ['colcon_pkg']
[0.139s] Level 1:colcon.colcon_core.package_identification:_identify(src/object_detection) by extension 'colcon_pkg'
[0.139s] Level 1:colcon.colcon_core.package_identification:_identify(src/object_detection) by extensions ['colcon_meta']
[0.139s] Level 1:colcon.colcon_core.package_identification:_identify(src/object_detection) by extension 'colcon_meta'
[0.139s] Level 1:colcon.colcon_core.package_identification:_identify(src/object_detection) by extensions ['ros']
[0.139s] Level 1:colcon.colcon_core.package_identification:_identify(src/object_detection) by extension 'ros'
[0.140s] DEBUG:colcon.colcon_core.package_identification:Package 'src/object_detection' with type 'ros.ament_python' and name 'object_detection'
[0.140s] Level 1:colcon.colcon_core.package_identification:_identify(src/object_detection_msgs) by extensions ['ignore', 'ignore_ament_install']
[0.140s] Level 1:colcon.colcon_core.package_identification:_identify(src/object_detection_msgs) by extension 'ignore'
[0.140s] Level 1:colcon.colcon_core.package_identification:_identify(src/object_detection_msgs) by extension 'ignore_ament_install'
[0.140s] Level 1:colcon.colcon_core.package_identification:_identify(src/object_detection_msgs) by extensions ['colcon_pkg']
[0.140s] Level 1:colcon.colcon_core.package_identification:_identify(src/object_detection_msgs) by extension 'colcon_pkg'
[0.140s] Level 1:colcon.colcon_core.package_identification:_identify(src/object_detection_msgs) by extensions ['colcon_meta']
[0.140s] Level 1:colcon.colcon_core.package_identification:_identify(src/object_detection_msgs) by extension 'colcon_meta'
[0.140s] Level 1:colcon.colcon_core.package_identification:_identify(src/object_detection_msgs) by extensions ['ros']
[0.140s] Level 1:colcon.colcon_core.package_identification:_identify(src/object_detection_msgs) by extension 'ros'
[0.141s] DEBUG:colcon.colcon_core.package_identification:Package 'src/object_detection_msgs' with type 'ros.ament_cmake' and name 'object_detection_msgs'
[0.141s] Level 1:colcon.colcon_core.package_identification:_identify(src/yolobot_recognition) by extensions ['ignore', 'ignore_ament_install']
[0.141s] Level 1:colcon.colcon_core.package_identification:_identify(src/yolobot_recognition) by extension 'ignore'
[0.141s] Level 1:colcon.colcon_core.package_identification:_identify(src/yolobot_recognition) by extension 'ignore_ament_install'
[0.141s] Level 1:colcon.colcon_core.package_identification:_identify(src/yolobot_recognition) by extensions ['colcon_pkg']
[0.141s] Level 1:colcon.colcon_core.package_identification:_identify(src/yolobot_recognition) by extension 'colcon_pkg'
[0.141s] Level 1:colcon.colcon_core.package_identification:_identify(src/yolobot_recognition) by extensions ['colcon_meta']
[0.141s] Level 1:colcon.colcon_core.package_identification:_identify(src/yolobot_recognition) by extension 'colcon_meta'
[0.141s] Level 1:colcon.colcon_core.package_identification:_identify(src/yolobot_recognition) by extensions ['ros']
[0.141s] Level 1:colcon.colcon_core.package_identification:_identify(src/yolobot_recognition) by extension 'ros'
[0.141s] DEBUG:colcon.colcon_core.package_identification:Package 'src/yolobot_recognition' with type 'ros.ament_cmake' and name 'yolobot_recognition'
[0.141s] Level 1:colcon.colcon_core.package_identification:_identify(src/yolov8_msgs) by extensions ['ignore', 'ignore_ament_install']
[0.141s] Level 1:colcon.colcon_core.package_identification:_identify(src/yolov8_msgs) by extension 'ignore'
[0.141s] Level 1:colcon.colcon_core.package_identification:_identify(src/yolov8_msgs) by extension 'ignore_ament_install'
[0.141s] Level 1:colcon.colcon_core.package_identification:_identify(src/yolov8_msgs) by extensions ['colcon_pkg']
[0.141s] Level 1:colcon.colcon_core.package_identification:_identify(src/yolov8_msgs) by extension 'colcon_pkg'
[0.141s] Level 1:colcon.colcon_core.package_identification:_identify(src/yolov8_msgs) by extensions ['colcon_meta']
[0.141s] Level 1:colcon.colcon_core.package_identification:_identify(src/yolov8_msgs) by extension 'colcon_meta'
[0.141s] Level 1:colcon.colcon_core.package_identification:_identify(src/yolov8_msgs) by extensions ['ros']
[0.141s] Level 1:colcon.colcon_core.package_identification:_identify(src/yolov8_msgs) by extension 'ros'
[0.142s] DEBUG:colcon.colcon_core.package_identification:Package 'src/yolov8_msgs' with type 'ros.ament_cmake' and name 'yolov8_msgs'
[0.142s] Level 1:colcon.colcon_core.package_discovery:discover_packages(recursive) using defaults
[0.142s] Level 1:colcon.colcon_core.package_discovery:discover_packages(ignore) discover
[0.142s] Level 1:colcon.colcon_core.package_discovery:discover_packages(ignore) using defaults
[0.142s] Level 1:colcon.colcon_core.package_discovery:discover_packages(path) discover
[0.142s] Level 1:colcon.colcon_core.package_discovery:discover_packages(path) using defaults
[0.158s] Level 1:colcon.colcon_core.package_discovery:discover_packages(prefix_path) check parameters
[0.158s] Level 1:colcon.colcon_core.package_discovery:discover_packages(prefix_path) discover
[0.160s] DEBUG:colcon.colcon_installed_package_information.package_discovery:Found 16 installed packages in /home/james/turtlebot3_ws/install
[0.161s] DEBUG:colcon.colcon_installed_package_information.package_discovery:Found 507 installed packages in /opt/ros/humble
[0.163s] Level 1:colcon.colcon_core.package_discovery:discover_packages(prefix_path) using defaults
[0.219s] Level 5:colcon.colcon_core.verb:set package 'follow_waypoints' build argument 'cmake_args' from command line to 'None'
[0.219s] Level 5:colcon.colcon_core.verb:set package 'follow_waypoints' build argument 'cmake_target' from command line to 'None'
[0.219s] Level 5:colcon.colcon_core.verb:set package 'follow_waypoints' build argument 'cmake_target_skip_unavailable' from command line to 'False'
[0.219s] Level 5:colcon.colcon_core.verb:set package 'follow_waypoints' build argument 'cmake_clean_cache' from command line to 'False'
[0.219s] Level 5:colcon.colcon_core.verb:set package 'follow_waypoints' build argument 'cmake_clean_first' from command line to 'False'
[0.219s] Level 5:colcon.colcon_core.verb:set package 'follow_waypoints' build argument 'cmake_force_configure' from command line to 'False'
[0.219s] Level 5:colcon.colcon_core.verb:set package 'follow_waypoints' build argument 'ament_cmake_args' from command line to 'None'
[0.219s] Level 5:colcon.colcon_core.verb:set package 'follow_waypoints' build argument 'catkin_cmake_args' from command line to 'None'
[0.219s] Level 5:colcon.colcon_core.verb:set package 'follow_waypoints' build argument 'catkin_skip_building_tests' from command line to 'False'
[0.219s] DEBUG:colcon.colcon_core.verb:Building package 'follow_waypoints' with the following arguments: {'ament_cmake_args': None, 'build_base': '/home/james/workspace/robofun-1.0/object-detection-ws/build/follow_waypoints', 'catkin_cmake_args': None, 'catkin_skip_building_tests': False, 'cmake_args': None, 'cmake_clean_cache': False, 'cmake_clean_first': False, 'cmake_force_configure': False, 'cmake_target': None, 'cmake_target_skip_unavailable': False, 'install_base': '/home/james/workspace/robofun-1.0/object-detection-ws/install/follow_waypoints', 'merge_install': False, 'path': '/home/james/workspace/robofun-1.0/object-detection-ws/src/follow_waypoints', 'symlink_install': True, 'test_result_base': None}
[0.219s] Level 5:colcon.colcon_core.verb:set package 'object_detection' build argument 'cmake_args' from command line to 'None'
[0.219s] Level 5:colcon.colcon_core.verb:set package 'object_detection' build argument 'cmake_target' from command line to 'None'
[0.219s] Level 5:colcon.colcon_core.verb:set package 'object_detection' build argument 'cmake_target_skip_unavailable' from command line to 'False'
[0.219s] Level 5:colcon.colcon_core.verb:set package 'object_detection' build argument 'cmake_clean_cache' from command line to 'False'
[0.219s] Level 5:colcon.colcon_core.verb:set package 'object_detection' build argument 'cmake_clean_first' from command line to 'False'
[0.219s] Level 5:colcon.colcon_core.verb:set package 'object_detection' build argument 'cmake_force_configure' from command line to 'False'
[0.219s] Level 5:colcon.colcon_core.verb:set package 'object_detection' build argument 'ament_cmake_args' from command line to 'None'
[0.219s] Level 5:colcon.colcon_core.verb:set package 'object_detection' build argument 'catkin_cmake_args' from command line to 'None'
[0.219s] Level 5:colcon.colcon_core.verb:set package 'object_detection' build argument 'catkin_skip_building_tests' from command line to 'False'
[0.219s] DEBUG:colcon.colcon_core.verb:Building package 'object_detection' with the following arguments: {'ament_cmake_args': None, 'build_base': '/home/james/workspace/robofun-1.0/object-detection-ws/build/object_detection', 'catkin_cmake_args': None, 'catkin_skip_building_tests': False, 'cmake_args': None, 'cmake_clean_cache': False, 'cmake_clean_first': False, 'cmake_force_configure': False, 'cmake_target': None, 'cmake_target_skip_unavailable': False, 'install_base': '/home/james/workspace/robofun-1.0/object-detection-ws/install/object_detection', 'merge_install': False, 'path': '/home/james/workspace/robofun-1.0/object-detection-ws/src/object_detection', 'symlink_install': True, 'test_result_base': None}
[0.220s] Level 5:colcon.colcon_core.verb:set package 'object_detection_msgs' build argument 'cmake_args' from command line to 'None'
[0.220s] Level 5:colcon.colcon_core.verb:set package 'object_detection_msgs' build argument 'cmake_target' from command line to 'None'
[0.220s] Level 5:colcon.colcon_core.verb:set package 'object_detection_msgs' build argument 'cmake_target_skip_unavailable' from command line to 'False'
[0.220s] Level 5:colcon.colcon_core.verb:set package 'object_detection_msgs' build argument 'cmake_clean_cache' from command line to 'False'
[0.220s] Level 5:colcon.colcon_core.verb:set package 'object_detection_msgs' build argument 'cmake_clean_first' from command line to 'False'
[0.220s] Level 5:colcon.colcon_core.verb:set package 'object_detection_msgs' build argument 'cmake_force_configure' from command line to 'False'
[0.220s] Level 5:colcon.colcon_core.verb:set package 'object_detection_msgs' build argument 'ament_cmake_args' from command line to 'None'
[0.220s] Level 5:colcon.colcon_core.verb:set package 'object_detection_msgs' build argument 'catkin_cmake_args' from command line to 'None'
[0.220s] Level 5:colcon.colcon_core.verb:set package 'object_detection_msgs' build argument 'catkin_skip_building_tests' from command line to 'False'
[0.220s] DEBUG:colcon.colcon_core.verb:Building package 'object_detection_msgs' with the following arguments: {'ament_cmake_args': None, 'build_base': '/home/james/workspace/robofun-1.0/object-detection-ws/build/object_detection_msgs', 'catkin_cmake_args': None, 'catkin_skip_building_tests': False, 'cmake_args': None, 'cmake_clean_cache': False, 'cmake_clean_first': False, 'cmake_force_configure': False, 'cmake_target': None, 'cmake_target_skip_unavailable': False, 'install_base': '/home/james/workspace/robofun-1.0/object-detection-ws/install/object_detection_msgs', 'merge_install': False, 'path': '/home/james/workspace/robofun-1.0/object-detection-ws/src/object_detection_msgs', 'symlink_install': True, 'test_result_base': None}
[0.220s] Level 5:colcon.colcon_core.verb:set package 'yolobot_recognition' build argument 'cmake_args' from command line to 'None'
[0.220s] Level 5:colcon.colcon_core.verb:set package 'yolobot_recognition' build argument 'cmake_target' from command line to 'None'
[0.220s] Level 5:colcon.colcon_core.verb:set package 'yolobot_recognition' build argument 'cmake_target_skip_unavailable' from command line to 'False'
[0.220s] Level 5:colcon.colcon_core.verb:set package 'yolobot_recognition' build argument 'cmake_clean_cache' from command line to 'False'
[0.220s] Level 5:colcon.colcon_core.verb:set package 'yolobot_recognition' build argument 'cmake_clean_first' from command line to 'False'
[0.220s] Level 5:colcon.colcon_core.verb:set package 'yolobot_recognition' build argument 'cmake_force_configure' from command line to 'False'
[0.220s] Level 5:colcon.colcon_core.verb:set package 'yolobot_recognition' build argument 'ament_cmake_args' from command line to 'None'
[0.220s] Level 5:colcon.colcon_core.verb:set package 'yolobot_recognition' build argument 'catkin_cmake_args' from command line to 'None'
[0.220s] Level 5:colcon.colcon_core.verb:set package 'yolobot_recognition' build argument 'catkin_skip_building_tests' from command line to 'False'
[0.220s] DEBUG:colcon.colcon_core.verb:Building package 'yolobot_recognition' with the following arguments: {'ament_cmake_args': None, 'build_base': '/home/james/workspace/robofun-1.0/object-detection-ws/build/yolobot_recognition', 'catkin_cmake_args': None, 'catkin_skip_building_tests': False, 'cmake_args': None, 'cmake_clean_cache': False, 'cmake_clean_first': False, 'cmake_force_configure': False, 'cmake_target': None, 'cmake_target_skip_unavailable': False, 'install_base': '/home/james/workspace/robofun-1.0/object-detection-ws/install/yolobot_recognition', 'merge_install': False, 'path': '/home/james/workspace/robofun-1.0/object-detection-ws/src/yolobot_recognition', 'symlink_install': True, 'test_result_base': None}
[0.220s] Level 5:colcon.colcon_core.verb:set package 'yolov8_msgs' build argument 'cmake_args' from command line to 'None'
[0.220s] Level 5:colcon.colcon_core.verb:set package 'yolov8_msgs' build argument 'cmake_target' from command line to 'None'
[0.220s] Level 5:colcon.colcon_core.verb:set package 'yolov8_msgs' build argument 'cmake_target_skip_unavailable' from command line to 'False'
[0.220s] Level 5:colcon.colcon_core.verb:set package 'yolov8_msgs' build argument 'cmake_clean_cache' from command line to 'False'
[0.220s] Level 5:colcon.colcon_core.verb:set package 'yolov8_msgs' build argument 'cmake_clean_first' from command line to 'False'
[0.220s] Level 5:colcon.colcon_core.verb:set package 'yolov8_msgs' build argument 'cmake_force_configure' from command line to 'False'
[0.220s] Level 5:colcon.colcon_core.verb:set package 'yolov8_msgs' build argument 'ament_cmake_args' from command line to 'None'
[0.220s] Level 5:colcon.colcon_core.verb:set package 'yolov8_msgs' build argument 'catkin_cmake_args' from command line to 'None'
[0.220s] Level 5:colcon.colcon_core.verb:set package 'yolov8_msgs' build argument 'catkin_skip_building_tests' from command line to 'False'
[0.221s] DEBUG:colcon.colcon_core.verb:Building package 'yolov8_msgs' with the following arguments: {'ament_cmake_args': None, 'build_base': '/home/james/workspace/robofun-1.0/object-detection-ws/build/yolov8_msgs', 'catkin_cmake_args': None, 'catkin_skip_building_tests': False, 'cmake_args': None, 'cmake_clean_cache': False, 'cmake_clean_first': False, 'cmake_force_configure': False, 'cmake_target': None, 'cmake_target_skip_unavailable': False, 'install_base': '/home/james/workspace/robofun-1.0/object-detection-ws/install/yolov8_msgs', 'merge_install': False, 'path': '/home/james/workspace/robofun-1.0/object-detection-ws/src/yolov8_msgs', 'symlink_install': True, 'test_result_base': None}
[0.221s] INFO:colcon.colcon_core.executor:Executing jobs using 'parallel' executor
[0.221s] DEBUG:colcon.colcon_parallel_executor.executor.parallel:run_until_complete
[0.221s] INFO:colcon.colcon_ros.task.ament_python.build:Building ROS package in '/home/james/workspace/robofun-1.0/object-detection-ws/src/follow_waypoints' with build type 'ament_python'
[0.222s] Level 1:colcon.colcon_core.shell:create_environment_hook('follow_waypoints', 'ament_prefix_path')
[0.224s] INFO:colcon.colcon_core.plugin_system:Skipping extension 'colcon_core.shell.bat': Not used on non-Windows systems
[0.224s] INFO:colcon.colcon_core.shell:Creating environment hook '/home/james/workspace/robofun-1.0/object-detection-ws/install/follow_waypoints/share/follow_waypoints/hook/ament_prefix_path.ps1'
[0.225s] INFO:colcon.colcon_core.shell:Creating environment descriptor '/home/james/workspace/robofun-1.0/object-detection-ws/install/follow_waypoints/share/follow_waypoints/hook/ament_prefix_path.dsv'
[0.225s] INFO:colcon.colcon_core.shell:Creating environment hook '/home/james/workspace/robofun-1.0/object-detection-ws/install/follow_waypoints/share/follow_waypoints/hook/ament_prefix_path.sh'
[0.226s] INFO:colcon.colcon_core.shell:Skip shell extension 'powershell' for command environment: Not usable outside of PowerShell
[0.226s] DEBUG:colcon.colcon_core.shell:Skip shell extension 'dsv' for command environment
[0.229s] INFO:colcon.colcon_ros.task.ament_python.build:Building ROS package in '/home/james/workspace/robofun-1.0/object-detection-ws/src/object_detection' with build type 'ament_python'
[0.229s] Level 1:colcon.colcon_core.shell:create_environment_hook('object_detection', 'ament_prefix_path')
[0.229s] INFO:colcon.colcon_core.shell:Creating environment hook '/home/james/workspace/robofun-1.0/object-detection-ws/install/object_detection/share/object_detection/hook/ament_prefix_path.ps1'
[0.229s] INFO:colcon.colcon_core.shell:Creating environment descriptor '/home/james/workspace/robofun-1.0/object-detection-ws/install/object_detection/share/object_detection/hook/ament_prefix_path.dsv'
[0.230s] INFO:colcon.colcon_core.shell:Creating environment hook '/home/james/workspace/robofun-1.0/object-detection-ws/install/object_detection/share/object_detection/hook/ament_prefix_path.sh'
[0.230s] INFO:colcon.colcon_core.shell:Skip shell extension 'powershell' for command environment: Not usable outside of PowerShell
[0.230s] DEBUG:colcon.colcon_core.shell:Skip shell extension 'dsv' for command environment
[0.233s] INFO:colcon.colcon_ros.task.ament_cmake.build:Building ROS package in '/home/james/workspace/robofun-1.0/object-detection-ws/src/object_detection_msgs' with build type 'ament_cmake'
[0.233s] INFO:colcon.colcon_cmake.task.cmake.build:Building CMake package in '/home/james/workspace/robofun-1.0/object-detection-ws/src/object_detection_msgs'
[0.233s] INFO:colcon.colcon_core.shell:Skip shell extension 'powershell' for command environment: Not usable outside of PowerShell
[0.233s] DEBUG:colcon.colcon_core.shell:Skip shell extension 'dsv' for command environment
[0.237s] INFO:colcon.colcon_ros.task.ament_cmake.build:Building ROS package in '/home/james/workspace/robofun-1.0/object-detection-ws/src/yolobot_recognition' with build type 'ament_cmake'
[0.237s] INFO:colcon.colcon_cmake.task.cmake.build:Building CMake package in '/home/james/workspace/robofun-1.0/object-detection-ws/src/yolobot_recognition'
[0.237s] INFO:colcon.colcon_core.shell:Skip shell extension 'powershell' for command environment: Not usable outside of PowerShell
[0.237s] DEBUG:colcon.colcon_core.shell:Skip shell extension 'dsv' for command environment
[0.241s] INFO:colcon.colcon_ros.task.ament_cmake.build:Building ROS package in '/home/james/workspace/robofun-1.0/object-detection-ws/src/yolov8_msgs' with build type 'ament_cmake'
[0.241s] INFO:colcon.colcon_cmake.task.cmake.build:Building CMake package in '/home/james/workspace/robofun-1.0/object-detection-ws/src/yolov8_msgs'
[0.241s] INFO:colcon.colcon_core.shell:Skip shell extension 'powershell' for command environment: Not usable outside of PowerShell
[0.241s] DEBUG:colcon.colcon_core.shell:Skip shell extension 'dsv' for command environment
[0.391s] INFO:colcon.colcon_core.task.python.build:Building Python package in '/home/james/workspace/robofun-1.0/object-detection-ws/src/follow_waypoints'
[0.392s] INFO:colcon.colcon_core.shell:Skip shell extension 'powershell' for command environment: Not usable outside of PowerShell
[0.392s] DEBUG:colcon.colcon_core.shell:Skip shell extension 'dsv' for command environment
[0.533s] INFO:colcon.colcon_core.task.python.build:Building Python package in '/home/james/workspace/robofun-1.0/object-detection-ws/src/object_detection'
[0.534s] INFO:colcon.colcon_core.shell:Skip shell extension 'powershell' for command environment: Not usable outside of PowerShell
[0.534s] DEBUG:colcon.colcon_core.shell:Skip shell extension 'dsv' for command environment
[0.539s] DEBUG:colcon.colcon_core.event_handler.log_command:Invoking command in '/home/james/workspace/robofun-1.0/object-detection-ws/build/object_detection_msgs': CMAKE_PREFIX_PATH=${CMAKE_PREFIX_PATH}:/home/james/turtlebot3_ws/install/turtlebot3_teleop:/home/james/turtlebot3_ws/install/turtlebot3_example:/home/james/turtlebot3_ws/install/follow_waypoints:/opt/ros/humble /usr/bin/cmake /home/james/workspace/robofun-1.0/object-detection-ws/src/object_detection_msgs -DAMENT_CMAKE_SYMLINK_INSTALL=1 -DCMAKE_INSTALL_PREFIX=/home/james/workspace/robofun-1.0/object-detection-ws/install/object_detection_msgs
[0.545s] DEBUG:colcon.colcon_core.event_handler.log_command:Invoking command in '/home/james/workspace/robofun-1.0/object-detection-ws/build/yolobot_recognition': CMAKE_PREFIX_PATH=${CMAKE_PREFIX_PATH}:/home/james/turtlebot3_ws/install/turtlebot3_teleop:/home/james/turtlebot3_ws/install/turtlebot3_example:/home/james/turtlebot3_ws/install/follow_waypoints:/opt/ros/humble /usr/bin/cmake /home/james/workspace/robofun-1.0/object-detection-ws/src/yolobot_recognition -DAMENT_CMAKE_SYMLINK_INSTALL=1 -DCMAKE_INSTALL_PREFIX=/home/james/workspace/robofun-1.0/object-detection-ws/install/yolobot_recognition
[0.548s] DEBUG:colcon.colcon_core.event_handler.log_command:Invoking command in '/home/james/workspace/robofun-1.0/object-detection-ws/build/yolov8_msgs': CMAKE_PREFIX_PATH=${CMAKE_PREFIX_PATH}:/home/james/turtlebot3_ws/install/turtlebot3_teleop:/home/james/turtlebot3_ws/install/turtlebot3_example:/home/james/turtlebot3_ws/install/follow_waypoints:/opt/ros/humble /usr/bin/cmake /home/james/workspace/robofun-1.0/object-detection-ws/src/yolov8_msgs -DAMENT_CMAKE_SYMLINK_INSTALL=1 -DCMAKE_INSTALL_PREFIX=/home/james/workspace/robofun-1.0/object-detection-ws/install/yolov8_msgs
[1.117s] DEBUG:colcon.colcon_core.event_handler.log_command:Invoking command in '/home/james/workspace/robofun-1.0/object-detection-ws/build/follow_waypoints': PYTHONPATH=/home/james/workspace/robofun-1.0/object-detection-ws/build/follow_waypoints/prefix_override:/usr/lib/python3/dist-packages/colcon_core/task/python/colcon_distutils_commands:/home/james/workspace/robofun-1.0/object-detection-ws/install/follow_waypoints/lib/python3.10/site-packages:${PYTHONPATH} /usr/bin/python3 -W ignore:setup.py install is deprecated setup.py develop --editable --build-directory /home/james/workspace/robofun-1.0/object-detection-ws/build/follow_waypoints/build --no-deps symlink_data
[1.125s] DEBUG:colcon.colcon_core.event_handler.log_command:Invoking command in '/home/james/workspace/robofun-1.0/object-detection-ws/build/object_detection': PYTHONPATH=/home/james/workspace/robofun-1.0/object-detection-ws/build/object_detection/prefix_override:/usr/lib/python3/dist-packages/colcon_core/task/python/colcon_distutils_commands:/home/james/workspace/robofun-1.0/object-detection-ws/install/object_detection/lib/python3.10/site-packages:${PYTHONPATH} /usr/bin/python3 -W ignore:setup.py install is deprecated setup.py develop --editable --build-directory /home/james/workspace/robofun-1.0/object-detection-ws/build/object_detection/build --no-deps symlink_data
[1.591s] DEBUG:colcon.colcon_core.event_handler.log_command:Invoked command in '/home/james/workspace/robofun-1.0/object-detection-ws/build/yolobot_recognition' returned '0': CMAKE_PREFIX_PATH=${CMAKE_PREFIX_PATH}:/home/james/turtlebot3_ws/install/turtlebot3_teleop:/home/james/turtlebot3_ws/install/turtlebot3_example:/home/james/turtlebot3_ws/install/follow_waypoints:/opt/ros/humble /usr/bin/cmake /home/james/workspace/robofun-1.0/object-detection-ws/src/yolobot_recognition -DAMENT_CMAKE_SYMLINK_INSTALL=1 -DCMAKE_INSTALL_PREFIX=/home/james/workspace/robofun-1.0/object-detection-ws/install/yolobot_recognition
[1.594s] DEBUG:colcon.colcon_core.event_handler.log_command:Invoking command in '/home/james/workspace/robofun-1.0/object-detection-ws/build/yolobot_recognition': CMAKE_PREFIX_PATH=${CMAKE_PREFIX_PATH}:/home/james/turtlebot3_ws/install/turtlebot3_teleop:/home/james/turtlebot3_ws/install/turtlebot3_example:/home/james/turtlebot3_ws/install/follow_waypoints:/opt/ros/humble /usr/bin/cmake --build /home/james/workspace/robofun-1.0/object-detection-ws/build/yolobot_recognition -- -j20 -l20
[1.635s] DEBUG:colcon.colcon_core.event_handler.log_command:Invoked command in '/home/james/workspace/robofun-1.0/object-detection-ws/build/yolobot_recognition' returned '0': CMAKE_PREFIX_PATH=${CMAKE_PREFIX_PATH}:/home/james/turtlebot3_ws/install/turtlebot3_teleop:/home/james/turtlebot3_ws/install/turtlebot3_example:/home/james/turtlebot3_ws/install/follow_waypoints:/opt/ros/humble /usr/bin/cmake --build /home/james/workspace/robofun-1.0/object-detection-ws/build/yolobot_recognition -- -j20 -l20
[1.675s] DEBUG:colcon.colcon_core.event_handler.log_command:Invoking command in '/home/james/workspace/robofun-1.0/object-detection-ws/build/yolobot_recognition': CMAKE_PREFIX_PATH=${CMAKE_PREFIX_PATH}:/home/james/turtlebot3_ws/install/turtlebot3_teleop:/home/james/turtlebot3_ws/install/turtlebot3_example:/home/james/turtlebot3_ws/install/follow_waypoints:/opt/ros/humble /usr/bin/cmake --install /home/james/workspace/robofun-1.0/object-detection-ws/build/yolobot_recognition
[1.728s] Level 1:colcon.colcon_core.shell:create_environment_hook('follow_waypoints', 'pythonpath_develop')
[1.729s] INFO:colcon.colcon_core.shell:Creating environment hook '/home/james/workspace/robofun-1.0/object-detection-ws/build/follow_waypoints/share/follow_waypoints/hook/pythonpath_develop.ps1'
[1.730s] DEBUG:colcon.colcon_core.event_handler.log_command:Invoked command in '/home/james/workspace/robofun-1.0/object-detection-ws/build/follow_waypoints' returned '0': PYTHONPATH=/home/james/workspace/robofun-1.0/object-detection-ws/build/follow_waypoints/prefix_override:/usr/lib/python3/dist-packages/colcon_core/task/python/colcon_distutils_commands:/home/james/workspace/robofun-1.0/object-detection-ws/install/follow_waypoints/lib/python3.10/site-packages:${PYTHONPATH} /usr/bin/python3 -W ignore:setup.py install is deprecated setup.py develop --editable --build-directory /home/james/workspace/robofun-1.0/object-detection-ws/build/follow_waypoints/build --no-deps symlink_data
[1.730s] INFO:colcon.colcon_core.shell:Creating environment descriptor '/home/james/workspace/robofun-1.0/object-detection-ws/build/follow_waypoints/share/follow_waypoints/hook/pythonpath_develop.dsv'
[1.731s] INFO:colcon.colcon_core.shell:Creating environment hook '/home/james/workspace/robofun-1.0/object-detection-ws/build/follow_waypoints/share/follow_waypoints/hook/pythonpath_develop.sh'
[1.736s] Level 1:colcon.colcon_core.environment:checking '/home/james/workspace/robofun-1.0/object-detection-ws/install/follow_waypoints' for CMake module files
[1.737s] Level 1:colcon.colcon_core.environment:checking '/home/james/workspace/robofun-1.0/object-detection-ws/install/follow_waypoints' for CMake config files
[1.738s] Level 1:colcon.colcon_core.environment:checking '/home/james/workspace/robofun-1.0/object-detection-ws/install/follow_waypoints/lib'
[1.738s] Level 1:colcon.colcon_core.environment:checking '/home/james/workspace/robofun-1.0/object-detection-ws/install/follow_waypoints/bin'
[1.738s] Level 1:colcon.colcon_core.environment:checking '/home/james/workspace/robofun-1.0/object-detection-ws/install/follow_waypoints/lib/pkgconfig/follow_waypoints.pc'
[1.738s] Level 1:colcon.colcon_core.environment:checking '/home/james/workspace/robofun-1.0/object-detection-ws/install/follow_waypoints/lib/python3.10/site-packages'
[1.738s] Level 1:colcon.colcon_core.shell:create_environment_hook('follow_waypoints', 'pythonpath')
[1.739s] INFO:colcon.colcon_core.shell:Creating environment hook '/home/james/workspace/robofun-1.0/object-detection-ws/install/follow_waypoints/share/follow_waypoints/hook/pythonpath.ps1'
[1.739s] INFO:colcon.colcon_core.shell:Creating environment descriptor '/home/james/workspace/robofun-1.0/object-detection-ws/install/follow_waypoints/share/follow_waypoints/hook/pythonpath.dsv'
[1.740s] INFO:colcon.colcon_core.shell:Creating environment hook '/home/james/workspace/robofun-1.0/object-detection-ws/install/follow_waypoints/share/follow_waypoints/hook/pythonpath.sh'
[1.740s] Level 1:colcon.colcon_core.environment:checking '/home/james/workspace/robofun-1.0/object-detection-ws/install/follow_waypoints/bin'
[1.740s] Level 1:colcon.colcon_core.environment:create_environment_scripts_only(follow_waypoints)
[1.741s] INFO:colcon.colcon_core.shell:Creating package script '/home/james/workspace/robofun-1.0/object-detection-ws/install/follow_waypoints/share/follow_waypoints/package.ps1'
[1.742s] INFO:colcon.colcon_core.shell:Creating package descriptor '/home/james/workspace/robofun-1.0/object-detection-ws/install/follow_waypoints/share/follow_waypoints/package.dsv'
[1.743s] INFO:colcon.colcon_core.shell:Creating package script '/home/james/workspace/robofun-1.0/object-detection-ws/install/follow_waypoints/share/follow_waypoints/package.sh'
[1.744s] INFO:colcon.colcon_core.shell:Creating package script '/home/james/workspace/robofun-1.0/object-detection-ws/install/follow_waypoints/share/follow_waypoints/package.bash'
[1.745s] INFO:colcon.colcon_core.shell:Creating package script '/home/james/workspace/robofun-1.0/object-detection-ws/install/follow_waypoints/share/follow_waypoints/package.zsh'
[1.745s] Level 1:colcon.colcon_core.environment:create_file_with_runtime_dependencies(/home/james/workspace/robofun-1.0/object-detection-ws/install/follow_waypoints/share/colcon-core/packages/follow_waypoints)
[1.747s] Level 1:colcon.colcon_core.shell:create_environment_hook('object_detection', 'pythonpath_develop')
[1.748s] INFO:colcon.colcon_core.shell:Creating environment hook '/home/james/workspace/robofun-1.0/object-detection-ws/build/object_detection/share/object_detection/hook/pythonpath_develop.ps1'
[1.748s] DEBUG:colcon.colcon_core.event_handler.log_command:Invoked command in '/home/james/workspace/robofun-1.0/object-detection-ws/build/object_detection' returned '0': PYTHONPATH=/home/james/workspace/robofun-1.0/object-detection-ws/build/object_detection/prefix_override:/usr/lib/python3/dist-packages/colcon_core/task/python/colcon_distutils_commands:/home/james/workspace/robofun-1.0/object-detection-ws/install/object_detection/lib/python3.10/site-packages:${PYTHONPATH} /usr/bin/python3 -W ignore:setup.py install is deprecated setup.py develop --editable --build-directory /home/james/workspace/robofun-1.0/object-detection-ws/build/object_detection/build --no-deps symlink_data
[1.749s] INFO:colcon.colcon_core.shell:Creating environment descriptor '/home/james/workspace/robofun-1.0/object-detection-ws/build/object_detection/share/object_detection/hook/pythonpath_develop.dsv'
[1.749s] INFO:colcon.colcon_core.shell:Creating environment hook '/home/james/workspace/robofun-1.0/object-detection-ws/build/object_detection/share/object_detection/hook/pythonpath_develop.sh'
[1.750s] Level 1:colcon.colcon_core.environment:checking '/home/james/workspace/robofun-1.0/object-detection-ws/install/object_detection' for CMake module files
[1.751s] Level 1:colcon.colcon_core.environment:checking '/home/james/workspace/robofun-1.0/object-detection-ws/install/object_detection' for CMake config files
[1.751s] Level 1:colcon.colcon_core.environment:checking '/home/james/workspace/robofun-1.0/object-detection-ws/install/object_detection/lib'
[1.751s] Level 1:colcon.colcon_core.environment:checking '/home/james/workspace/robofun-1.0/object-detection-ws/install/object_detection/bin'
[1.752s] Level 1:colcon.colcon_core.environment:checking '/home/james/workspace/robofun-1.0/object-detection-ws/install/object_detection/lib/pkgconfig/object_detection.pc'
[1.752s] Level 1:colcon.colcon_core.environment:checking '/home/james/workspace/robofun-1.0/object-detection-ws/install/object_detection/lib/python3.10/site-packages'
[1.752s] Level 1:colcon.colcon_core.shell:create_environment_hook('object_detection', 'pythonpath')
[1.752s] INFO:colcon.colcon_core.shell:Creating environment hook '/home/james/workspace/robofun-1.0/object-detection-ws/install/object_detection/share/object_detection/hook/pythonpath.ps1'
[1.752s] INFO:colcon.colcon_core.shell:Creating environment descriptor '/home/james/workspace/robofun-1.0/object-detection-ws/install/object_detection/share/object_detection/hook/pythonpath.dsv'
[1.753s] INFO:colcon.colcon_core.shell:Creating environment hook '/home/james/workspace/robofun-1.0/object-detection-ws/install/object_detection/share/object_detection/hook/pythonpath.sh'
[1.753s] Level 1:colcon.colcon_core.environment:checking '/home/james/workspace/robofun-1.0/object-detection-ws/install/object_detection/bin'
[1.753s] Level 1:colcon.colcon_core.environment:create_environment_scripts_only(object_detection)
[1.754s] INFO:colcon.colcon_core.shell:Creating package script '/home/james/workspace/robofun-1.0/object-detection-ws/install/object_detection/share/object_detection/package.ps1'
[1.754s] INFO:colcon.colcon_core.shell:Creating package descriptor '/home/james/workspace/robofun-1.0/object-detection-ws/install/object_detection/share/object_detection/package.dsv'
[1.754s] INFO:colcon.colcon_core.shell:Creating package script '/home/james/workspace/robofun-1.0/object-detection-ws/install/object_detection/share/object_detection/package.sh'
[1.755s] INFO:colcon.colcon_core.shell:Creating package script '/home/james/workspace/robofun-1.0/object-detection-ws/install/object_detection/share/object_detection/package.bash'
[1.755s] INFO:colcon.colcon_core.shell:Creating package script '/home/james/workspace/robofun-1.0/object-detection-ws/install/object_detection/share/object_detection/package.zsh'
[1.756s] Level 1:colcon.colcon_core.environment:create_file_with_runtime_dependencies(/home/james/workspace/robofun-1.0/object-detection-ws/install/object_detection/share/colcon-core/packages/object_detection)
[1.897s] Level 1:colcon.colcon_core.environment:create_environment_scripts_only(yolobot_recognition)
[1.898s] Level 1:colcon.colcon_core.environment:checking '/home/james/workspace/robofun-1.0/object-detection-ws/install/yolobot_recognition' for CMake module files
[1.899s] DEBUG:colcon.colcon_core.event_handler.log_command:Invoked command in '/home/james/workspace/robofun-1.0/object-detection-ws/build/yolobot_recognition' returned '0': CMAKE_PREFIX_PATH=${CMAKE_PREFIX_PATH}:/home/james/turtlebot3_ws/install/turtlebot3_teleop:/home/james/turtlebot3_ws/install/turtlebot3_example:/home/james/turtlebot3_ws/install/follow_waypoints:/opt/ros/humble /usr/bin/cmake --install /home/james/workspace/robofun-1.0/object-detection-ws/build/yolobot_recognition
[1.899s] Level 1:colcon.colcon_core.environment:checking '/home/james/workspace/robofun-1.0/object-detection-ws/install/yolobot_recognition' for CMake config files
[1.900s] Level 1:colcon.colcon_core.shell:create_environment_hook('yolobot_recognition', 'cmake_prefix_path')
[1.900s] INFO:colcon.colcon_core.shell:Creating environment hook '/home/james/workspace/robofun-1.0/object-detection-ws/install/yolobot_recognition/share/yolobot_recognition/hook/cmake_prefix_path.ps1'
[1.901s] INFO:colcon.colcon_core.shell:Creating environment descriptor '/home/james/workspace/robofun-1.0/object-detection-ws/install/yolobot_recognition/share/yolobot_recognition/hook/cmake_prefix_path.dsv'
[1.901s] INFO:colcon.colcon_core.shell:Creating environment hook '/home/james/workspace/robofun-1.0/object-detection-ws/install/yolobot_recognition/share/yolobot_recognition/hook/cmake_prefix_path.sh'
[1.901s] Level 1:colcon.colcon_core.environment:checking '/home/james/workspace/robofun-1.0/object-detection-ws/install/yolobot_recognition/lib'
[1.901s] Level 1:colcon.colcon_core.environment:checking '/home/james/workspace/robofun-1.0/object-detection-ws/install/yolobot_recognition/bin'
[1.901s] Level 1:colcon.colcon_core.environment:checking '/home/james/workspace/robofun-1.0/object-detection-ws/install/yolobot_recognition/lib/pkgconfig/yolobot_recognition.pc'
[1.902s] Level 1:colcon.colcon_core.environment:checking '/home/james/workspace/robofun-1.0/object-detection-ws/install/yolobot_recognition/lib/python3.10/site-packages'
[1.902s] Level 1:colcon.colcon_core.environment:checking '/home/james/workspace/robofun-1.0/object-detection-ws/install/yolobot_recognition/bin'
[1.902s] INFO:colcon.colcon_core.shell:Creating package script '/home/james/workspace/robofun-1.0/object-detection-ws/install/yolobot_recognition/share/yolobot_recognition/package.ps1'
[1.902s] INFO:colcon.colcon_core.shell:Creating package descriptor '/home/james/workspace/robofun-1.0/object-detection-ws/install/yolobot_recognition/share/yolobot_recognition/package.dsv'
[1.903s] INFO:colcon.colcon_core.shell:Creating package script '/home/james/workspace/robofun-1.0/object-detection-ws/install/yolobot_recognition/share/yolobot_recognition/package.sh'
[1.903s] INFO:colcon.colcon_core.shell:Creating package script '/home/james/workspace/robofun-1.0/object-detection-ws/install/yolobot_recognition/share/yolobot_recognition/package.bash'
[1.903s] INFO:colcon.colcon_core.shell:Creating package script '/home/james/workspace/robofun-1.0/object-detection-ws/install/yolobot_recognition/share/yolobot_recognition/package.zsh'
[1.903s] Level 1:colcon.colcon_core.environment:create_file_with_runtime_dependencies(/home/james/workspace/robofun-1.0/object-detection-ws/install/yolobot_recognition/share/colcon-core/packages/yolobot_recognition)
[1.927s] Level 1:colcon.colcon_core.environment:create_environment_scripts_only(yolobot_recognition)
[1.928s] Level 1:colcon.colcon_core.environment:checking '/home/james/workspace/robofun-1.0/object-detection-ws/install/yolobot_recognition' for CMake module files
[1.928s] Level 1:colcon.colcon_core.environment:checking '/home/james/workspace/robofun-1.0/object-detection-ws/install/yolobot_recognition' for CMake config files
[1.929s] Level 1:colcon.colcon_core.shell:create_environment_hook('yolobot_recognition', 'cmake_prefix_path')
[1.929s] INFO:colcon.colcon_core.shell:Creating environment hook '/home/james/workspace/robofun-1.0/object-detection-ws/install/yolobot_recognition/share/yolobot_recognition/hook/cmake_prefix_path.ps1'
[1.929s] INFO:colcon.colcon_core.shell:Creating environment descriptor '/home/james/workspace/robofun-1.0/object-detection-ws/install/yolobot_recognition/share/yolobot_recognition/hook/cmake_prefix_path.dsv'
[1.929s] INFO:colcon.colcon_core.shell:Creating environment hook '/home/james/workspace/robofun-1.0/object-detection-ws/install/yolobot_recognition/share/yolobot_recognition/hook/cmake_prefix_path.sh'
[1.930s] Level 1:colcon.colcon_core.environment:checking '/home/james/workspace/robofun-1.0/object-detection-ws/install/yolobot_recognition/lib'
[1.930s] Level 1:colcon.colcon_core.environment:checking '/home/james/workspace/robofun-1.0/object-detection-ws/install/yolobot_recognition/bin'
[1.930s] Level 1:colcon.colcon_core.environment:checking '/home/james/workspace/robofun-1.0/object-detection-ws/install/yolobot_recognition/lib/pkgconfig/yolobot_recognition.pc'
[1.930s] Level 1:colcon.colcon_core.environment:checking '/home/james/workspace/robofun-1.0/object-detection-ws/install/yolobot_recognition/lib/python3.10/site-packages'
[1.930s] Level 1:colcon.colcon_core.environment:checking '/home/james/workspace/robofun-1.0/object-detection-ws/install/yolobot_recognition/bin'
[1.931s] INFO:colcon.colcon_core.shell:Creating package script '/home/james/workspace/robofun-1.0/object-detection-ws/install/yolobot_recognition/share/yolobot_recognition/package.ps1'
[1.931s] INFO:colcon.colcon_core.shell:Creating package descriptor '/home/james/workspace/robofun-1.0/object-detection-ws/install/yolobot_recognition/share/yolobot_recognition/package.dsv'
[1.931s] INFO:colcon.colcon_core.shell:Creating package script '/home/james/workspace/robofun-1.0/object-detection-ws/install/yolobot_recognition/share/yolobot_recognition/package.sh'
[1.932s] INFO:colcon.colcon_core.shell:Creating package script '/home/james/workspace/robofun-1.0/object-detection-ws/install/yolobot_recognition/share/yolobot_recognition/package.bash'
[1.932s] INFO:colcon.colcon_core.shell:Creating package script '/home/james/workspace/robofun-1.0/object-detection-ws/install/yolobot_recognition/share/yolobot_recognition/package.zsh'
[1.932s] Level 1:colcon.colcon_core.environment:create_file_with_runtime_dependencies(/home/james/workspace/robofun-1.0/object-detection-ws/install/yolobot_recognition/share/colcon-core/packages/yolobot_recognition)
[2.493s] DEBUG:colcon.colcon_core.event_handler.log_command:Invoked command in '/home/james/workspace/robofun-1.0/object-detection-ws/build/object_detection_msgs' returned '0': CMAKE_PREFIX_PATH=${CMAKE_PREFIX_PATH}:/home/james/turtlebot3_ws/install/turtlebot3_teleop:/home/james/turtlebot3_ws/install/turtlebot3_example:/home/james/turtlebot3_ws/install/follow_waypoints:/opt/ros/humble /usr/bin/cmake /home/james/workspace/robofun-1.0/object-detection-ws/src/object_detection_msgs -DAMENT_CMAKE_SYMLINK_INSTALL=1 -DCMAKE_INSTALL_PREFIX=/home/james/workspace/robofun-1.0/object-detection-ws/install/object_detection_msgs
[2.493s] DEBUG:colcon.colcon_core.event_handler.log_command:Invoking command in '/home/james/workspace/robofun-1.0/object-detection-ws/build/object_detection_msgs': CMAKE_PREFIX_PATH=${CMAKE_PREFIX_PATH}:/home/james/turtlebot3_ws/install/turtlebot3_teleop:/home/james/turtlebot3_ws/install/turtlebot3_example:/home/james/turtlebot3_ws/install/follow_waypoints:/opt/ros/humble /usr/bin/cmake --build /home/james/workspace/robofun-1.0/object-detection-ws/build/object_detection_msgs -- -j20 -l20
[2.507s] DEBUG:colcon.colcon_core.event_handler.log_command:Invoked command in '/home/james/workspace/robofun-1.0/object-detection-ws/build/yolov8_msgs' returned '0': CMAKE_PREFIX_PATH=${CMAKE_PREFIX_PATH}:/home/james/turtlebot3_ws/install/turtlebot3_teleop:/home/james/turtlebot3_ws/install/turtlebot3_example:/home/james/turtlebot3_ws/install/follow_waypoints:/opt/ros/humble /usr/bin/cmake /home/james/workspace/robofun-1.0/object-detection-ws/src/yolov8_msgs -DAMENT_CMAKE_SYMLINK_INSTALL=1 -DCMAKE_INSTALL_PREFIX=/home/james/workspace/robofun-1.0/object-detection-ws/install/yolov8_msgs
[2.507s] DEBUG:colcon.colcon_core.event_handler.log_command:Invoking command in '/home/james/workspace/robofun-1.0/object-detection-ws/build/yolov8_msgs': CMAKE_PREFIX_PATH=${CMAKE_PREFIX_PATH}:/home/james/turtlebot3_ws/install/turtlebot3_teleop:/home/james/turtlebot3_ws/install/turtlebot3_example:/home/james/turtlebot3_ws/install/follow_waypoints:/opt/ros/humble /usr/bin/cmake --build /home/james/workspace/robofun-1.0/object-detection-ws/build/yolov8_msgs -- -j20 -l20
[5.120s] DEBUG:colcon.colcon_core.event_handler.log_command:Invoked command in '/home/james/workspace/robofun-1.0/object-detection-ws/build/yolov8_msgs' returned '0': CMAKE_PREFIX_PATH=${CMAKE_PREFIX_PATH}:/home/james/turtlebot3_ws/install/turtlebot3_teleop:/home/james/turtlebot3_ws/install/turtlebot3_example:/home/james/turtlebot3_ws/install/follow_waypoints:/opt/ros/humble /usr/bin/cmake --build /home/james/workspace/robofun-1.0/object-detection-ws/build/yolov8_msgs -- -j20 -l20
[5.216s] DEBUG:colcon.colcon_core.event_handler.log_command:Invoking command in '/home/james/workspace/robofun-1.0/object-detection-ws/build/yolov8_msgs': CMAKE_PREFIX_PATH=${CMAKE_PREFIX_PATH}:/home/james/turtlebot3_ws/install/turtlebot3_teleop:/home/james/turtlebot3_ws/install/turtlebot3_example:/home/james/turtlebot3_ws/install/follow_waypoints:/opt/ros/humble /usr/bin/cmake --install /home/james/workspace/robofun-1.0/object-detection-ws/build/yolov8_msgs
[5.402s] DEBUG:colcon.colcon_core.event_handler.log_command:Invoked command in '/home/james/workspace/robofun-1.0/object-detection-ws/build/object_detection_msgs' returned '0': CMAKE_PREFIX_PATH=${CMAKE_PREFIX_PATH}:/home/james/turtlebot3_ws/install/turtlebot3_teleop:/home/james/turtlebot3_ws/install/turtlebot3_example:/home/james/turtlebot3_ws/install/follow_waypoints:/opt/ros/humble /usr/bin/cmake --build /home/james/workspace/robofun-1.0/object-detection-ws/build/object_detection_msgs -- -j20 -l20
[5.489s] DEBUG:colcon.colcon_core.event_handler.log_command:Invoking command in '/home/james/workspace/robofun-1.0/object-detection-ws/build/object_detection_msgs': CMAKE_PREFIX_PATH=${CMAKE_PREFIX_PATH}:/home/james/turtlebot3_ws/install/turtlebot3_teleop:/home/james/turtlebot3_ws/install/turtlebot3_example:/home/james/turtlebot3_ws/install/follow_waypoints:/opt/ros/humble /usr/bin/cmake --install /home/james/workspace/robofun-1.0/object-detection-ws/build/object_detection_msgs
[5.932s] Level 1:colcon.colcon_core.environment:create_environment_scripts_only(yolov8_msgs)
[5.932s] Level 1:colcon.colcon_core.environment:checking '/home/james/workspace/robofun-1.0/object-detection-ws/install/yolov8_msgs' for CMake module files
[5.932s] DEBUG:colcon.colcon_core.event_handler.log_command:Invoked command in '/home/james/workspace/robofun-1.0/object-detection-ws/build/yolov8_msgs' returned '0': CMAKE_PREFIX_PATH=${CMAKE_PREFIX_PATH}:/home/james/turtlebot3_ws/install/turtlebot3_teleop:/home/james/turtlebot3_ws/install/turtlebot3_example:/home/james/turtlebot3_ws/install/follow_waypoints:/opt/ros/humble /usr/bin/cmake --install /home/james/workspace/robofun-1.0/object-detection-ws/build/yolov8_msgs
[5.933s] Level 1:colcon.colcon_core.environment:checking '/home/james/workspace/robofun-1.0/object-detection-ws/install/yolov8_msgs' for CMake config files
[5.933s] Level 1:colcon.colcon_core.shell:create_environment_hook('yolov8_msgs', 'cmake_prefix_path')
[5.933s] INFO:colcon.colcon_core.shell:Creating environment hook '/home/james/workspace/robofun-1.0/object-detection-ws/install/yolov8_msgs/share/yolov8_msgs/hook/cmake_prefix_path.ps1'
[5.934s] INFO:colcon.colcon_core.shell:Creating environment descriptor '/home/james/workspace/robofun-1.0/object-detection-ws/install/yolov8_msgs/share/yolov8_msgs/hook/cmake_prefix_path.dsv'
[5.934s] INFO:colcon.colcon_core.shell:Creating environment hook '/home/james/workspace/robofun-1.0/object-detection-ws/install/yolov8_msgs/share/yolov8_msgs/hook/cmake_prefix_path.sh'
[5.935s] Level 1:colcon.colcon_core.environment:checking '/home/james/workspace/robofun-1.0/object-detection-ws/install/yolov8_msgs/lib'
[5.935s] Level 1:colcon.colcon_core.shell:create_environment_hook('yolov8_msgs', 'ld_library_path_lib')
[5.935s] INFO:colcon.colcon_core.shell:Creating environment hook '/home/james/workspace/robofun-1.0/object-detection-ws/install/yolov8_msgs/share/yolov8_msgs/hook/ld_library_path_lib.ps1'
[5.935s] INFO:colcon.colcon_core.shell:Creating environment descriptor '/home/james/workspace/robofun-1.0/object-detection-ws/install/yolov8_msgs/share/yolov8_msgs/hook/ld_library_path_lib.dsv'
[5.935s] INFO:colcon.colcon_core.shell:Creating environment hook '/home/james/workspace/robofun-1.0/object-detection-ws/install/yolov8_msgs/share/yolov8_msgs/hook/ld_library_path_lib.sh'
[5.935s] Level 1:colcon.colcon_core.environment:checking '/home/james/workspace/robofun-1.0/object-detection-ws/install/yolov8_msgs/bin'
[5.936s] Level 1:colcon.colcon_core.environment:checking '/home/james/workspace/robofun-1.0/object-detection-ws/install/yolov8_msgs/lib/pkgconfig/yolov8_msgs.pc'
[5.936s] Level 1:colcon.colcon_core.environment:checking '/home/james/workspace/robofun-1.0/object-detection-ws/install/yolov8_msgs/lib/python3.10/site-packages'
[5.936s] Level 1:colcon.colcon_core.environment:checking '/home/james/workspace/robofun-1.0/object-detection-ws/install/yolov8_msgs/bin'
[5.936s] INFO:colcon.colcon_core.shell:Creating package script '/home/james/workspace/robofun-1.0/object-detection-ws/install/yolov8_msgs/share/yolov8_msgs/package.ps1'
[5.936s] INFO:colcon.colcon_core.shell:Creating package descriptor '/home/james/workspace/robofun-1.0/object-detection-ws/install/yolov8_msgs/share/yolov8_msgs/package.dsv'
[5.937s] INFO:colcon.colcon_core.shell:Creating package script '/home/james/workspace/robofun-1.0/object-detection-ws/install/yolov8_msgs/share/yolov8_msgs/package.sh'
[5.937s] INFO:colcon.colcon_core.shell:Creating package script '/home/james/workspace/robofun-1.0/object-detection-ws/install/yolov8_msgs/share/yolov8_msgs/package.bash'
[5.937s] INFO:colcon.colcon_core.shell:Creating package script '/home/james/workspace/robofun-1.0/object-detection-ws/install/yolov8_msgs/share/yolov8_msgs/package.zsh'
[5.937s] Level 1:colcon.colcon_core.environment:create_file_with_runtime_dependencies(/home/james/workspace/robofun-1.0/object-detection-ws/install/yolov8_msgs/share/colcon-core/packages/yolov8_msgs)
[6.041s] Level 1:colcon.colcon_core.environment:create_environment_scripts_only(yolov8_msgs)
[6.041s] Level 1:colcon.colcon_core.environment:checking '/home/james/workspace/robofun-1.0/object-detection-ws/install/yolov8_msgs' for CMake module files
[6.042s] Level 1:colcon.colcon_core.environment:checking '/home/james/workspace/robofun-1.0/object-detection-ws/install/yolov8_msgs' for CMake config files
[6.043s] Level 1:colcon.colcon_core.shell:create_environment_hook('yolov8_msgs', 'cmake_prefix_path')
[6.043s] INFO:colcon.colcon_core.shell:Creating environment hook '/home/james/workspace/robofun-1.0/object-detection-ws/install/yolov8_msgs/share/yolov8_msgs/hook/cmake_prefix_path.ps1'
[6.044s] INFO:colcon.colcon_core.shell:Creating environment descriptor '/home/james/workspace/robofun-1.0/object-detection-ws/install/yolov8_msgs/share/yolov8_msgs/hook/cmake_prefix_path.dsv'
[6.045s] INFO:colcon.colcon_core.shell:Creating environment hook '/home/james/workspace/robofun-1.0/object-detection-ws/install/yolov8_msgs/share/yolov8_msgs/hook/cmake_prefix_path.sh'
[6.045s] Level 1:colcon.colcon_core.environment:checking '/home/james/workspace/robofun-1.0/object-detection-ws/install/yolov8_msgs/lib'
[6.046s] Level 1:colcon.colcon_core.shell:create_environment_hook('yolov8_msgs', 'ld_library_path_lib')
[6.046s] INFO:colcon.colcon_core.shell:Creating environment hook '/home/james/workspace/robofun-1.0/object-detection-ws/install/yolov8_msgs/share/yolov8_msgs/hook/ld_library_path_lib.ps1'
[6.047s] INFO:colcon.colcon_core.shell:Creating environment descriptor '/home/james/workspace/robofun-1.0/object-detection-ws/install/yolov8_msgs/share/yolov8_msgs/hook/ld_library_path_lib.dsv'
[6.047s] INFO:colcon.colcon_core.shell:Creating environment hook '/home/james/workspace/robofun-1.0/object-detection-ws/install/yolov8_msgs/share/yolov8_msgs/hook/ld_library_path_lib.sh'
[6.047s] Level 1:colcon.colcon_core.environment:checking '/home/james/workspace/robofun-1.0/object-detection-ws/install/yolov8_msgs/bin'
[6.047s] Level 1:colcon.colcon_core.environment:checking '/home/james/workspace/robofun-1.0/object-detection-ws/install/yolov8_msgs/lib/pkgconfig/yolov8_msgs.pc'
[6.048s] Level 1:colcon.colcon_core.environment:checking '/home/james/workspace/robofun-1.0/object-detection-ws/install/yolov8_msgs/lib/python3.10/site-packages'
[6.048s] Level 1:colcon.colcon_core.environment:checking '/home/james/workspace/robofun-1.0/object-detection-ws/install/yolov8_msgs/bin'
[6.048s] INFO:colcon.colcon_core.shell:Creating package script '/home/james/workspace/robofun-1.0/object-detection-ws/install/yolov8_msgs/share/yolov8_msgs/package.ps1'
[6.050s] INFO:colcon.colcon_core.shell:Creating package descriptor '/home/james/workspace/robofun-1.0/object-detection-ws/install/yolov8_msgs/share/yolov8_msgs/package.dsv'
[6.051s] INFO:colcon.colcon_core.shell:Creating package script '/home/james/workspace/robofun-1.0/object-detection-ws/install/yolov8_msgs/share/yolov8_msgs/package.sh'
[6.051s] INFO:colcon.colcon_core.shell:Creating package script '/home/james/workspace/robofun-1.0/object-detection-ws/install/yolov8_msgs/share/yolov8_msgs/package.bash'
[6.052s] INFO:colcon.colcon_core.shell:Creating package script '/home/james/workspace/robofun-1.0/object-detection-ws/install/yolov8_msgs/share/yolov8_msgs/package.zsh'
[6.052s] Level 1:colcon.colcon_core.environment:create_file_with_runtime_dependencies(/home/james/workspace/robofun-1.0/object-detection-ws/install/yolov8_msgs/share/colcon-core/packages/yolov8_msgs)
[6.284s] Level 1:colcon.colcon_core.environment:create_environment_scripts_only(object_detection_msgs)
[6.285s] DEBUG:colcon.colcon_core.event_handler.log_command:Invoked command in '/home/james/workspace/robofun-1.0/object-detection-ws/build/object_detection_msgs' returned '0': CMAKE_PREFIX_PATH=${CMAKE_PREFIX_PATH}:/home/james/turtlebot3_ws/install/turtlebot3_teleop:/home/james/turtlebot3_ws/install/turtlebot3_example:/home/james/turtlebot3_ws/install/follow_waypoints:/opt/ros/humble /usr/bin/cmake --install /home/james/workspace/robofun-1.0/object-detection-ws/build/object_detection_msgs
[6.285s] Level 1:colcon.colcon_core.environment:checking '/home/james/workspace/robofun-1.0/object-detection-ws/install/object_detection_msgs' for CMake module files
[6.285s] Level 1:colcon.colcon_core.environment:checking '/home/james/workspace/robofun-1.0/object-detection-ws/install/object_detection_msgs' for CMake config files
[6.286s] Level 1:colcon.colcon_core.shell:create_environment_hook('object_detection_msgs', 'cmake_prefix_path')
[6.286s] INFO:colcon.colcon_core.shell:Creating environment hook '/home/james/workspace/robofun-1.0/object-detection-ws/install/object_detection_msgs/share/object_detection_msgs/hook/cmake_prefix_path.ps1'
[6.286s] INFO:colcon.colcon_core.shell:Creating environment descriptor '/home/james/workspace/robofun-1.0/object-detection-ws/install/object_detection_msgs/share/object_detection_msgs/hook/cmake_prefix_path.dsv'
[6.286s] INFO:colcon.colcon_core.shell:Creating environment hook '/home/james/workspace/robofun-1.0/object-detection-ws/install/object_detection_msgs/share/object_detection_msgs/hook/cmake_prefix_path.sh'
[6.287s] Level 1:colcon.colcon_core.environment:checking '/home/james/workspace/robofun-1.0/object-detection-ws/install/object_detection_msgs/lib'
[6.287s] Level 1:colcon.colcon_core.shell:create_environment_hook('object_detection_msgs', 'ld_library_path_lib')
[6.287s] INFO:colcon.colcon_core.shell:Creating environment hook '/home/james/workspace/robofun-1.0/object-detection-ws/install/object_detection_msgs/share/object_detection_msgs/hook/ld_library_path_lib.ps1'
[6.287s] INFO:colcon.colcon_core.shell:Creating environment descriptor '/home/james/workspace/robofun-1.0/object-detection-ws/install/object_detection_msgs/share/object_detection_msgs/hook/ld_library_path_lib.dsv'
[6.287s] INFO:colcon.colcon_core.shell:Creating environment hook '/home/james/workspace/robofun-1.0/object-detection-ws/install/object_detection_msgs/share/object_detection_msgs/hook/ld_library_path_lib.sh'
[6.287s] Level 1:colcon.colcon_core.environment:checking '/home/james/workspace/robofun-1.0/object-detection-ws/install/object_detection_msgs/bin'
[6.288s] Level 1:colcon.colcon_core.environment:checking '/home/james/workspace/robofun-1.0/object-detection-ws/install/object_detection_msgs/lib/pkgconfig/object_detection_msgs.pc'
[6.288s] Level 1:colcon.colcon_core.environment:checking '/home/james/workspace/robofun-1.0/object-detection-ws/install/object_detection_msgs/lib/python3.10/site-packages'
[6.288s] Level 1:colcon.colcon_core.environment:checking '/home/james/workspace/robofun-1.0/object-detection-ws/install/object_detection_msgs/bin'
[6.288s] INFO:colcon.colcon_core.shell:Creating package script '/home/james/workspace/robofun-1.0/object-detection-ws/install/object_detection_msgs/share/object_detection_msgs/package.ps1'
[6.288s] INFO:colcon.colcon_core.shell:Creating package descriptor '/home/james/workspace/robofun-1.0/object-detection-ws/install/object_detection_msgs/share/object_detection_msgs/package.dsv'
[6.289s] INFO:colcon.colcon_core.shell:Creating package script '/home/james/workspace/robofun-1.0/object-detection-ws/install/object_detection_msgs/share/object_detection_msgs/package.sh'
[6.289s] INFO:colcon.colcon_core.shell:Creating package script '/home/james/workspace/robofun-1.0/object-detection-ws/install/object_detection_msgs/share/object_detection_msgs/package.bash'
[6.289s] INFO:colcon.colcon_core.shell:Creating package script '/home/james/workspace/robofun-1.0/object-detection-ws/install/object_detection_msgs/share/object_detection_msgs/package.zsh'
[6.289s] Level 1:colcon.colcon_core.environment:create_file_with_runtime_dependencies(/home/james/workspace/robofun-1.0/object-detection-ws/install/object_detection_msgs/share/colcon-core/packages/object_detection_msgs)
[6.371s] Level 1:colcon.colcon_core.environment:create_environment_scripts_only(object_detection_msgs)
[6.371s] Level 1:colcon.colcon_core.environment:checking '/home/james/workspace/robofun-1.0/object-detection-ws/install/object_detection_msgs' for CMake module files
[6.371s] Level 1:colcon.colcon_core.environment:checking '/home/james/workspace/robofun-1.0/object-detection-ws/install/object_detection_msgs' for CMake config files
[6.372s] Level 1:colcon.colcon_core.shell:create_environment_hook('object_detection_msgs', 'cmake_prefix_path')
[6.372s] INFO:colcon.colcon_core.shell:Creating environment hook '/home/james/workspace/robofun-1.0/object-detection-ws/install/object_detection_msgs/share/object_detection_msgs/hook/cmake_prefix_path.ps1'
[6.372s] INFO:colcon.colcon_core.shell:Creating environment descriptor '/home/james/workspace/robofun-1.0/object-detection-ws/install/object_detection_msgs/share/object_detection_msgs/hook/cmake_prefix_path.dsv'
[6.373s] INFO:colcon.colcon_core.shell:Creating environment hook '/home/james/workspace/robofun-1.0/object-detection-ws/install/object_detection_msgs/share/object_detection_msgs/hook/cmake_prefix_path.sh'
[6.373s] Level 1:colcon.colcon_core.environment:checking '/home/james/workspace/robofun-1.0/object-detection-ws/install/object_detection_msgs/lib'
[6.373s] Level 1:colcon.colcon_core.shell:create_environment_hook('object_detection_msgs', 'ld_library_path_lib')
[6.373s] INFO:colcon.colcon_core.shell:Creating environment hook '/home/james/workspace/robofun-1.0/object-detection-ws/install/object_detection_msgs/share/object_detection_msgs/hook/ld_library_path_lib.ps1'
[6.374s] INFO:colcon.colcon_core.shell:Creating environment descriptor '/home/james/workspace/robofun-1.0/object-detection-ws/install/object_detection_msgs/share/object_detection_msgs/hook/ld_library_path_lib.dsv'
[6.374s] INFO:colcon.colcon_core.shell:Creating environment hook '/home/james/workspace/robofun-1.0/object-detection-ws/install/object_detection_msgs/share/object_detection_msgs/hook/ld_library_path_lib.sh'
[6.374s] Level 1:colcon.colcon_core.environment:checking '/home/james/workspace/robofun-1.0/object-detection-ws/install/object_detection_msgs/bin'
[6.374s] Level 1:colcon.colcon_core.environment:checking '/home/james/workspace/robofun-1.0/object-detection-ws/install/object_detection_msgs/lib/pkgconfig/object_detection_msgs.pc'
[6.374s] Level 1:colcon.colcon_core.environment:checking '/home/james/workspace/robofun-1.0/object-detection-ws/install/object_detection_msgs/lib/python3.10/site-packages'
[6.375s] Level 1:colcon.colcon_core.environment:checking '/home/james/workspace/robofun-1.0/object-detection-ws/install/object_detection_msgs/bin'
[6.375s] INFO:colcon.colcon_core.shell:Creating package script '/home/james/workspace/robofun-1.0/object-detection-ws/install/object_detection_msgs/share/object_detection_msgs/package.ps1'
[6.376s] INFO:colcon.colcon_core.shell:Creating package descriptor '/home/james/workspace/robofun-1.0/object-detection-ws/install/object_detection_msgs/share/object_detection_msgs/package.dsv'
[6.376s] INFO:colcon.colcon_core.shell:Creating package script '/home/james/workspace/robofun-1.0/object-detection-ws/install/object_detection_msgs/share/object_detection_msgs/package.sh'
[6.376s] INFO:colcon.colcon_core.shell:Creating package script '/home/james/workspace/robofun-1.0/object-detection-ws/install/object_detection_msgs/share/object_detection_msgs/package.bash'
[6.377s] INFO:colcon.colcon_core.shell:Creating package script '/home/james/workspace/robofun-1.0/object-detection-ws/install/object_detection_msgs/share/object_detection_msgs/package.zsh'
[6.377s] Level 1:colcon.colcon_core.environment:create_file_with_runtime_dependencies(/home/james/workspace/robofun-1.0/object-detection-ws/install/object_detection_msgs/share/colcon-core/packages/object_detection_msgs)
[6.377s] DEBUG:colcon.colcon_parallel_executor.executor.parallel:closing loop
[6.378s] DEBUG:colcon.colcon_parallel_executor.executor.parallel:loop closed
[6.378s] DEBUG:colcon.colcon_parallel_executor.executor.parallel:run_until_complete finished with '0'
[6.378s] DEBUG:colcon.colcon_core.event_reactor:joining thread
[6.388s] INFO:colcon.colcon_core.plugin_system:Skipping extension 'colcon_notification.desktop_notification.terminal_notifier': Not used on non-Darwin systems
[6.388s] INFO:colcon.colcon_core.plugin_system:Skipping extension 'colcon_notification.desktop_notification.win32': Not used on non-Windows systems
[6.388s] INFO:colcon.colcon_notification.desktop_notification:Sending desktop notification using 'notify2'
[6.411s] DEBUG:colcon.colcon_core.event_reactor:joined thread
[6.411s] INFO:colcon.colcon_core.shell:Creating prefix script '/home/james/workspace/robofun-1.0/object-detection-ws/install/local_setup.ps1'
[6.412s] INFO:colcon.colcon_core.shell:Creating prefix util module '/home/james/workspace/robofun-1.0/object-detection-ws/install/_local_setup_util_ps1.py'
[6.413s] INFO:colcon.colcon_core.shell:Creating prefix chain script '/home/james/workspace/robofun-1.0/object-detection-ws/install/setup.ps1'
[6.414s] INFO:colcon.colcon_core.shell:Creating prefix script '/home/james/workspace/robofun-1.0/object-detection-ws/install/local_setup.sh'
[6.414s] INFO:colcon.colcon_core.shell:Creating prefix util module '/home/james/workspace/robofun-1.0/object-detection-ws/install/_local_setup_util_sh.py'
[6.415s] INFO:colcon.colcon_core.shell:Creating prefix chain script '/home/james/workspace/robofun-1.0/object-detection-ws/install/setup.sh'
[6.416s] INFO:colcon.colcon_core.shell:Creating prefix script '/home/james/workspace/robofun-1.0/object-detection-ws/install/local_setup.bash'
[6.416s] INFO:colcon.colcon_core.shell:Creating prefix chain script '/home/james/workspace/robofun-1.0/object-detection-ws/install/setup.bash'
[6.417s] INFO:colcon.colcon_core.shell:Creating prefix script '/home/james/workspace/robofun-1.0/object-detection-ws/install/local_setup.zsh'
[6.418s] INFO:colcon.colcon_core.shell:Creating prefix chain script '/home/james/workspace/robofun-1.0/object-detection-ws/install/setup.zsh'
