[0.305s] Invoking command in '/home/james/workspace/robofun-1.0/object-detection-ws/build/object_detection_msgs': CMAKE_PREFIX_PATH=${CMAKE_PREFIX_PATH}:/home/james/turtlebot3_ws/install/turtlebot3_teleop:/home/james/turtlebot3_ws/install/turtlebot3_example:/home/james/turtlebot3_ws/install/follow_waypoints:/opt/ros/humble /usr/bin/cmake /home/james/workspace/robofun-1.0/object-detection-ws/src/object_detection_msgs -DAMENT_CMAKE_SYMLINK_INSTALL=1 -DCMAKE_INSTALL_PREFIX=/home/james/workspace/robofun-1.0/object-detection-ws/install/object_detection_msgs
[0.444s] -- The C compiler identification is GNU 11.4.0
[0.559s] -- The CXX compiler identification is GNU 11.4.0
[0.570s] -- Detecting C compiler ABI info
[0.641s] -- Detecting C compiler ABI info - done
[0.649s] -- Check for working C compiler: /usr/lib/ccache/cc - skipped
[0.650s] -- Detecting C compile features
[0.650s] -- Detecting C compile features - done
[0.653s] -- Detecting CXX compiler ABI info
[0.726s] -- Detecting CXX compiler ABI info - done
[0.738s] -- Check for working CXX compiler: /usr/lib/ccache/c++ - skipped
[0.738s] -- Detecting CXX compile features
[0.739s] -- Detecting CXX compile features - done
[0.746s] -- Found ament_cmake: 1.3.10 (/opt/ros/humble/share/ament_cmake/cmake)
[1.150s] -- Found Python3: /usr/bin/python3 (found version "3.10.12") found components: Interpreter 
[1.216s] -- Override CMake install command with custom implementation using symlinks instead of copying resources
[1.258s] -- Found rosidl_default_generators: 1.2.0 (/opt/ros/humble/share/rosidl_default_generators/cmake)
[1.265s] -- Using all available rosidl_typesupport_c: rosidl_typesupport_fastrtps_c;rosidl_typesupport_introspection_c
[1.276s] -- Found rosidl_adapter: 3.1.5 (/opt/ros/humble/share/rosidl_adapter/cmake)
[1.332s] -- Using all available rosidl_typesupport_cpp: rosidl_typesupport_fastrtps_cpp;rosidl_typesupport_introspection_cpp
[1.378s] -- Found std_msgs: 4.2.4 (/opt/ros/humble/share/std_msgs/cmake)
[1.407s] -- Found ament_lint_auto: 0.12.11 (/opt/ros/humble/share/ament_lint_auto/cmake)
[1.695s] -- Found ament_cmake_ros: 0.10.0 (/opt/ros/humble/share/ament_cmake_ros/cmake)
[1.883s] -- Using all available rosidl_typesupport_c: rosidl_typesupport_fastrtps_c;rosidl_typesupport_introspection_c
[2.114s] -- Using all available rosidl_typesupport_cpp: rosidl_typesupport_fastrtps_cpp;rosidl_typesupport_introspection_cpp
[2.134s] -- Found PythonInterp: /usr/bin/python3 (found suitable version "3.10.12", minimum required is "3.6") 
[2.136s] -- Found python_cmake_module: 0.10.0 (/opt/ros/humble/share/python_cmake_module/cmake)
[2.159s] -- Found PythonLibs: /usr/lib/x86_64-linux-gnu/libpython3.10.so (found suitable version "3.10.12", minimum required is "3.5") 
[2.159s] -- Using PYTHON_EXECUTABLE: /usr/bin/python3
[2.159s] -- Using PYTHON_INCLUDE_DIRS: /usr/include/python3.10
[2.159s] -- Using PYTHON_LIBRARIES: /usr/lib/x86_64-linux-gnu/libpython3.10.so
[2.176s] -- Found PythonExtra: .so  
[2.227s] -- Added test 'lint_cmake' to check CMake code style
[2.228s] -- Added test 'xmllint' to check XML markup files
[2.232s] -- Configuring done
[2.253s] -- Generating done
[2.254s] -- Build files have been written to: /home/james/workspace/robofun-1.0/object-detection-ws/build/object_detection_msgs
[2.259s] Invoked command in '/home/james/workspace/robofun-1.0/object-detection-ws/build/object_detection_msgs' returned '0': CMAKE_PREFIX_PATH=${CMAKE_PREFIX_PATH}:/home/james/turtlebot3_ws/install/turtlebot3_teleop:/home/james/turtlebot3_ws/install/turtlebot3_example:/home/james/turtlebot3_ws/install/follow_waypoints:/opt/ros/humble /usr/bin/cmake /home/james/workspace/robofun-1.0/object-detection-ws/src/object_detection_msgs -DAMENT_CMAKE_SYMLINK_INSTALL=1 -DCMAKE_INSTALL_PREFIX=/home/james/workspace/robofun-1.0/object-detection-ws/install/object_detection_msgs
[2.260s] Invoking command in '/home/james/workspace/robofun-1.0/object-detection-ws/build/object_detection_msgs': CMAKE_PREFIX_PATH=${CMAKE_PREFIX_PATH}:/home/james/turtlebot3_ws/install/turtlebot3_teleop:/home/james/turtlebot3_ws/install/turtlebot3_example:/home/james/turtlebot3_ws/install/follow_waypoints:/opt/ros/humble /usr/bin/cmake --build /home/james/workspace/robofun-1.0/object-detection-ws/build/object_detection_msgs -- -j20 -l20
[2.298s] [  2%] [34m[1mGenerating C code for ROS interfaces[0m
[2.307s] [  5%] [34m[1mGenerating C++ code for ROS interfaces[0m
[2.316s] [  5%] Built target ament_cmake_python_symlink_object_detection_msgs
[2.538s] running egg_info
[2.539s] creating object_detection_msgs.egg-info
[2.555s] writing object_detection_msgs.egg-info/PKG-INFO
[2.555s] writing dependency_links to object_detection_msgs.egg-info/dependency_links.txt
[2.556s] writing top-level names to object_detection_msgs.egg-info/top_level.txt
[2.556s] writing manifest file 'object_detection_msgs.egg-info/SOURCES.txt'
[2.608s] reading manifest file 'object_detection_msgs.egg-info/SOURCES.txt'
[2.609s] writing manifest file 'object_detection_msgs.egg-info/SOURCES.txt'
[2.641s] [  5%] Built target ament_cmake_python_build_object_detection_msgs_egg
[2.705s] [  5%] Built target object_detection_msgs__cpp
[2.716s] [  7%] [34m[1mGenerating C++ introspection for ROS interfaces[0m
[2.720s] [ 10%] [34m[1mGenerating C++ type support dispatch for ROS interfaces[0m
[2.720s] [ 12%] [34m[1mGenerating C++ type support for eProsima Fast-RTPS[0m
[2.787s] [ 17%] [32mBuilding C object CMakeFiles/object_detection_msgs__rosidl_generator_c.dir/rosidl_generator_c/object_detection_msgs/msg/detail/objects__functions.c.o[0m
[2.787s] [ 17%] [32mBuilding C object CMakeFiles/object_detection_msgs__rosidl_generator_c.dir/rosidl_generator_c/object_detection_msgs/msg/detail/object__functions.c.o[0m
[2.898s] [ 20%] [32m[1mLinking C shared library libobject_detection_msgs__rosidl_generator_c.so[0m
[2.962s] [ 20%] Built target object_detection_msgs__rosidl_generator_c
[2.974s] [ 23%] [34m[1mGenerating C type support for eProsima Fast-RTPS[0m
[2.975s] [ 25%] [34m[1mGenerating C type support dispatch for ROS interfaces[0m
[2.979s] [ 28%] [34m[1mGenerating C introspection for ROS interfaces[0m
[3.192s] [ 33%] [32mBuilding CXX object CMakeFiles/object_detection_msgs__rosidl_typesupport_fastrtps_cpp.dir/rosidl_typesupport_fastrtps_cpp/object_detection_msgs/msg/detail/dds_fastrtps/object__type_support.cpp.o[0m
[3.192s] [ 33%] [32mBuilding CXX object CMakeFiles/object_detection_msgs__rosidl_typesupport_fastrtps_cpp.dir/rosidl_typesupport_fastrtps_cpp/object_detection_msgs/msg/detail/dds_fastrtps/objects__type_support.cpp.o[0m
[3.196s] [ 35%] [32mBuilding CXX object CMakeFiles/object_detection_msgs__rosidl_typesupport_introspection_cpp.dir/rosidl_typesupport_introspection_cpp/object_detection_msgs/msg/detail/object__type_support.cpp.o[0m
[3.196s] [ 38%] [32mBuilding CXX object CMakeFiles/object_detection_msgs__rosidl_typesupport_introspection_cpp.dir/rosidl_typesupport_introspection_cpp/object_detection_msgs/msg/detail/objects__type_support.cpp.o[0m
[3.391s] [ 41%] [32mBuilding CXX object CMakeFiles/object_detection_msgs__rosidl_typesupport_cpp.dir/rosidl_typesupport_cpp/object_detection_msgs/msg/object__type_support.cpp.o[0m
[3.391s] [ 43%] [32mBuilding CXX object CMakeFiles/object_detection_msgs__rosidl_typesupport_cpp.dir/rosidl_typesupport_cpp/object_detection_msgs/msg/objects__type_support.cpp.o[0m
[3.543s] [ 46%] [32mBuilding CXX object CMakeFiles/object_detection_msgs__rosidl_typesupport_c.dir/rosidl_typesupport_c/object_detection_msgs/msg/object__type_support.cpp.o[0m
[3.544s] [ 48%] [32mBuilding CXX object CMakeFiles/object_detection_msgs__rosidl_typesupport_c.dir/rosidl_typesupport_c/object_detection_msgs/msg/objects__type_support.cpp.o[0m
[3.639s] [ 51%] [32m[1mLinking CXX shared library libobject_detection_msgs__rosidl_typesupport_c.so[0m
[3.682s] [ 56%] [32mBuilding CXX object CMakeFiles/object_detection_msgs__rosidl_typesupport_fastrtps_c.dir/rosidl_typesupport_fastrtps_c/object_detection_msgs/msg/detail/object__type_support_c.cpp.o[0m
[3.683s] [ 56%] [32mBuilding CXX object CMakeFiles/object_detection_msgs__rosidl_typesupport_fastrtps_c.dir/rosidl_typesupport_fastrtps_c/object_detection_msgs/msg/detail/objects__type_support_c.cpp.o[0m
[3.722s] [ 56%] Built target object_detection_msgs__rosidl_typesupport_c
[3.746s] [ 61%] [32mBuilding C object CMakeFiles/object_detection_msgs__rosidl_typesupport_introspection_c.dir/rosidl_typesupport_introspection_c/object_detection_msgs/msg/detail/object__type_support.c.o[0m
[3.746s] [ 61%] [32mBuilding C object CMakeFiles/object_detection_msgs__rosidl_typesupport_introspection_c.dir/rosidl_typesupport_introspection_c/object_detection_msgs/msg/detail/objects__type_support.c.o[0m
[3.845s] [ 64%] [32m[1mLinking C shared library libobject_detection_msgs__rosidl_typesupport_introspection_c.so[0m
[3.892s] [ 64%] Built target object_detection_msgs__rosidl_typesupport_introspection_c
[3.920s] [ 66%] [32m[1mLinking CXX shared library libobject_detection_msgs__rosidl_typesupport_cpp.so[0m
[3.953s] [ 69%] [32m[1mLinking CXX shared library libobject_detection_msgs__rosidl_typesupport_fastrtps_cpp.so[0m
[3.981s] [ 69%] Built target object_detection_msgs__rosidl_typesupport_cpp
[4.017s] [ 71%] [32m[1mLinking CXX shared library libobject_detection_msgs__rosidl_typesupport_introspection_cpp.so[0m
[4.043s] [ 71%] Built target object_detection_msgs__rosidl_typesupport_fastrtps_cpp
[4.098s] [ 71%] Built target object_detection_msgs__rosidl_typesupport_introspection_cpp
[4.202s] [ 74%] [32m[1mLinking CXX shared library libobject_detection_msgs__rosidl_typesupport_fastrtps_c.so[0m
[4.262s] [ 74%] Built target object_detection_msgs__rosidl_typesupport_fastrtps_c
[4.280s] [ 74%] Built target object_detection_msgs
[4.298s] [ 76%] [34m[1mGenerating Python code for ROS interfaces[0m
[4.718s] [ 76%] Built target object_detection_msgs__py
[4.743s] [ 79%] [32mBuilding C object CMakeFiles/object_detection_msgs__rosidl_generator_py.dir/rosidl_generator_py/object_detection_msgs/msg/_object_s.c.o[0m
[4.743s] [ 82%] [32mBuilding C object CMakeFiles/object_detection_msgs__rosidl_generator_py.dir/rosidl_generator_py/object_detection_msgs/msg/_objects_s.c.o[0m
[4.895s] [ 84%] [32m[1mLinking C shared library rosidl_generator_py/object_detection_msgs/libobject_detection_msgs__rosidl_generator_py.so[0m
[4.947s] [ 84%] Built target object_detection_msgs__rosidl_generator_py
[4.969s] [ 89%] [32mBuilding C object CMakeFiles/object_detection_msgs__rosidl_typesupport_introspection_c__pyext.dir/rosidl_generator_py/object_detection_msgs/_object_detection_msgs_s.ep.rosidl_typesupport_introspection_c.c.o[0m
[4.969s] [ 89%] [32mBuilding C object CMakeFiles/object_detection_msgs__rosidl_typesupport_fastrtps_c__pyext.dir/rosidl_generator_py/object_detection_msgs/_object_detection_msgs_s.ep.rosidl_typesupport_fastrtps_c.c.o[0m
[4.969s] [ 92%] [32mBuilding C object CMakeFiles/object_detection_msgs__rosidl_typesupport_c__pyext.dir/rosidl_generator_py/object_detection_msgs/_object_detection_msgs_s.ep.rosidl_typesupport_c.c.o[0m
[5.107s] [ 94%] [32m[1mLinking C shared library rosidl_generator_py/object_detection_msgs/object_detection_msgs_s__rosidl_typesupport_introspection_c.cpython-310-x86_64-linux-gnu.so[0m
[5.109s] [ 97%] [32m[1mLinking C shared library rosidl_generator_py/object_detection_msgs/object_detection_msgs_s__rosidl_typesupport_c.cpython-310-x86_64-linux-gnu.so[0m
[5.120s] [100%] [32m[1mLinking C shared library rosidl_generator_py/object_detection_msgs/object_detection_msgs_s__rosidl_typesupport_fastrtps_c.cpython-310-x86_64-linux-gnu.so[0m
[5.145s] [100%] Built target object_detection_msgs__rosidl_typesupport_introspection_c__pyext
[5.147s] [100%] Built target object_detection_msgs__rosidl_typesupport_c__pyext
[5.160s] [100%] Built target object_detection_msgs__rosidl_typesupport_fastrtps_c__pyext
[5.168s] Invoked command in '/home/james/workspace/robofun-1.0/object-detection-ws/build/object_detection_msgs' returned '0': CMAKE_PREFIX_PATH=${CMAKE_PREFIX_PATH}:/home/james/turtlebot3_ws/install/turtlebot3_teleop:/home/james/turtlebot3_ws/install/turtlebot3_example:/home/james/turtlebot3_ws/install/follow_waypoints:/opt/ros/humble /usr/bin/cmake --build /home/james/workspace/robofun-1.0/object-detection-ws/build/object_detection_msgs -- -j20 -l20
[5.256s] Invoking command in '/home/james/workspace/robofun-1.0/object-detection-ws/build/object_detection_msgs': CMAKE_PREFIX_PATH=${CMAKE_PREFIX_PATH}:/home/james/turtlebot3_ws/install/turtlebot3_teleop:/home/james/turtlebot3_ws/install/turtlebot3_example:/home/james/turtlebot3_ws/install/follow_waypoints:/opt/ros/humble /usr/bin/cmake --install /home/james/workspace/robofun-1.0/object-detection-ws/build/object_detection_msgs
[5.261s] -- Install configuration: ""
[5.262s] -- Execute custom install script
[5.262s] -- Symlinking: /home/james/workspace/robofun-1.0/object-detection-ws/install/object_detection_msgs/share/ament_index/resource_index/rosidl_interfaces/object_detection_msgs
[5.268s] -- Symlinking: /home/james/workspace/robofun-1.0/object-detection-ws/install/object_detection_msgs/include/object_detection_msgs/object_detection_msgs/msg/detail/object__functions.h
[5.277s] -- Symlinking: /home/james/workspace/robofun-1.0/object-detection-ws/install/object_detection_msgs/include/object_detection_msgs/object_detection_msgs/msg/detail/object__struct.h
[5.284s] -- Symlinking: /home/james/workspace/robofun-1.0/object-detection-ws/install/object_detection_msgs/include/object_detection_msgs/object_detection_msgs/msg/detail/object__type_support.h
[5.292s] -- Symlinking: /home/james/workspace/robofun-1.0/object-detection-ws/install/object_detection_msgs/include/object_detection_msgs/object_detection_msgs/msg/detail/objects__functions.h
[5.300s] -- Symlinking: /home/james/workspace/robofun-1.0/object-detection-ws/install/object_detection_msgs/include/object_detection_msgs/object_detection_msgs/msg/detail/objects__struct.h
[5.307s] -- Symlinking: /home/james/workspace/robofun-1.0/object-detection-ws/install/object_detection_msgs/include/object_detection_msgs/object_detection_msgs/msg/detail/objects__type_support.h
[5.314s] -- Symlinking: /home/james/workspace/robofun-1.0/object-detection-ws/install/object_detection_msgs/include/object_detection_msgs/object_detection_msgs/msg/object.h
[5.325s] -- Symlinking: /home/james/workspace/robofun-1.0/object-detection-ws/install/object_detection_msgs/include/object_detection_msgs/object_detection_msgs/msg/objects.h
[5.336s] -- Symlinking: /home/james/workspace/robofun-1.0/object-detection-ws/install/object_detection_msgs/include/object_detection_msgs/object_detection_msgs/msg/rosidl_generator_c__visibility_control.h
[5.351s] -- Symlinking: /home/james/workspace/robofun-1.0/object-detection-ws/install/object_detection_msgs/share/object_detection_msgs/environment/library_path.sh
[5.363s] -- Symlinking: /home/james/workspace/robofun-1.0/object-detection-ws/install/object_detection_msgs/share/object_detection_msgs/environment/library_path.dsv
[5.376s] -- Symlinking: /home/james/workspace/robofun-1.0/object-detection-ws/install/object_detection_msgs/include/object_detection_msgs/object_detection_msgs/msg/detail/object__rosidl_typesupport_fastrtps_c.h
[5.388s] -- Symlinking: /home/james/workspace/robofun-1.0/object-detection-ws/install/object_detection_msgs/include/object_detection_msgs/object_detection_msgs/msg/detail/objects__rosidl_typesupport_fastrtps_c.h
[5.397s] -- Symlinking: /home/james/workspace/robofun-1.0/object-detection-ws/install/object_detection_msgs/include/object_detection_msgs/object_detection_msgs/msg/rosidl_typesupport_fastrtps_c__visibility_control.h
[5.408s] -- Symlinking: /home/james/workspace/robofun-1.0/object-detection-ws/install/object_detection_msgs/include/object_detection_msgs/object_detection_msgs/msg/detail/object__rosidl_typesupport_introspection_c.h
[5.418s] -- Symlinking: /home/james/workspace/robofun-1.0/object-detection-ws/install/object_detection_msgs/include/object_detection_msgs/object_detection_msgs/msg/detail/objects__rosidl_typesupport_introspection_c.h
[5.429s] -- Symlinking: /home/james/workspace/robofun-1.0/object-detection-ws/install/object_detection_msgs/include/object_detection_msgs/object_detection_msgs/msg/rosidl_typesupport_introspection_c__visibility_control.h
[5.436s] -- Symlinking: /home/james/workspace/robofun-1.0/object-detection-ws/install/object_detection_msgs/include/object_detection_msgs/object_detection_msgs/msg/detail/object__builder.hpp
[5.443s] -- Symlinking: /home/james/workspace/robofun-1.0/object-detection-ws/install/object_detection_msgs/include/object_detection_msgs/object_detection_msgs/msg/detail/object__struct.hpp
[5.450s] -- Symlinking: /home/james/workspace/robofun-1.0/object-detection-ws/install/object_detection_msgs/include/object_detection_msgs/object_detection_msgs/msg/detail/object__traits.hpp
[5.457s] -- Symlinking: /home/james/workspace/robofun-1.0/object-detection-ws/install/object_detection_msgs/include/object_detection_msgs/object_detection_msgs/msg/detail/objects__builder.hpp
[5.470s] -- Symlinking: /home/james/workspace/robofun-1.0/object-detection-ws/install/object_detection_msgs/include/object_detection_msgs/object_detection_msgs/msg/detail/objects__struct.hpp
[5.478s] -- Symlinking: /home/james/workspace/robofun-1.0/object-detection-ws/install/object_detection_msgs/include/object_detection_msgs/object_detection_msgs/msg/detail/objects__traits.hpp
[5.487s] -- Symlinking: /home/james/workspace/robofun-1.0/object-detection-ws/install/object_detection_msgs/include/object_detection_msgs/object_detection_msgs/msg/object.hpp
[5.498s] -- Symlinking: /home/james/workspace/robofun-1.0/object-detection-ws/install/object_detection_msgs/include/object_detection_msgs/object_detection_msgs/msg/objects.hpp
[5.506s] -- Symlinking: /home/james/workspace/robofun-1.0/object-detection-ws/install/object_detection_msgs/include/object_detection_msgs/object_detection_msgs/msg/detail/object__rosidl_typesupport_fastrtps_cpp.hpp
[5.512s] -- Symlinking: /home/james/workspace/robofun-1.0/object-detection-ws/install/object_detection_msgs/include/object_detection_msgs/object_detection_msgs/msg/detail/objects__rosidl_typesupport_fastrtps_cpp.hpp
[5.520s] -- Symlinking: /home/james/workspace/robofun-1.0/object-detection-ws/install/object_detection_msgs/include/object_detection_msgs/object_detection_msgs/msg/rosidl_typesupport_fastrtps_cpp__visibility_control.h
[5.531s] -- Symlinking: /home/james/workspace/robofun-1.0/object-detection-ws/install/object_detection_msgs/include/object_detection_msgs/object_detection_msgs/msg/detail/object__rosidl_typesupport_introspection_cpp.hpp
[5.541s] -- Symlinking: /home/james/workspace/robofun-1.0/object-detection-ws/install/object_detection_msgs/include/object_detection_msgs/object_detection_msgs/msg/detail/objects__rosidl_typesupport_introspection_cpp.hpp
[5.552s] -- Symlinking: /home/james/workspace/robofun-1.0/object-detection-ws/install/object_detection_msgs/share/object_detection_msgs/environment/pythonpath.sh
[5.564s] -- Symlinking: /home/james/workspace/robofun-1.0/object-detection-ws/install/object_detection_msgs/share/object_detection_msgs/environment/pythonpath.dsv
[5.576s] -- Symlinking: /home/james/workspace/robofun-1.0/object-detection-ws/install/object_detection_msgs/local/lib/python3.10/dist-packages/object_detection_msgs-0.0.0-py3.10.egg-info/PKG-INFO
[5.586s] -- Symlinking: /home/james/workspace/robofun-1.0/object-detection-ws/install/object_detection_msgs/local/lib/python3.10/dist-packages/object_detection_msgs-0.0.0-py3.10.egg-info/SOURCES.txt
[5.594s] -- Symlinking: /home/james/workspace/robofun-1.0/object-detection-ws/install/object_detection_msgs/local/lib/python3.10/dist-packages/object_detection_msgs-0.0.0-py3.10.egg-info/dependency_links.txt
[5.601s] -- Symlinking: /home/james/workspace/robofun-1.0/object-detection-ws/install/object_detection_msgs/local/lib/python3.10/dist-packages/object_detection_msgs-0.0.0-py3.10.egg-info/top_level.txt
[5.609s] -- Symlinking: /home/james/workspace/robofun-1.0/object-detection-ws/install/object_detection_msgs/local/lib/python3.10/dist-packages/object_detection_msgs/__init__.py
[5.618s] -- Symlinking: /home/james/workspace/robofun-1.0/object-detection-ws/install/object_detection_msgs/local/lib/python3.10/dist-packages/object_detection_msgs/_object_detection_msgs_s.ep.rosidl_typesupport_c.c
[5.627s] -- Symlinking: /home/james/workspace/robofun-1.0/object-detection-ws/install/object_detection_msgs/local/lib/python3.10/dist-packages/object_detection_msgs/_object_detection_msgs_s.ep.rosidl_typesupport_fastrtps_c.c
[5.634s] -- Symlinking: /home/james/workspace/robofun-1.0/object-detection-ws/install/object_detection_msgs/local/lib/python3.10/dist-packages/object_detection_msgs/_object_detection_msgs_s.ep.rosidl_typesupport_introspection_c.c
[5.640s] -- Symlinking: /home/james/workspace/robofun-1.0/object-detection-ws/install/object_detection_msgs/local/lib/python3.10/dist-packages/object_detection_msgs/libobject_detection_msgs__rosidl_generator_py.so
[5.648s] -- Symlinking: /home/james/workspace/robofun-1.0/object-detection-ws/install/object_detection_msgs/local/lib/python3.10/dist-packages/object_detection_msgs/msg/__init__.py
[5.659s] -- Symlinking: /home/james/workspace/robofun-1.0/object-detection-ws/install/object_detection_msgs/local/lib/python3.10/dist-packages/object_detection_msgs/msg/_object.py
[5.668s] -- Symlinking: /home/james/workspace/robofun-1.0/object-detection-ws/install/object_detection_msgs/local/lib/python3.10/dist-packages/object_detection_msgs/msg/_object_s.c
[5.677s] -- Symlinking: /home/james/workspace/robofun-1.0/object-detection-ws/install/object_detection_msgs/local/lib/python3.10/dist-packages/object_detection_msgs/msg/_objects.py
[5.685s] -- Symlinking: /home/james/workspace/robofun-1.0/object-detection-ws/install/object_detection_msgs/local/lib/python3.10/dist-packages/object_detection_msgs/msg/_objects_s.c
[5.692s] -- Symlinking: /home/james/workspace/robofun-1.0/object-detection-ws/install/object_detection_msgs/local/lib/python3.10/dist-packages/object_detection_msgs/object_detection_msgs_s__rosidl_typesupport_c.cpython-310-x86_64-linux-gnu.so
[5.700s] -- Symlinking: /home/james/workspace/robofun-1.0/object-detection-ws/install/object_detection_msgs/local/lib/python3.10/dist-packages/object_detection_msgs/object_detection_msgs_s__rosidl_typesupport_fastrtps_c.cpython-310-x86_64-linux-gnu.so
[5.707s] -- Symlinking: /home/james/workspace/robofun-1.0/object-detection-ws/install/object_detection_msgs/local/lib/python3.10/dist-packages/object_detection_msgs/object_detection_msgs_s__rosidl_typesupport_introspection_c.cpython-310-x86_64-linux-gnu.so
[5.717s] -- Up-to-date symlink: /home/james/workspace/robofun-1.0/object-detection-ws/install/object_detection_msgs/local/lib/python3.10/dist-packages/object_detection_msgs/object_detection_msgs_s__rosidl_typesupport_fastrtps_c.cpython-310-x86_64-linux-gnu.so
[5.717s] -- Up-to-date symlink: /home/james/workspace/robofun-1.0/object-detection-ws/install/object_detection_msgs/local/lib/python3.10/dist-packages/object_detection_msgs/object_detection_msgs_s__rosidl_typesupport_introspection_c.cpython-310-x86_64-linux-gnu.so
[5.718s] -- Up-to-date symlink: /home/james/workspace/robofun-1.0/object-detection-ws/install/object_detection_msgs/local/lib/python3.10/dist-packages/object_detection_msgs/object_detection_msgs_s__rosidl_typesupport_c.cpython-310-x86_64-linux-gnu.so
[5.718s] -- Symlinking: /home/james/workspace/robofun-1.0/object-detection-ws/install/object_detection_msgs/share/object_detection_msgs/msg/Object.idl
[5.727s] -- Symlinking: /home/james/workspace/robofun-1.0/object-detection-ws/install/object_detection_msgs/share/object_detection_msgs/msg/Objects.idl
[5.735s] -- Symlinking: /home/james/workspace/robofun-1.0/object-detection-ws/install/object_detection_msgs/share/object_detection_msgs/msg/Object.msg
[5.742s] -- Symlinking: /home/james/workspace/robofun-1.0/object-detection-ws/install/object_detection_msgs/share/object_detection_msgs/msg/Objects.msg
[5.750s] -- Symlinking: /home/james/workspace/robofun-1.0/object-detection-ws/install/object_detection_msgs/share/ament_index/resource_index/package_run_dependencies/object_detection_msgs
[5.757s] -- Symlinking: /home/james/workspace/robofun-1.0/object-detection-ws/install/object_detection_msgs/share/ament_index/resource_index/parent_prefix_path/object_detection_msgs
[5.765s] -- Symlinking: /home/james/workspace/robofun-1.0/object-detection-ws/install/object_detection_msgs/share/object_detection_msgs/environment/ament_prefix_path.sh
[5.776s] -- Symlinking: /home/james/workspace/robofun-1.0/object-detection-ws/install/object_detection_msgs/share/object_detection_msgs/environment/ament_prefix_path.dsv
[5.789s] -- Symlinking: /home/james/workspace/robofun-1.0/object-detection-ws/install/object_detection_msgs/share/object_detection_msgs/environment/path.sh
[5.802s] -- Symlinking: /home/james/workspace/robofun-1.0/object-detection-ws/install/object_detection_msgs/share/object_detection_msgs/environment/path.dsv
[5.816s] -- Symlinking: /home/james/workspace/robofun-1.0/object-detection-ws/install/object_detection_msgs/share/object_detection_msgs/local_setup.bash
[5.825s] -- Symlinking: /home/james/workspace/robofun-1.0/object-detection-ws/install/object_detection_msgs/share/object_detection_msgs/local_setup.sh
[5.839s] -- Symlinking: /home/james/workspace/robofun-1.0/object-detection-ws/install/object_detection_msgs/share/object_detection_msgs/local_setup.zsh
[5.852s] -- Symlinking: /home/james/workspace/robofun-1.0/object-detection-ws/install/object_detection_msgs/share/object_detection_msgs/local_setup.dsv
[5.864s] -- Symlinking: /home/james/workspace/robofun-1.0/object-detection-ws/install/object_detection_msgs/share/object_detection_msgs/package.dsv
[5.877s] -- Symlinking: /home/james/workspace/robofun-1.0/object-detection-ws/install/object_detection_msgs/share/ament_index/resource_index/packages/object_detection_msgs
[5.888s] -- Symlinking: /home/james/workspace/robofun-1.0/object-detection-ws/install/object_detection_msgs/share/object_detection_msgs/cmake/rosidl_cmake-extras.cmake
[5.901s] -- Symlinking: /home/james/workspace/robofun-1.0/object-detection-ws/install/object_detection_msgs/share/object_detection_msgs/cmake/ament_cmake_export_dependencies-extras.cmake
[5.912s] -- Symlinking: /home/james/workspace/robofun-1.0/object-detection-ws/install/object_detection_msgs/share/object_detection_msgs/cmake/ament_cmake_export_include_directories-extras.cmake
[5.923s] -- Symlinking: /home/james/workspace/robofun-1.0/object-detection-ws/install/object_detection_msgs/share/object_detection_msgs/cmake/ament_cmake_export_libraries-extras.cmake
[5.938s] -- Symlinking: /home/james/workspace/robofun-1.0/object-detection-ws/install/object_detection_msgs/share/object_detection_msgs/cmake/ament_cmake_export_targets-extras.cmake
[5.949s] -- Symlinking: /home/james/workspace/robofun-1.0/object-detection-ws/install/object_detection_msgs/share/object_detection_msgs/cmake/rosidl_cmake_export_typesupport_targets-extras.cmake
[5.962s] -- Symlinking: /home/james/workspace/robofun-1.0/object-detection-ws/install/object_detection_msgs/share/object_detection_msgs/cmake/rosidl_cmake_export_typesupport_libraries-extras.cmake
[5.974s] -- Symlinking: /home/james/workspace/robofun-1.0/object-detection-ws/install/object_detection_msgs/share/object_detection_msgs/cmake/object_detection_msgsConfig.cmake
[5.983s] -- Symlinking: /home/james/workspace/robofun-1.0/object-detection-ws/install/object_detection_msgs/share/object_detection_msgs/cmake/object_detection_msgsConfig-version.cmake
[5.995s] -- Symlinking: /home/james/workspace/robofun-1.0/object-detection-ws/install/object_detection_msgs/share/object_detection_msgs/package.xml
[6.005s] -- Installing: /home/james/workspace/robofun-1.0/object-detection-ws/install/object_detection_msgs/lib/libobject_detection_msgs__rosidl_generator_c.so
[6.006s] -- Set runtime path of "/home/james/workspace/robofun-1.0/object-detection-ws/install/object_detection_msgs/lib/libobject_detection_msgs__rosidl_generator_c.so" to ""
[6.006s] -- Installing: /home/james/workspace/robofun-1.0/object-detection-ws/install/object_detection_msgs/lib/libobject_detection_msgs__rosidl_typesupport_fastrtps_c.so
[6.006s] -- Set runtime path of "/home/james/workspace/robofun-1.0/object-detection-ws/install/object_detection_msgs/lib/libobject_detection_msgs__rosidl_typesupport_fastrtps_c.so" to ""
[6.006s] -- Installing: /home/james/workspace/robofun-1.0/object-detection-ws/install/object_detection_msgs/lib/libobject_detection_msgs__rosidl_typesupport_introspection_c.so
[6.007s] -- Set runtime path of "/home/james/workspace/robofun-1.0/object-detection-ws/install/object_detection_msgs/lib/libobject_detection_msgs__rosidl_typesupport_introspection_c.so" to ""
[6.007s] -- Installing: /home/james/workspace/robofun-1.0/object-detection-ws/install/object_detection_msgs/lib/libobject_detection_msgs__rosidl_typesupport_c.so
[6.007s] -- Set runtime path of "/home/james/workspace/robofun-1.0/object-detection-ws/install/object_detection_msgs/lib/libobject_detection_msgs__rosidl_typesupport_c.so" to ""
[6.007s] -- Installing: /home/james/workspace/robofun-1.0/object-detection-ws/install/object_detection_msgs/lib/libobject_detection_msgs__rosidl_typesupport_fastrtps_cpp.so
[6.007s] -- Set runtime path of "/home/james/workspace/robofun-1.0/object-detection-ws/install/object_detection_msgs/lib/libobject_detection_msgs__rosidl_typesupport_fastrtps_cpp.so" to ""
[6.007s] -- Installing: /home/james/workspace/robofun-1.0/object-detection-ws/install/object_detection_msgs/lib/libobject_detection_msgs__rosidl_typesupport_introspection_cpp.so
[6.007s] -- Set runtime path of "/home/james/workspace/robofun-1.0/object-detection-ws/install/object_detection_msgs/lib/libobject_detection_msgs__rosidl_typesupport_introspection_cpp.so" to ""
[6.007s] -- Installing: /home/james/workspace/robofun-1.0/object-detection-ws/install/object_detection_msgs/lib/libobject_detection_msgs__rosidl_typesupport_cpp.so
[6.008s] -- Set runtime path of "/home/james/workspace/robofun-1.0/object-detection-ws/install/object_detection_msgs/lib/libobject_detection_msgs__rosidl_typesupport_cpp.so" to ""
[6.045s] Listing '/home/james/workspace/robofun-1.0/object-detection-ws/install/object_detection_msgs/local/lib/python3.10/dist-packages/object_detection_msgs'...
[6.045s] Compiling '/home/james/workspace/robofun-1.0/object-detection-ws/install/object_detection_msgs/local/lib/python3.10/dist-packages/object_detection_msgs/__init__.py'...
[6.045s] Listing '/home/james/workspace/robofun-1.0/object-detection-ws/install/object_detection_msgs/local/lib/python3.10/dist-packages/object_detection_msgs/msg'...
[6.045s] Compiling '/home/james/workspace/robofun-1.0/object-detection-ws/install/object_detection_msgs/local/lib/python3.10/dist-packages/object_detection_msgs/msg/__init__.py'...
[6.045s] Compiling '/home/james/workspace/robofun-1.0/object-detection-ws/install/object_detection_msgs/local/lib/python3.10/dist-packages/object_detection_msgs/msg/_object.py'...
[6.045s] Compiling '/home/james/workspace/robofun-1.0/object-detection-ws/install/object_detection_msgs/local/lib/python3.10/dist-packages/object_detection_msgs/msg/_objects.py'...
[6.048s] -- Installing: /home/james/workspace/robofun-1.0/object-detection-ws/install/object_detection_msgs/lib/libobject_detection_msgs__rosidl_generator_py.so
[6.049s] -- Set runtime path of "/home/james/workspace/robofun-1.0/object-detection-ws/install/object_detection_msgs/lib/libobject_detection_msgs__rosidl_generator_py.so" to ""
[6.049s] -- Installing: /home/james/workspace/robofun-1.0/object-detection-ws/install/object_detection_msgs/share/object_detection_msgs/cmake/export_object_detection_msgs__rosidl_generator_cExport.cmake
[6.049s] -- Installing: /home/james/workspace/robofun-1.0/object-detection-ws/install/object_detection_msgs/share/object_detection_msgs/cmake/export_object_detection_msgs__rosidl_generator_cExport-noconfig.cmake
[6.049s] -- Installing: /home/james/workspace/robofun-1.0/object-detection-ws/install/object_detection_msgs/share/object_detection_msgs/cmake/export_object_detection_msgs__rosidl_typesupport_fastrtps_cExport.cmake
[6.049s] -- Installing: /home/james/workspace/robofun-1.0/object-detection-ws/install/object_detection_msgs/share/object_detection_msgs/cmake/export_object_detection_msgs__rosidl_typesupport_fastrtps_cExport-noconfig.cmake
[6.049s] -- Installing: /home/james/workspace/robofun-1.0/object-detection-ws/install/object_detection_msgs/share/object_detection_msgs/cmake/object_detection_msgs__rosidl_typesupport_introspection_cExport.cmake
[6.049s] -- Installing: /home/james/workspace/robofun-1.0/object-detection-ws/install/object_detection_msgs/share/object_detection_msgs/cmake/object_detection_msgs__rosidl_typesupport_introspection_cExport-noconfig.cmake
[6.049s] -- Installing: /home/james/workspace/robofun-1.0/object-detection-ws/install/object_detection_msgs/share/object_detection_msgs/cmake/object_detection_msgs__rosidl_typesupport_cExport.cmake
[6.049s] -- Installing: /home/james/workspace/robofun-1.0/object-detection-ws/install/object_detection_msgs/share/object_detection_msgs/cmake/object_detection_msgs__rosidl_typesupport_cExport-noconfig.cmake
[6.049s] -- Installing: /home/james/workspace/robofun-1.0/object-detection-ws/install/object_detection_msgs/share/object_detection_msgs/cmake/export_object_detection_msgs__rosidl_generator_cppExport.cmake
[6.049s] -- Installing: /home/james/workspace/robofun-1.0/object-detection-ws/install/object_detection_msgs/share/object_detection_msgs/cmake/export_object_detection_msgs__rosidl_typesupport_fastrtps_cppExport.cmake
[6.049s] -- Installing: /home/james/workspace/robofun-1.0/object-detection-ws/install/object_detection_msgs/share/object_detection_msgs/cmake/export_object_detection_msgs__rosidl_typesupport_fastrtps_cppExport-noconfig.cmake
[6.049s] -- Installing: /home/james/workspace/robofun-1.0/object-detection-ws/install/object_detection_msgs/share/object_detection_msgs/cmake/object_detection_msgs__rosidl_typesupport_introspection_cppExport.cmake
[6.049s] -- Installing: /home/james/workspace/robofun-1.0/object-detection-ws/install/object_detection_msgs/share/object_detection_msgs/cmake/object_detection_msgs__rosidl_typesupport_introspection_cppExport-noconfig.cmake
[6.049s] -- Installing: /home/james/workspace/robofun-1.0/object-detection-ws/install/object_detection_msgs/share/object_detection_msgs/cmake/object_detection_msgs__rosidl_typesupport_cppExport.cmake
[6.049s] -- Installing: /home/james/workspace/robofun-1.0/object-detection-ws/install/object_detection_msgs/share/object_detection_msgs/cmake/object_detection_msgs__rosidl_typesupport_cppExport-noconfig.cmake
[6.049s] -- Installing: /home/james/workspace/robofun-1.0/object-detection-ws/install/object_detection_msgs/share/object_detection_msgs/cmake/export_object_detection_msgs__rosidl_generator_pyExport.cmake
[6.049s] -- Installing: /home/james/workspace/robofun-1.0/object-detection-ws/install/object_detection_msgs/share/object_detection_msgs/cmake/export_object_detection_msgs__rosidl_generator_pyExport-noconfig.cmake
[6.051s] Invoked command in '/home/james/workspace/robofun-1.0/object-detection-ws/build/object_detection_msgs' returned '0': CMAKE_PREFIX_PATH=${CMAKE_PREFIX_PATH}:/home/james/turtlebot3_ws/install/turtlebot3_teleop:/home/james/turtlebot3_ws/install/turtlebot3_example:/home/james/turtlebot3_ws/install/follow_waypoints:/opt/ros/humble /usr/bin/cmake --install /home/james/workspace/robofun-1.0/object-detection-ws/build/object_detection_msgs
