[0.072s] DEBUG:colcon:Command line arguments: ['/usr/bin/colcon', 'build', '--symlink-install']
[0.072s] DEBUG:colcon:Parsed command line arguments: Namespace(log_base=None, log_level=None, verb_name='build', build_base='build', install_base='install', merge_install=False, symlink_install=True, test_result_base=None, continue_on_error=False, executor='parallel', parallel_workers=20, event_handlers=None, ignore_user_meta=False, metas=['./colcon.meta'], base_paths=['.'], packages_ignore=None, packages_ignore_regex=None, paths=None, packages_up_to=None, packages_up_to_regex=None, packages_above=None, packages_above_and_dependencies=None, packages_above_depth=None, packages_select_by_dep=None, packages_skip_by_dep=None, packages_skip_up_to=None, packages_select_build_failed=False, packages_skip_build_finished=False, packages_select_test_failures=False, packages_skip_test_passed=False, packages_select=None, packages_skip=None, packages_select_regex=None, packages_skip_regex=None, packages_start=None, packages_end=None, allow_overriding=[], cmake_args=None, cmake_target=None, cmake_target_skip_unavailable=False, cmake_clean_cache=False, cmake_clean_first=False, cmake_force_configure=False, ament_cmake_args=None, catkin_cmake_args=None, catkin_skip_building_tests=False, mixin_files=None, mixin=None, verb_parser=<colcon_mixin.mixin.mixin_argument.MixinArgumentDecorator object at 0x78d41a3752d0>, verb_extension=<colcon_core.verb.build.BuildVerb object at 0x78d41a47e020>, main=<bound method BuildVerb.main of <colcon_core.verb.build.BuildVerb object at 0x78d41a47e020>>, mixin_verb=('build',))
[0.097s] Level 1:colcon.colcon_core.package_discovery:discover_packages(colcon_meta) check parameters
[0.097s] Level 1:colcon.colcon_core.package_discovery:discover_packages(recursive) check parameters
[0.097s] Level 1:colcon.colcon_core.package_discovery:discover_packages(ignore) check parameters
[0.097s] Level 1:colcon.colcon_core.package_discovery:discover_packages(path) check parameters
[0.097s] Level 1:colcon.colcon_core.package_discovery:discover_packages(colcon_meta) discover
[0.097s] Level 1:colcon.colcon_core.package_discovery:discover_packages(recursive) discover
[0.097s] INFO:colcon.colcon_core.package_discovery:Crawling recursively for packages in '/home/james/workspace/robofun-1.0/object-detection-ws'
[0.097s] Level 1:colcon.colcon_core.package_identification:_identify(.) by extensions ['ignore', 'ignore_ament_install']
[0.097s] Level 1:colcon.colcon_core.package_identification:_identify(.) by extension 'ignore'
[0.097s] Level 1:colcon.colcon_core.package_identification:_identify(.) by extension 'ignore_ament_install'
[0.097s] Level 1:colcon.colcon_core.package_identification:_identify(.) by extensions ['colcon_pkg']
[0.097s] Level 1:colcon.colcon_core.package_identification:_identify(.) by extension 'colcon_pkg'
[0.097s] Level 1:colcon.colcon_core.package_identification:_identify(.) by extensions ['colcon_meta']
[0.097s] Level 1:colcon.colcon_core.package_identification:_identify(.) by extension 'colcon_meta'
[0.097s] Level 1:colcon.colcon_core.package_identification:_identify(.) by extensions ['ros']
[0.097s] Level 1:colcon.colcon_core.package_identification:_identify(.) by extension 'ros'
[0.107s] Level 1:colcon.colcon_core.package_identification:_identify(.) by extensions ['cmake', 'python']
[0.107s] Level 1:colcon.colcon_core.package_identification:_identify(.) by extension 'cmake'
[0.107s] Level 1:colcon.colcon_core.package_identification:_identify(.) by extension 'python'
[0.107s] Level 1:colcon.colcon_core.package_identification:_identify(.) by extensions ['python_setup_py']
[0.107s] Level 1:colcon.colcon_core.package_identification:_identify(.) by extension 'python_setup_py'
[0.107s] Level 1:colcon.colcon_core.package_identification:_identify(build) by extensions ['ignore', 'ignore_ament_install']
[0.108s] Level 1:colcon.colcon_core.package_identification:_identify(build) by extension 'ignore'
[0.108s] Level 1:colcon.colcon_core.package_identification:_identify(build) ignored
[0.108s] Level 1:colcon.colcon_core.package_identification:_identify(install) by extensions ['ignore', 'ignore_ament_install']
[0.108s] Level 1:colcon.colcon_core.package_identification:_identify(install) by extension 'ignore'
[0.108s] Level 1:colcon.colcon_core.package_identification:_identify(install) ignored
[0.108s] Level 1:colcon.colcon_core.package_identification:_identify(log) by extensions ['ignore', 'ignore_ament_install']
[0.108s] Level 1:colcon.colcon_core.package_identification:_identify(log) by extension 'ignore'
[0.108s] Level 1:colcon.colcon_core.package_identification:_identify(log) ignored
[0.108s] Level 1:colcon.colcon_core.package_identification:_identify(models) by extensions ['ignore', 'ignore_ament_install']
[0.108s] Level 1:colcon.colcon_core.package_identification:_identify(models) by extension 'ignore'
[0.108s] Level 1:colcon.colcon_core.package_identification:_identify(models) by extension 'ignore_ament_install'
[0.108s] Level 1:colcon.colcon_core.package_identification:_identify(models) by extensions ['colcon_pkg']
[0.108s] Level 1:colcon.colcon_core.package_identification:_identify(models) by extension 'colcon_pkg'
[0.108s] Level 1:colcon.colcon_core.package_identification:_identify(models) by extensions ['colcon_meta']
[0.108s] Level 1:colcon.colcon_core.package_identification:_identify(models) by extension 'colcon_meta'
[0.108s] Level 1:colcon.colcon_core.package_identification:_identify(models) by extensions ['ros']
[0.108s] Level 1:colcon.colcon_core.package_identification:_identify(models) by extension 'ros'
[0.108s] Level 1:colcon.colcon_core.package_identification:_identify(models) by extensions ['cmake', 'python']
[0.108s] Level 1:colcon.colcon_core.package_identification:_identify(models) by extension 'cmake'
[0.108s] Level 1:colcon.colcon_core.package_identification:_identify(models) by extension 'python'
[0.108s] Level 1:colcon.colcon_core.package_identification:_identify(models) by extensions ['python_setup_py']
[0.108s] Level 1:colcon.colcon_core.package_identification:_identify(models) by extension 'python_setup_py'
[0.108s] Level 1:colcon.colcon_core.package_identification:_identify(models/yolov8n_openvino_model) by extensions ['ignore', 'ignore_ament_install']
[0.108s] Level 1:colcon.colcon_core.package_identification:_identify(models/yolov8n_openvino_model) by extension 'ignore'
[0.108s] Level 1:colcon.colcon_core.package_identification:_identify(models/yolov8n_openvino_model) by extension 'ignore_ament_install'
[0.108s] Level 1:colcon.colcon_core.package_identification:_identify(models/yolov8n_openvino_model) by extensions ['colcon_pkg']
[0.108s] Level 1:colcon.colcon_core.package_identification:_identify(models/yolov8n_openvino_model) by extension 'colcon_pkg'
[0.108s] Level 1:colcon.colcon_core.package_identification:_identify(models/yolov8n_openvino_model) by extensions ['colcon_meta']
[0.108s] Level 1:colcon.colcon_core.package_identification:_identify(models/yolov8n_openvino_model) by extension 'colcon_meta'
[0.108s] Level 1:colcon.colcon_core.package_identification:_identify(models/yolov8n_openvino_model) by extensions ['ros']
[0.108s] Level 1:colcon.colcon_core.package_identification:_identify(models/yolov8n_openvino_model) by extension 'ros'
[0.108s] Level 1:colcon.colcon_core.package_identification:_identify(models/yolov8n_openvino_model) by extensions ['cmake', 'python']
[0.109s] Level 1:colcon.colcon_core.package_identification:_identify(models/yolov8n_openvino_model) by extension 'cmake'
[0.109s] Level 1:colcon.colcon_core.package_identification:_identify(models/yolov8n_openvino_model) by extension 'python'
[0.109s] Level 1:colcon.colcon_core.package_identification:_identify(models/yolov8n_openvino_model) by extensions ['python_setup_py']
[0.109s] Level 1:colcon.colcon_core.package_identification:_identify(models/yolov8n_openvino_model) by extension 'python_setup_py'
[0.109s] Level 1:colcon.colcon_core.package_identification:_identify(src) by extensions ['ignore', 'ignore_ament_install']
[0.109s] Level 1:colcon.colcon_core.package_identification:_identify(src) by extension 'ignore'
[0.109s] Level 1:colcon.colcon_core.package_identification:_identify(src) by extension 'ignore_ament_install'
[0.109s] Level 1:colcon.colcon_core.package_identification:_identify(src) by extensions ['colcon_pkg']
[0.109s] Level 1:colcon.colcon_core.package_identification:_identify(src) by extension 'colcon_pkg'
[0.109s] Level 1:colcon.colcon_core.package_identification:_identify(src) by extensions ['colcon_meta']
[0.109s] Level 1:colcon.colcon_core.package_identification:_identify(src) by extension 'colcon_meta'
[0.109s] Level 1:colcon.colcon_core.package_identification:_identify(src) by extensions ['ros']
[0.109s] Level 1:colcon.colcon_core.package_identification:_identify(src) by extension 'ros'
[0.109s] Level 1:colcon.colcon_core.package_identification:_identify(src) by extensions ['cmake', 'python']
[0.109s] Level 1:colcon.colcon_core.package_identification:_identify(src) by extension 'cmake'
[0.109s] Level 1:colcon.colcon_core.package_identification:_identify(src) by extension 'python'
[0.109s] Level 1:colcon.colcon_core.package_identification:_identify(src) by extensions ['python_setup_py']
[0.109s] Level 1:colcon.colcon_core.package_identification:_identify(src) by extension 'python_setup_py'
[0.109s] Level 1:colcon.colcon_core.package_identification:_identify(src/follow_waypoints) by extensions ['ignore', 'ignore_ament_install']
[0.109s] Level 1:colcon.colcon_core.package_identification:_identify(src/follow_waypoints) by extension 'ignore'
[0.109s] Level 1:colcon.colcon_core.package_identification:_identify(src/follow_waypoints) by extension 'ignore_ament_install'
[0.109s] Level 1:colcon.colcon_core.package_identification:_identify(src/follow_waypoints) by extensions ['colcon_pkg']
[0.109s] Level 1:colcon.colcon_core.package_identification:_identify(src/follow_waypoints) by extension 'colcon_pkg'
[0.109s] Level 1:colcon.colcon_core.package_identification:_identify(src/follow_waypoints) by extensions ['colcon_meta']
[0.109s] Level 1:colcon.colcon_core.package_identification:_identify(src/follow_waypoints) by extension 'colcon_meta'
[0.109s] Level 1:colcon.colcon_core.package_identification:_identify(src/follow_waypoints) by extensions ['ros']
[0.109s] Level 1:colcon.colcon_core.package_identification:_identify(src/follow_waypoints) by extension 'ros'
[0.111s] DEBUG:colcon.colcon_core.package_identification:Package 'src/follow_waypoints' with type 'ros.ament_python' and name 'follow_waypoints'
[0.111s] Level 1:colcon.colcon_core.package_identification:_identify(src/object_detection) by extensions ['ignore', 'ignore_ament_install']
[0.111s] Level 1:colcon.colcon_core.package_identification:_identify(src/object_detection) by extension 'ignore'
[0.111s] Level 1:colcon.colcon_core.package_identification:_identify(src/object_detection) by extension 'ignore_ament_install'
[0.111s] Level 1:colcon.colcon_core.package_identification:_identify(src/object_detection) by extensions ['colcon_pkg']
[0.111s] Level 1:colcon.colcon_core.package_identification:_identify(src/object_detection) by extension 'colcon_pkg'
[0.111s] Level 1:colcon.colcon_core.package_identification:_identify(src/object_detection) by extensions ['colcon_meta']
[0.111s] Level 1:colcon.colcon_core.package_identification:_identify(src/object_detection) by extension 'colcon_meta'
[0.111s] Level 1:colcon.colcon_core.package_identification:_identify(src/object_detection) by extensions ['ros']
[0.111s] Level 1:colcon.colcon_core.package_identification:_identify(src/object_detection) by extension 'ros'
[0.111s] DEBUG:colcon.colcon_core.package_identification:Package 'src/object_detection' with type 'ros.ament_python' and name 'object_detection'
[0.111s] Level 1:colcon.colcon_core.package_identification:_identify(src/object_detection_msgs) by extensions ['ignore', 'ignore_ament_install']
[0.111s] Level 1:colcon.colcon_core.package_identification:_identify(src/object_detection_msgs) by extension 'ignore'
[0.111s] Level 1:colcon.colcon_core.package_identification:_identify(src/object_detection_msgs) by extension 'ignore_ament_install'
[0.111s] Level 1:colcon.colcon_core.package_identification:_identify(src/object_detection_msgs) by extensions ['colcon_pkg']
[0.112s] Level 1:colcon.colcon_core.package_identification:_identify(src/object_detection_msgs) by extension 'colcon_pkg'
[0.112s] Level 1:colcon.colcon_core.package_identification:_identify(src/object_detection_msgs) by extensions ['colcon_meta']
[0.112s] Level 1:colcon.colcon_core.package_identification:_identify(src/object_detection_msgs) by extension 'colcon_meta'
[0.112s] Level 1:colcon.colcon_core.package_identification:_identify(src/object_detection_msgs) by extensions ['ros']
[0.112s] Level 1:colcon.colcon_core.package_identification:_identify(src/object_detection_msgs) by extension 'ros'
[0.112s] DEBUG:colcon.colcon_core.package_identification:Package 'src/object_detection_msgs' with type 'ros.ament_cmake' and name 'object_detection_msgs'
[0.112s] Level 1:colcon.colcon_core.package_identification:_identify(src/yolobot_recognition) by extensions ['ignore', 'ignore_ament_install']
[0.112s] Level 1:colcon.colcon_core.package_identification:_identify(src/yolobot_recognition) by extension 'ignore'
[0.112s] Level 1:colcon.colcon_core.package_identification:_identify(src/yolobot_recognition) by extension 'ignore_ament_install'
[0.112s] Level 1:colcon.colcon_core.package_identification:_identify(src/yolobot_recognition) by extensions ['colcon_pkg']
[0.112s] Level 1:colcon.colcon_core.package_identification:_identify(src/yolobot_recognition) by extension 'colcon_pkg'
[0.112s] Level 1:colcon.colcon_core.package_identification:_identify(src/yolobot_recognition) by extensions ['colcon_meta']
[0.112s] Level 1:colcon.colcon_core.package_identification:_identify(src/yolobot_recognition) by extension 'colcon_meta'
[0.112s] Level 1:colcon.colcon_core.package_identification:_identify(src/yolobot_recognition) by extensions ['ros']
[0.112s] Level 1:colcon.colcon_core.package_identification:_identify(src/yolobot_recognition) by extension 'ros'
[0.113s] DEBUG:colcon.colcon_core.package_identification:Package 'src/yolobot_recognition' with type 'ros.ament_cmake' and name 'yolobot_recognition'
[0.113s] Level 1:colcon.colcon_core.package_identification:_identify(src/yolov8_msgs) by extensions ['ignore', 'ignore_ament_install']
[0.113s] Level 1:colcon.colcon_core.package_identification:_identify(src/yolov8_msgs) by extension 'ignore'
[0.113s] Level 1:colcon.colcon_core.package_identification:_identify(src/yolov8_msgs) by extension 'ignore_ament_install'
[0.113s] Level 1:colcon.colcon_core.package_identification:_identify(src/yolov8_msgs) by extensions ['colcon_pkg']
[0.113s] Level 1:colcon.colcon_core.package_identification:_identify(src/yolov8_msgs) by extension 'colcon_pkg'
[0.113s] Level 1:colcon.colcon_core.package_identification:_identify(src/yolov8_msgs) by extensions ['colcon_meta']
[0.113s] Level 1:colcon.colcon_core.package_identification:_identify(src/yolov8_msgs) by extension 'colcon_meta'
[0.113s] Level 1:colcon.colcon_core.package_identification:_identify(src/yolov8_msgs) by extensions ['ros']
[0.113s] Level 1:colcon.colcon_core.package_identification:_identify(src/yolov8_msgs) by extension 'ros'
[0.113s] DEBUG:colcon.colcon_core.package_identification:Package 'src/yolov8_msgs' with type 'ros.ament_cmake' and name 'yolov8_msgs'
[0.113s] Level 1:colcon.colcon_core.package_discovery:discover_packages(recursive) using defaults
[0.113s] Level 1:colcon.colcon_core.package_discovery:discover_packages(ignore) discover
[0.113s] Level 1:colcon.colcon_core.package_discovery:discover_packages(ignore) using defaults
[0.113s] Level 1:colcon.colcon_core.package_discovery:discover_packages(path) discover
[0.113s] Level 1:colcon.colcon_core.package_discovery:discover_packages(path) using defaults
[0.127s] Level 1:colcon.colcon_core.package_discovery:discover_packages(prefix_path) check parameters
[0.127s] Level 1:colcon.colcon_core.package_discovery:discover_packages(prefix_path) discover
[0.129s] DEBUG:colcon.colcon_installed_package_information.package_discovery:Found 5 installed packages in /home/james/workspace/robofun-1.0/object-detection-ws/install
[0.129s] DEBUG:colcon.colcon_installed_package_information.package_discovery:Found 16 installed packages in /home/james/turtlebot3_ws/install
[0.130s] DEBUG:colcon.colcon_installed_package_information.package_discovery:Found 507 installed packages in /opt/ros/humble
[0.132s] Level 1:colcon.colcon_core.package_discovery:discover_packages(prefix_path) using defaults
[0.172s] Level 5:colcon.colcon_core.verb:set package 'follow_waypoints' build argument 'cmake_args' from command line to 'None'
[0.172s] Level 5:colcon.colcon_core.verb:set package 'follow_waypoints' build argument 'cmake_target' from command line to 'None'
[0.172s] Level 5:colcon.colcon_core.verb:set package 'follow_waypoints' build argument 'cmake_target_skip_unavailable' from command line to 'False'
[0.172s] Level 5:colcon.colcon_core.verb:set package 'follow_waypoints' build argument 'cmake_clean_cache' from command line to 'False'
[0.172s] Level 5:colcon.colcon_core.verb:set package 'follow_waypoints' build argument 'cmake_clean_first' from command line to 'False'
[0.172s] Level 5:colcon.colcon_core.verb:set package 'follow_waypoints' build argument 'cmake_force_configure' from command line to 'False'
[0.172s] Level 5:colcon.colcon_core.verb:set package 'follow_waypoints' build argument 'ament_cmake_args' from command line to 'None'
[0.172s] Level 5:colcon.colcon_core.verb:set package 'follow_waypoints' build argument 'catkin_cmake_args' from command line to 'None'
[0.172s] Level 5:colcon.colcon_core.verb:set package 'follow_waypoints' build argument 'catkin_skip_building_tests' from command line to 'False'
[0.172s] DEBUG:colcon.colcon_core.verb:Building package 'follow_waypoints' with the following arguments: {'ament_cmake_args': None, 'build_base': '/home/james/workspace/robofun-1.0/object-detection-ws/build/follow_waypoints', 'catkin_cmake_args': None, 'catkin_skip_building_tests': False, 'cmake_args': None, 'cmake_clean_cache': False, 'cmake_clean_first': False, 'cmake_force_configure': False, 'cmake_target': None, 'cmake_target_skip_unavailable': False, 'install_base': '/home/james/workspace/robofun-1.0/object-detection-ws/install/follow_waypoints', 'merge_install': False, 'path': '/home/james/workspace/robofun-1.0/object-detection-ws/src/follow_waypoints', 'symlink_install': True, 'test_result_base': None}
[0.172s] Level 5:colcon.colcon_core.verb:set package 'object_detection' build argument 'cmake_args' from command line to 'None'
[0.172s] Level 5:colcon.colcon_core.verb:set package 'object_detection' build argument 'cmake_target' from command line to 'None'
[0.172s] Level 5:colcon.colcon_core.verb:set package 'object_detection' build argument 'cmake_target_skip_unavailable' from command line to 'False'
[0.172s] Level 5:colcon.colcon_core.verb:set package 'object_detection' build argument 'cmake_clean_cache' from command line to 'False'
[0.172s] Level 5:colcon.colcon_core.verb:set package 'object_detection' build argument 'cmake_clean_first' from command line to 'False'
[0.172s] Level 5:colcon.colcon_core.verb:set package 'object_detection' build argument 'cmake_force_configure' from command line to 'False'
[0.172s] Level 5:colcon.colcon_core.verb:set package 'object_detection' build argument 'ament_cmake_args' from command line to 'None'
[0.172s] Level 5:colcon.colcon_core.verb:set package 'object_detection' build argument 'catkin_cmake_args' from command line to 'None'
[0.173s] Level 5:colcon.colcon_core.verb:set package 'object_detection' build argument 'catkin_skip_building_tests' from command line to 'False'
[0.173s] DEBUG:colcon.colcon_core.verb:Building package 'object_detection' with the following arguments: {'ament_cmake_args': None, 'build_base': '/home/james/workspace/robofun-1.0/object-detection-ws/build/object_detection', 'catkin_cmake_args': None, 'catkin_skip_building_tests': False, 'cmake_args': None, 'cmake_clean_cache': False, 'cmake_clean_first': False, 'cmake_force_configure': False, 'cmake_target': None, 'cmake_target_skip_unavailable': False, 'install_base': '/home/james/workspace/robofun-1.0/object-detection-ws/install/object_detection', 'merge_install': False, 'path': '/home/james/workspace/robofun-1.0/object-detection-ws/src/object_detection', 'symlink_install': True, 'test_result_base': None}
[0.173s] Level 5:colcon.colcon_core.verb:set package 'object_detection_msgs' build argument 'cmake_args' from command line to 'None'
[0.173s] Level 5:colcon.colcon_core.verb:set package 'object_detection_msgs' build argument 'cmake_target' from command line to 'None'
[0.173s] Level 5:colcon.colcon_core.verb:set package 'object_detection_msgs' build argument 'cmake_target_skip_unavailable' from command line to 'False'
[0.173s] Level 5:colcon.colcon_core.verb:set package 'object_detection_msgs' build argument 'cmake_clean_cache' from command line to 'False'
[0.173s] Level 5:colcon.colcon_core.verb:set package 'object_detection_msgs' build argument 'cmake_clean_first' from command line to 'False'
[0.173s] Level 5:colcon.colcon_core.verb:set package 'object_detection_msgs' build argument 'cmake_force_configure' from command line to 'False'
[0.173s] Level 5:colcon.colcon_core.verb:set package 'object_detection_msgs' build argument 'ament_cmake_args' from command line to 'None'
[0.173s] Level 5:colcon.colcon_core.verb:set package 'object_detection_msgs' build argument 'catkin_cmake_args' from command line to 'None'
[0.173s] Level 5:colcon.colcon_core.verb:set package 'object_detection_msgs' build argument 'catkin_skip_building_tests' from command line to 'False'
[0.173s] DEBUG:colcon.colcon_core.verb:Building package 'object_detection_msgs' with the following arguments: {'ament_cmake_args': None, 'build_base': '/home/james/workspace/robofun-1.0/object-detection-ws/build/object_detection_msgs', 'catkin_cmake_args': None, 'catkin_skip_building_tests': False, 'cmake_args': None, 'cmake_clean_cache': False, 'cmake_clean_first': False, 'cmake_force_configure': False, 'cmake_target': None, 'cmake_target_skip_unavailable': False, 'install_base': '/home/james/workspace/robofun-1.0/object-detection-ws/install/object_detection_msgs', 'merge_install': False, 'path': '/home/james/workspace/robofun-1.0/object-detection-ws/src/object_detection_msgs', 'symlink_install': True, 'test_result_base': None}
[0.173s] Level 5:colcon.colcon_core.verb:set package 'yolobot_recognition' build argument 'cmake_args' from command line to 'None'
[0.173s] Level 5:colcon.colcon_core.verb:set package 'yolobot_recognition' build argument 'cmake_target' from command line to 'None'
[0.173s] Level 5:colcon.colcon_core.verb:set package 'yolobot_recognition' build argument 'cmake_target_skip_unavailable' from command line to 'False'
[0.173s] Level 5:colcon.colcon_core.verb:set package 'yolobot_recognition' build argument 'cmake_clean_cache' from command line to 'False'
[0.173s] Level 5:colcon.colcon_core.verb:set package 'yolobot_recognition' build argument 'cmake_clean_first' from command line to 'False'
[0.173s] Level 5:colcon.colcon_core.verb:set package 'yolobot_recognition' build argument 'cmake_force_configure' from command line to 'False'
[0.173s] Level 5:colcon.colcon_core.verb:set package 'yolobot_recognition' build argument 'ament_cmake_args' from command line to 'None'
[0.173s] Level 5:colcon.colcon_core.verb:set package 'yolobot_recognition' build argument 'catkin_cmake_args' from command line to 'None'
[0.173s] Level 5:colcon.colcon_core.verb:set package 'yolobot_recognition' build argument 'catkin_skip_building_tests' from command line to 'False'
[0.173s] DEBUG:colcon.colcon_core.verb:Building package 'yolobot_recognition' with the following arguments: {'ament_cmake_args': None, 'build_base': '/home/james/workspace/robofun-1.0/object-detection-ws/build/yolobot_recognition', 'catkin_cmake_args': None, 'catkin_skip_building_tests': False, 'cmake_args': None, 'cmake_clean_cache': False, 'cmake_clean_first': False, 'cmake_force_configure': False, 'cmake_target': None, 'cmake_target_skip_unavailable': False, 'install_base': '/home/james/workspace/robofun-1.0/object-detection-ws/install/yolobot_recognition', 'merge_install': False, 'path': '/home/james/workspace/robofun-1.0/object-detection-ws/src/yolobot_recognition', 'symlink_install': True, 'test_result_base': None}
[0.173s] Level 5:colcon.colcon_core.verb:set package 'yolov8_msgs' build argument 'cmake_args' from command line to 'None'
[0.173s] Level 5:colcon.colcon_core.verb:set package 'yolov8_msgs' build argument 'cmake_target' from command line to 'None'
[0.173s] Level 5:colcon.colcon_core.verb:set package 'yolov8_msgs' build argument 'cmake_target_skip_unavailable' from command line to 'False'
[0.173s] Level 5:colcon.colcon_core.verb:set package 'yolov8_msgs' build argument 'cmake_clean_cache' from command line to 'False'
[0.173s] Level 5:colcon.colcon_core.verb:set package 'yolov8_msgs' build argument 'cmake_clean_first' from command line to 'False'
[0.173s] Level 5:colcon.colcon_core.verb:set package 'yolov8_msgs' build argument 'cmake_force_configure' from command line to 'False'
[0.174s] Level 5:colcon.colcon_core.verb:set package 'yolov8_msgs' build argument 'ament_cmake_args' from command line to 'None'
[0.174s] Level 5:colcon.colcon_core.verb:set package 'yolov8_msgs' build argument 'catkin_cmake_args' from command line to 'None'
[0.174s] Level 5:colcon.colcon_core.verb:set package 'yolov8_msgs' build argument 'catkin_skip_building_tests' from command line to 'False'
[0.174s] DEBUG:colcon.colcon_core.verb:Building package 'yolov8_msgs' with the following arguments: {'ament_cmake_args': None, 'build_base': '/home/james/workspace/robofun-1.0/object-detection-ws/build/yolov8_msgs', 'catkin_cmake_args': None, 'catkin_skip_building_tests': False, 'cmake_args': None, 'cmake_clean_cache': False, 'cmake_clean_first': False, 'cmake_force_configure': False, 'cmake_target': None, 'cmake_target_skip_unavailable': False, 'install_base': '/home/james/workspace/robofun-1.0/object-detection-ws/install/yolov8_msgs', 'merge_install': False, 'path': '/home/james/workspace/robofun-1.0/object-detection-ws/src/yolov8_msgs', 'symlink_install': True, 'test_result_base': None}
[0.174s] INFO:colcon.colcon_core.executor:Executing jobs using 'parallel' executor
[0.174s] DEBUG:colcon.colcon_parallel_executor.executor.parallel:run_until_complete
[0.175s] INFO:colcon.colcon_ros.task.ament_python.build:Building ROS package in '/home/james/workspace/robofun-1.0/object-detection-ws/src/follow_waypoints' with build type 'ament_python'
[0.175s] Level 1:colcon.colcon_core.shell:create_environment_hook('follow_waypoints', 'ament_prefix_path')
[0.176s] INFO:colcon.colcon_core.plugin_system:Skipping extension 'colcon_core.shell.bat': Not used on non-Windows systems
[0.176s] INFO:colcon.colcon_core.shell:Creating environment hook '/home/james/workspace/robofun-1.0/object-detection-ws/install/follow_waypoints/share/follow_waypoints/hook/ament_prefix_path.ps1'
[0.177s] INFO:colcon.colcon_core.shell:Creating environment descriptor '/home/james/workspace/robofun-1.0/object-detection-ws/install/follow_waypoints/share/follow_waypoints/hook/ament_prefix_path.dsv'
[0.177s] INFO:colcon.colcon_core.shell:Creating environment hook '/home/james/workspace/robofun-1.0/object-detection-ws/install/follow_waypoints/share/follow_waypoints/hook/ament_prefix_path.sh'
[0.178s] INFO:colcon.colcon_core.shell:Skip shell extension 'powershell' for command environment: Not usable outside of PowerShell
[0.178s] DEBUG:colcon.colcon_core.shell:Skip shell extension 'dsv' for command environment
[0.181s] INFO:colcon.colcon_ros.task.ament_python.build:Building ROS package in '/home/james/workspace/robofun-1.0/object-detection-ws/src/object_detection' with build type 'ament_python'
[0.181s] Level 1:colcon.colcon_core.shell:create_environment_hook('object_detection', 'ament_prefix_path')
[0.182s] INFO:colcon.colcon_core.shell:Creating environment hook '/home/james/workspace/robofun-1.0/object-detection-ws/install/object_detection/share/object_detection/hook/ament_prefix_path.ps1'
[0.182s] INFO:colcon.colcon_core.shell:Creating environment descriptor '/home/james/workspace/robofun-1.0/object-detection-ws/install/object_detection/share/object_detection/hook/ament_prefix_path.dsv'
[0.182s] INFO:colcon.colcon_core.shell:Creating environment hook '/home/james/workspace/robofun-1.0/object-detection-ws/install/object_detection/share/object_detection/hook/ament_prefix_path.sh'
[0.183s] INFO:colcon.colcon_core.shell:Skip shell extension 'powershell' for command environment: Not usable outside of PowerShell
[0.183s] DEBUG:colcon.colcon_core.shell:Skip shell extension 'dsv' for command environment
[0.187s] INFO:colcon.colcon_ros.task.ament_cmake.build:Building ROS package in '/home/james/workspace/robofun-1.0/object-detection-ws/src/object_detection_msgs' with build type 'ament_cmake'
[0.187s] INFO:colcon.colcon_cmake.task.cmake.build:Building CMake package in '/home/james/workspace/robofun-1.0/object-detection-ws/src/object_detection_msgs'
[0.187s] INFO:colcon.colcon_core.shell:Skip shell extension 'powershell' for command environment: Not usable outside of PowerShell
[0.187s] DEBUG:colcon.colcon_core.shell:Skip shell extension 'dsv' for command environment
[0.191s] INFO:colcon.colcon_ros.task.ament_cmake.build:Building ROS package in '/home/james/workspace/robofun-1.0/object-detection-ws/src/yolobot_recognition' with build type 'ament_cmake'
[0.191s] INFO:colcon.colcon_cmake.task.cmake.build:Building CMake package in '/home/james/workspace/robofun-1.0/object-detection-ws/src/yolobot_recognition'
[0.191s] INFO:colcon.colcon_core.shell:Skip shell extension 'powershell' for command environment: Not usable outside of PowerShell
[0.191s] DEBUG:colcon.colcon_core.shell:Skip shell extension 'dsv' for command environment
[0.196s] INFO:colcon.colcon_ros.task.ament_cmake.build:Building ROS package in '/home/james/workspace/robofun-1.0/object-detection-ws/src/yolov8_msgs' with build type 'ament_cmake'
[0.196s] INFO:colcon.colcon_cmake.task.cmake.build:Building CMake package in '/home/james/workspace/robofun-1.0/object-detection-ws/src/yolov8_msgs'
[0.196s] INFO:colcon.colcon_core.shell:Skip shell extension 'powershell' for command environment: Not usable outside of PowerShell
[0.196s] DEBUG:colcon.colcon_core.shell:Skip shell extension 'dsv' for command environment
[0.347s] INFO:colcon.colcon_core.task.python.build:Building Python package in '/home/james/workspace/robofun-1.0/object-detection-ws/src/follow_waypoints'
[0.347s] INFO:colcon.colcon_core.shell:Skip shell extension 'powershell' for command environment: Not usable outside of PowerShell
[0.347s] DEBUG:colcon.colcon_core.shell:Skip shell extension 'dsv' for command environment
[0.496s] INFO:colcon.colcon_core.task.python.build:Building Python package in '/home/james/workspace/robofun-1.0/object-detection-ws/src/object_detection'
[0.496s] INFO:colcon.colcon_core.shell:Skip shell extension 'powershell' for command environment: Not usable outside of PowerShell
[0.497s] DEBUG:colcon.colcon_core.shell:Skip shell extension 'dsv' for command environment
[0.505s] DEBUG:colcon.colcon_core.event_handler.log_command:Invoking command in '/home/james/workspace/robofun-1.0/object-detection-ws/build/object_detection_msgs': CMAKE_PREFIX_PATH=${CMAKE_PREFIX_PATH}:/home/james/workspace/robofun-1.0/object-detection-ws/install/object_detection:/home/james/workspace/robofun-1.0/object-detection-ws/install/follow_waypoints:/home/james/turtlebot3_ws/install/turtlebot3_teleop:/home/james/turtlebot3_ws/install/turtlebot3_example:/home/james/turtlebot3_ws/install/follow_waypoints:/opt/ros/humble /usr/bin/cmake --build /home/james/workspace/robofun-1.0/object-detection-ws/build/object_detection_msgs -- -j20 -l20
[0.509s] DEBUG:colcon.colcon_core.event_handler.log_command:Invoking command in '/home/james/workspace/robofun-1.0/object-detection-ws/build/yolobot_recognition': CMAKE_PREFIX_PATH=${CMAKE_PREFIX_PATH}:/home/james/workspace/robofun-1.0/object-detection-ws/install/object_detection:/home/james/workspace/robofun-1.0/object-detection-ws/install/follow_waypoints:/home/james/turtlebot3_ws/install/turtlebot3_teleop:/home/james/turtlebot3_ws/install/turtlebot3_example:/home/james/turtlebot3_ws/install/follow_waypoints:/opt/ros/humble /usr/bin/cmake --build /home/james/workspace/robofun-1.0/object-detection-ws/build/yolobot_recognition -- -j20 -l20
[0.514s] DEBUG:colcon.colcon_core.event_handler.log_command:Invoking command in '/home/james/workspace/robofun-1.0/object-detection-ws/build/yolov8_msgs': CMAKE_PREFIX_PATH=${CMAKE_PREFIX_PATH}:/home/james/workspace/robofun-1.0/object-detection-ws/install/object_detection:/home/james/workspace/robofun-1.0/object-detection-ws/install/follow_waypoints:/home/james/turtlebot3_ws/install/turtlebot3_teleop:/home/james/turtlebot3_ws/install/turtlebot3_example:/home/james/turtlebot3_ws/install/follow_waypoints:/opt/ros/humble /usr/bin/cmake --build /home/james/workspace/robofun-1.0/object-detection-ws/build/yolov8_msgs -- -j20 -l20
[0.549s] DEBUG:colcon.colcon_core.event_handler.log_command:Invoked command in '/home/james/workspace/robofun-1.0/object-detection-ws/build/yolobot_recognition' returned '0': CMAKE_PREFIX_PATH=${CMAKE_PREFIX_PATH}:/home/james/workspace/robofun-1.0/object-detection-ws/install/object_detection:/home/james/workspace/robofun-1.0/object-detection-ws/install/follow_waypoints:/home/james/turtlebot3_ws/install/turtlebot3_teleop:/home/james/turtlebot3_ws/install/turtlebot3_example:/home/james/turtlebot3_ws/install/follow_waypoints:/opt/ros/humble /usr/bin/cmake --build /home/james/workspace/robofun-1.0/object-detection-ws/build/yolobot_recognition -- -j20 -l20
[0.606s] DEBUG:colcon.colcon_core.event_handler.log_command:Invoking command in '/home/james/workspace/robofun-1.0/object-detection-ws/build/yolobot_recognition': CMAKE_PREFIX_PATH=${CMAKE_PREFIX_PATH}:/home/james/workspace/robofun-1.0/object-detection-ws/install/object_detection:/home/james/workspace/robofun-1.0/object-detection-ws/install/follow_waypoints:/home/james/turtlebot3_ws/install/turtlebot3_teleop:/home/james/turtlebot3_ws/install/turtlebot3_example:/home/james/turtlebot3_ws/install/follow_waypoints:/opt/ros/humble /usr/bin/cmake --install /home/james/workspace/robofun-1.0/object-detection-ws/build/yolobot_recognition
[0.632s] Level 1:colcon.colcon_core.environment:create_environment_scripts_only(yolobot_recognition)
[0.633s] DEBUG:colcon.colcon_core.event_handler.log_command:Invoked command in '/home/james/workspace/robofun-1.0/object-detection-ws/build/yolobot_recognition' returned '0': CMAKE_PREFIX_PATH=${CMAKE_PREFIX_PATH}:/home/james/workspace/robofun-1.0/object-detection-ws/install/object_detection:/home/james/workspace/robofun-1.0/object-detection-ws/install/follow_waypoints:/home/james/turtlebot3_ws/install/turtlebot3_teleop:/home/james/turtlebot3_ws/install/turtlebot3_example:/home/james/turtlebot3_ws/install/follow_waypoints:/opt/ros/humble /usr/bin/cmake --install /home/james/workspace/robofun-1.0/object-detection-ws/build/yolobot_recognition
[0.635s] Level 1:colcon.colcon_core.environment:checking '/home/james/workspace/robofun-1.0/object-detection-ws/install/yolobot_recognition' for CMake module files
[0.636s] Level 1:colcon.colcon_core.environment:checking '/home/james/workspace/robofun-1.0/object-detection-ws/install/yolobot_recognition' for CMake config files
[0.636s] Level 1:colcon.colcon_core.shell:create_environment_hook('yolobot_recognition', 'cmake_prefix_path')
[0.636s] INFO:colcon.colcon_core.shell:Creating environment hook '/home/james/workspace/robofun-1.0/object-detection-ws/install/yolobot_recognition/share/yolobot_recognition/hook/cmake_prefix_path.ps1'
[0.637s] INFO:colcon.colcon_core.shell:Creating environment descriptor '/home/james/workspace/robofun-1.0/object-detection-ws/install/yolobot_recognition/share/yolobot_recognition/hook/cmake_prefix_path.dsv'
[0.637s] INFO:colcon.colcon_core.shell:Creating environment hook '/home/james/workspace/robofun-1.0/object-detection-ws/install/yolobot_recognition/share/yolobot_recognition/hook/cmake_prefix_path.sh'
[0.638s] Level 1:colcon.colcon_core.environment:checking '/home/james/workspace/robofun-1.0/object-detection-ws/install/yolobot_recognition/lib'
[0.638s] Level 1:colcon.colcon_core.environment:checking '/home/james/workspace/robofun-1.0/object-detection-ws/install/yolobot_recognition/bin'
[0.638s] Level 1:colcon.colcon_core.environment:checking '/home/james/workspace/robofun-1.0/object-detection-ws/install/yolobot_recognition/lib/pkgconfig/yolobot_recognition.pc'
[0.639s] Level 1:colcon.colcon_core.environment:checking '/home/james/workspace/robofun-1.0/object-detection-ws/install/yolobot_recognition/lib/python3.10/site-packages'
[0.639s] Level 1:colcon.colcon_core.environment:checking '/home/james/workspace/robofun-1.0/object-detection-ws/install/yolobot_recognition/bin'
[0.639s] INFO:colcon.colcon_core.shell:Creating package script '/home/james/workspace/robofun-1.0/object-detection-ws/install/yolobot_recognition/share/yolobot_recognition/package.ps1'
[0.640s] INFO:colcon.colcon_core.shell:Creating package descriptor '/home/james/workspace/robofun-1.0/object-detection-ws/install/yolobot_recognition/share/yolobot_recognition/package.dsv'
[0.641s] INFO:colcon.colcon_core.shell:Creating package script '/home/james/workspace/robofun-1.0/object-detection-ws/install/yolobot_recognition/share/yolobot_recognition/package.sh'
[0.642s] INFO:colcon.colcon_core.shell:Creating package script '/home/james/workspace/robofun-1.0/object-detection-ws/install/yolobot_recognition/share/yolobot_recognition/package.bash'
[0.643s] INFO:colcon.colcon_core.shell:Creating package script '/home/james/workspace/robofun-1.0/object-detection-ws/install/yolobot_recognition/share/yolobot_recognition/package.zsh'
[0.643s] Level 1:colcon.colcon_core.environment:create_file_with_runtime_dependencies(/home/james/workspace/robofun-1.0/object-detection-ws/install/yolobot_recognition/share/colcon-core/packages/yolobot_recognition)
[0.673s] Level 1:colcon.colcon_core.environment:create_environment_scripts_only(yolobot_recognition)
[0.673s] Level 1:colcon.colcon_core.environment:checking '/home/james/workspace/robofun-1.0/object-detection-ws/install/yolobot_recognition' for CMake module files
[0.674s] Level 1:colcon.colcon_core.environment:checking '/home/james/workspace/robofun-1.0/object-detection-ws/install/yolobot_recognition' for CMake config files
[0.675s] Level 1:colcon.colcon_core.shell:create_environment_hook('yolobot_recognition', 'cmake_prefix_path')
[0.676s] INFO:colcon.colcon_core.shell:Creating environment hook '/home/james/workspace/robofun-1.0/object-detection-ws/install/yolobot_recognition/share/yolobot_recognition/hook/cmake_prefix_path.ps1'
[0.677s] INFO:colcon.colcon_core.shell:Creating environment descriptor '/home/james/workspace/robofun-1.0/object-detection-ws/install/yolobot_recognition/share/yolobot_recognition/hook/cmake_prefix_path.dsv'
[0.678s] INFO:colcon.colcon_core.shell:Creating environment hook '/home/james/workspace/robofun-1.0/object-detection-ws/install/yolobot_recognition/share/yolobot_recognition/hook/cmake_prefix_path.sh'
[0.679s] Level 1:colcon.colcon_core.environment:checking '/home/james/workspace/robofun-1.0/object-detection-ws/install/yolobot_recognition/lib'
[0.679s] Level 1:colcon.colcon_core.environment:checking '/home/james/workspace/robofun-1.0/object-detection-ws/install/yolobot_recognition/bin'
[0.679s] Level 1:colcon.colcon_core.environment:checking '/home/james/workspace/robofun-1.0/object-detection-ws/install/yolobot_recognition/lib/pkgconfig/yolobot_recognition.pc'
[0.680s] Level 1:colcon.colcon_core.environment:checking '/home/james/workspace/robofun-1.0/object-detection-ws/install/yolobot_recognition/lib/python3.10/site-packages'
[0.680s] Level 1:colcon.colcon_core.environment:checking '/home/james/workspace/robofun-1.0/object-detection-ws/install/yolobot_recognition/bin'
[0.681s] INFO:colcon.colcon_core.shell:Creating package script '/home/james/workspace/robofun-1.0/object-detection-ws/install/yolobot_recognition/share/yolobot_recognition/package.ps1'
[0.682s] INFO:colcon.colcon_core.shell:Creating package descriptor '/home/james/workspace/robofun-1.0/object-detection-ws/install/yolobot_recognition/share/yolobot_recognition/package.dsv'
[0.683s] INFO:colcon.colcon_core.shell:Creating package script '/home/james/workspace/robofun-1.0/object-detection-ws/install/yolobot_recognition/share/yolobot_recognition/package.sh'
[0.684s] INFO:colcon.colcon_core.shell:Creating package script '/home/james/workspace/robofun-1.0/object-detection-ws/install/yolobot_recognition/share/yolobot_recognition/package.bash'
[0.684s] INFO:colcon.colcon_core.shell:Creating package script '/home/james/workspace/robofun-1.0/object-detection-ws/install/yolobot_recognition/share/yolobot_recognition/package.zsh'
[0.685s] Level 1:colcon.colcon_core.environment:create_file_with_runtime_dependencies(/home/james/workspace/robofun-1.0/object-detection-ws/install/yolobot_recognition/share/colcon-core/packages/yolobot_recognition)
[0.955s] DEBUG:colcon.colcon_core.event_handler.log_command:Invoked command in '/home/james/workspace/robofun-1.0/object-detection-ws/build/object_detection_msgs' returned '0': CMAKE_PREFIX_PATH=${CMAKE_PREFIX_PATH}:/home/james/workspace/robofun-1.0/object-detection-ws/install/object_detection:/home/james/workspace/robofun-1.0/object-detection-ws/install/follow_waypoints:/home/james/turtlebot3_ws/install/turtlebot3_teleop:/home/james/turtlebot3_ws/install/turtlebot3_example:/home/james/turtlebot3_ws/install/follow_waypoints:/opt/ros/humble /usr/bin/cmake --build /home/james/workspace/robofun-1.0/object-detection-ws/build/object_detection_msgs -- -j20 -l20
[0.971s] DEBUG:colcon.colcon_core.event_handler.log_command:Invoked command in '/home/james/workspace/robofun-1.0/object-detection-ws/build/yolov8_msgs' returned '0': CMAKE_PREFIX_PATH=${CMAKE_PREFIX_PATH}:/home/james/workspace/robofun-1.0/object-detection-ws/install/object_detection:/home/james/workspace/robofun-1.0/object-detection-ws/install/follow_waypoints:/home/james/turtlebot3_ws/install/turtlebot3_teleop:/home/james/turtlebot3_ws/install/turtlebot3_example:/home/james/turtlebot3_ws/install/follow_waypoints:/opt/ros/humble /usr/bin/cmake --build /home/james/workspace/robofun-1.0/object-detection-ws/build/yolov8_msgs -- -j20 -l20
[1.059s] DEBUG:colcon.colcon_core.event_handler.log_command:Invoking command in '/home/james/workspace/robofun-1.0/object-detection-ws/build/object_detection': PYTHONPATH=/home/james/workspace/robofun-1.0/object-detection-ws/build/object_detection/prefix_override:/usr/lib/python3/dist-packages/colcon_core/task/python/colcon_distutils_commands:/home/james/workspace/robofun-1.0/object-detection-ws/install/object_detection/lib/python3.10/site-packages:${PYTHONPATH} /usr/bin/python3 -W ignore:setup.py install is deprecated setup.py develop --editable --build-directory /home/james/workspace/robofun-1.0/object-detection-ws/build/object_detection/build --no-deps symlink_data
[1.061s] DEBUG:colcon.colcon_core.event_handler.log_command:Invoking command in '/home/james/workspace/robofun-1.0/object-detection-ws/build/object_detection_msgs': CMAKE_PREFIX_PATH=${CMAKE_PREFIX_PATH}:/home/james/workspace/robofun-1.0/object-detection-ws/install/object_detection:/home/james/workspace/robofun-1.0/object-detection-ws/install/follow_waypoints:/home/james/turtlebot3_ws/install/turtlebot3_teleop:/home/james/turtlebot3_ws/install/turtlebot3_example:/home/james/turtlebot3_ws/install/follow_waypoints:/opt/ros/humble /usr/bin/cmake --install /home/james/workspace/robofun-1.0/object-detection-ws/build/object_detection_msgs
[1.080s] DEBUG:colcon.colcon_core.event_handler.log_command:Invoking command in '/home/james/workspace/robofun-1.0/object-detection-ws/build/yolov8_msgs': CMAKE_PREFIX_PATH=${CMAKE_PREFIX_PATH}:/home/james/workspace/robofun-1.0/object-detection-ws/install/object_detection:/home/james/workspace/robofun-1.0/object-detection-ws/install/follow_waypoints:/home/james/turtlebot3_ws/install/turtlebot3_teleop:/home/james/turtlebot3_ws/install/turtlebot3_example:/home/james/turtlebot3_ws/install/follow_waypoints:/opt/ros/humble /usr/bin/cmake --install /home/james/workspace/robofun-1.0/object-detection-ws/build/yolov8_msgs
[1.088s] DEBUG:colcon.colcon_core.event_handler.log_command:Invoking command in '/home/james/workspace/robofun-1.0/object-detection-ws/build/follow_waypoints': PYTHONPATH=/home/james/workspace/robofun-1.0/object-detection-ws/build/follow_waypoints/prefix_override:/usr/lib/python3/dist-packages/colcon_core/task/python/colcon_distutils_commands:/home/james/workspace/robofun-1.0/object-detection-ws/install/follow_waypoints/lib/python3.10/site-packages:${PYTHONPATH} /usr/bin/python3 -W ignore:setup.py install is deprecated setup.py develop --editable --build-directory /home/james/workspace/robofun-1.0/object-detection-ws/build/follow_waypoints/build --no-deps symlink_data
[1.141s] Level 1:colcon.colcon_core.environment:create_environment_scripts_only(object_detection_msgs)
[1.141s] Level 1:colcon.colcon_core.environment:checking '/home/james/workspace/robofun-1.0/object-detection-ws/install/object_detection_msgs' for CMake module files
[1.142s] DEBUG:colcon.colcon_core.event_handler.log_command:Invoked command in '/home/james/workspace/robofun-1.0/object-detection-ws/build/object_detection_msgs' returned '0': CMAKE_PREFIX_PATH=${CMAKE_PREFIX_PATH}:/home/james/workspace/robofun-1.0/object-detection-ws/install/object_detection:/home/james/workspace/robofun-1.0/object-detection-ws/install/follow_waypoints:/home/james/turtlebot3_ws/install/turtlebot3_teleop:/home/james/turtlebot3_ws/install/turtlebot3_example:/home/james/turtlebot3_ws/install/follow_waypoints:/opt/ros/humble /usr/bin/cmake --install /home/james/workspace/robofun-1.0/object-detection-ws/build/object_detection_msgs
[1.143s] Level 1:colcon.colcon_core.environment:checking '/home/james/workspace/robofun-1.0/object-detection-ws/install/object_detection_msgs' for CMake config files
[1.144s] Level 1:colcon.colcon_core.shell:create_environment_hook('object_detection_msgs', 'cmake_prefix_path')
[1.144s] INFO:colcon.colcon_core.shell:Creating environment hook '/home/james/workspace/robofun-1.0/object-detection-ws/install/object_detection_msgs/share/object_detection_msgs/hook/cmake_prefix_path.ps1'
[1.145s] INFO:colcon.colcon_core.shell:Creating environment descriptor '/home/james/workspace/robofun-1.0/object-detection-ws/install/object_detection_msgs/share/object_detection_msgs/hook/cmake_prefix_path.dsv'
[1.145s] INFO:colcon.colcon_core.shell:Creating environment hook '/home/james/workspace/robofun-1.0/object-detection-ws/install/object_detection_msgs/share/object_detection_msgs/hook/cmake_prefix_path.sh'
[1.146s] Level 1:colcon.colcon_core.environment:checking '/home/james/workspace/robofun-1.0/object-detection-ws/install/object_detection_msgs/lib'
[1.146s] Level 1:colcon.colcon_core.shell:create_environment_hook('object_detection_msgs', 'ld_library_path_lib')
[1.146s] INFO:colcon.colcon_core.shell:Creating environment hook '/home/james/workspace/robofun-1.0/object-detection-ws/install/object_detection_msgs/share/object_detection_msgs/hook/ld_library_path_lib.ps1'
[1.146s] INFO:colcon.colcon_core.shell:Creating environment descriptor '/home/james/workspace/robofun-1.0/object-detection-ws/install/object_detection_msgs/share/object_detection_msgs/hook/ld_library_path_lib.dsv'
[1.147s] INFO:colcon.colcon_core.shell:Creating environment hook '/home/james/workspace/robofun-1.0/object-detection-ws/install/object_detection_msgs/share/object_detection_msgs/hook/ld_library_path_lib.sh'
[1.147s] Level 1:colcon.colcon_core.environment:checking '/home/james/workspace/robofun-1.0/object-detection-ws/install/object_detection_msgs/bin'
[1.147s] Level 1:colcon.colcon_core.environment:checking '/home/james/workspace/robofun-1.0/object-detection-ws/install/object_detection_msgs/lib/pkgconfig/object_detection_msgs.pc'
[1.147s] Level 1:colcon.colcon_core.environment:checking '/home/james/workspace/robofun-1.0/object-detection-ws/install/object_detection_msgs/lib/python3.10/site-packages'
[1.147s] Level 1:colcon.colcon_core.environment:checking '/home/james/workspace/robofun-1.0/object-detection-ws/install/object_detection_msgs/bin'
[1.148s] INFO:colcon.colcon_core.shell:Creating package script '/home/james/workspace/robofun-1.0/object-detection-ws/install/object_detection_msgs/share/object_detection_msgs/package.ps1'
[1.148s] INFO:colcon.colcon_core.shell:Creating package descriptor '/home/james/workspace/robofun-1.0/object-detection-ws/install/object_detection_msgs/share/object_detection_msgs/package.dsv'
[1.149s] INFO:colcon.colcon_core.shell:Creating package script '/home/james/workspace/robofun-1.0/object-detection-ws/install/object_detection_msgs/share/object_detection_msgs/package.sh'
[1.149s] INFO:colcon.colcon_core.shell:Creating package script '/home/james/workspace/robofun-1.0/object-detection-ws/install/object_detection_msgs/share/object_detection_msgs/package.bash'
[1.150s] INFO:colcon.colcon_core.shell:Creating package script '/home/james/workspace/robofun-1.0/object-detection-ws/install/object_detection_msgs/share/object_detection_msgs/package.zsh'
[1.150s] Level 1:colcon.colcon_core.environment:create_file_with_runtime_dependencies(/home/james/workspace/robofun-1.0/object-detection-ws/install/object_detection_msgs/share/colcon-core/packages/object_detection_msgs)
[1.160s] Level 1:colcon.colcon_core.environment:create_environment_scripts_only(yolov8_msgs)
[1.160s] Level 1:colcon.colcon_core.environment:checking '/home/james/workspace/robofun-1.0/object-detection-ws/install/yolov8_msgs' for CMake module files
[1.161s] DEBUG:colcon.colcon_core.event_handler.log_command:Invoked command in '/home/james/workspace/robofun-1.0/object-detection-ws/build/yolov8_msgs' returned '0': CMAKE_PREFIX_PATH=${CMAKE_PREFIX_PATH}:/home/james/workspace/robofun-1.0/object-detection-ws/install/object_detection:/home/james/workspace/robofun-1.0/object-detection-ws/install/follow_waypoints:/home/james/turtlebot3_ws/install/turtlebot3_teleop:/home/james/turtlebot3_ws/install/turtlebot3_example:/home/james/turtlebot3_ws/install/follow_waypoints:/opt/ros/humble /usr/bin/cmake --install /home/james/workspace/robofun-1.0/object-detection-ws/build/yolov8_msgs
[1.162s] Level 1:colcon.colcon_core.environment:checking '/home/james/workspace/robofun-1.0/object-detection-ws/install/yolov8_msgs' for CMake config files
[1.163s] Level 1:colcon.colcon_core.shell:create_environment_hook('yolov8_msgs', 'cmake_prefix_path')
[1.163s] INFO:colcon.colcon_core.shell:Creating environment hook '/home/james/workspace/robofun-1.0/object-detection-ws/install/yolov8_msgs/share/yolov8_msgs/hook/cmake_prefix_path.ps1'
[1.164s] INFO:colcon.colcon_core.shell:Creating environment descriptor '/home/james/workspace/robofun-1.0/object-detection-ws/install/yolov8_msgs/share/yolov8_msgs/hook/cmake_prefix_path.dsv'
[1.165s] INFO:colcon.colcon_core.shell:Creating environment hook '/home/james/workspace/robofun-1.0/object-detection-ws/install/yolov8_msgs/share/yolov8_msgs/hook/cmake_prefix_path.sh'
[1.165s] Level 1:colcon.colcon_core.environment:checking '/home/james/workspace/robofun-1.0/object-detection-ws/install/yolov8_msgs/lib'
[1.166s] Level 1:colcon.colcon_core.shell:create_environment_hook('yolov8_msgs', 'ld_library_path_lib')
[1.166s] INFO:colcon.colcon_core.shell:Creating environment hook '/home/james/workspace/robofun-1.0/object-detection-ws/install/yolov8_msgs/share/yolov8_msgs/hook/ld_library_path_lib.ps1'
[1.167s] INFO:colcon.colcon_core.shell:Creating environment descriptor '/home/james/workspace/robofun-1.0/object-detection-ws/install/yolov8_msgs/share/yolov8_msgs/hook/ld_library_path_lib.dsv'
[1.167s] INFO:colcon.colcon_core.shell:Creating environment hook '/home/james/workspace/robofun-1.0/object-detection-ws/install/yolov8_msgs/share/yolov8_msgs/hook/ld_library_path_lib.sh'
[1.168s] Level 1:colcon.colcon_core.environment:checking '/home/james/workspace/robofun-1.0/object-detection-ws/install/yolov8_msgs/bin'
[1.168s] Level 1:colcon.colcon_core.environment:checking '/home/james/workspace/robofun-1.0/object-detection-ws/install/yolov8_msgs/lib/pkgconfig/yolov8_msgs.pc'
[1.168s] Level 1:colcon.colcon_core.environment:checking '/home/james/workspace/robofun-1.0/object-detection-ws/install/yolov8_msgs/lib/python3.10/site-packages'
[1.169s] Level 1:colcon.colcon_core.environment:checking '/home/james/workspace/robofun-1.0/object-detection-ws/install/yolov8_msgs/bin'
[1.169s] INFO:colcon.colcon_core.shell:Creating package script '/home/james/workspace/robofun-1.0/object-detection-ws/install/yolov8_msgs/share/yolov8_msgs/package.ps1'
[1.170s] INFO:colcon.colcon_core.shell:Creating package descriptor '/home/james/workspace/robofun-1.0/object-detection-ws/install/yolov8_msgs/share/yolov8_msgs/package.dsv'
[1.171s] INFO:colcon.colcon_core.shell:Creating package script '/home/james/workspace/robofun-1.0/object-detection-ws/install/yolov8_msgs/share/yolov8_msgs/package.sh'
[1.171s] INFO:colcon.colcon_core.shell:Creating package script '/home/james/workspace/robofun-1.0/object-detection-ws/install/yolov8_msgs/share/yolov8_msgs/package.bash'
[1.172s] INFO:colcon.colcon_core.shell:Creating package script '/home/james/workspace/robofun-1.0/object-detection-ws/install/yolov8_msgs/share/yolov8_msgs/package.zsh'
[1.173s] Level 1:colcon.colcon_core.environment:create_file_with_runtime_dependencies(/home/james/workspace/robofun-1.0/object-detection-ws/install/yolov8_msgs/share/colcon-core/packages/yolov8_msgs)
[1.263s] Level 1:colcon.colcon_core.environment:create_environment_scripts_only(object_detection_msgs)
[1.264s] Level 1:colcon.colcon_core.environment:checking '/home/james/workspace/robofun-1.0/object-detection-ws/install/object_detection_msgs' for CMake module files
[1.265s] Level 1:colcon.colcon_core.environment:checking '/home/james/workspace/robofun-1.0/object-detection-ws/install/object_detection_msgs' for CMake config files
[1.265s] Level 1:colcon.colcon_core.shell:create_environment_hook('object_detection_msgs', 'cmake_prefix_path')
[1.266s] INFO:colcon.colcon_core.shell:Creating environment hook '/home/james/workspace/robofun-1.0/object-detection-ws/install/object_detection_msgs/share/object_detection_msgs/hook/cmake_prefix_path.ps1'
[1.266s] INFO:colcon.colcon_core.shell:Creating environment descriptor '/home/james/workspace/robofun-1.0/object-detection-ws/install/object_detection_msgs/share/object_detection_msgs/hook/cmake_prefix_path.dsv'
[1.267s] INFO:colcon.colcon_core.shell:Creating environment hook '/home/james/workspace/robofun-1.0/object-detection-ws/install/object_detection_msgs/share/object_detection_msgs/hook/cmake_prefix_path.sh'
[1.268s] Level 1:colcon.colcon_core.environment:checking '/home/james/workspace/robofun-1.0/object-detection-ws/install/object_detection_msgs/lib'
[1.268s] Level 1:colcon.colcon_core.shell:create_environment_hook('object_detection_msgs', 'ld_library_path_lib')
[1.268s] INFO:colcon.colcon_core.shell:Creating environment hook '/home/james/workspace/robofun-1.0/object-detection-ws/install/object_detection_msgs/share/object_detection_msgs/hook/ld_library_path_lib.ps1'
[1.269s] INFO:colcon.colcon_core.shell:Creating environment descriptor '/home/james/workspace/robofun-1.0/object-detection-ws/install/object_detection_msgs/share/object_detection_msgs/hook/ld_library_path_lib.dsv'
[1.270s] INFO:colcon.colcon_core.shell:Creating environment hook '/home/james/workspace/robofun-1.0/object-detection-ws/install/object_detection_msgs/share/object_detection_msgs/hook/ld_library_path_lib.sh'
[1.270s] Level 1:colcon.colcon_core.environment:checking '/home/james/workspace/robofun-1.0/object-detection-ws/install/object_detection_msgs/bin'
[1.270s] Level 1:colcon.colcon_core.environment:checking '/home/james/workspace/robofun-1.0/object-detection-ws/install/object_detection_msgs/lib/pkgconfig/object_detection_msgs.pc'
[1.270s] Level 1:colcon.colcon_core.environment:checking '/home/james/workspace/robofun-1.0/object-detection-ws/install/object_detection_msgs/lib/python3.10/site-packages'
[1.271s] Level 1:colcon.colcon_core.environment:checking '/home/james/workspace/robofun-1.0/object-detection-ws/install/object_detection_msgs/bin'
[1.271s] INFO:colcon.colcon_core.shell:Creating package script '/home/james/workspace/robofun-1.0/object-detection-ws/install/object_detection_msgs/share/object_detection_msgs/package.ps1'
[1.271s] INFO:colcon.colcon_core.shell:Creating package descriptor '/home/james/workspace/robofun-1.0/object-detection-ws/install/object_detection_msgs/share/object_detection_msgs/package.dsv'
[1.272s] INFO:colcon.colcon_core.shell:Creating package script '/home/james/workspace/robofun-1.0/object-detection-ws/install/object_detection_msgs/share/object_detection_msgs/package.sh'
[1.272s] INFO:colcon.colcon_core.shell:Creating package script '/home/james/workspace/robofun-1.0/object-detection-ws/install/object_detection_msgs/share/object_detection_msgs/package.bash'
[1.273s] INFO:colcon.colcon_core.shell:Creating package script '/home/james/workspace/robofun-1.0/object-detection-ws/install/object_detection_msgs/share/object_detection_msgs/package.zsh'
[1.273s] Level 1:colcon.colcon_core.environment:create_file_with_runtime_dependencies(/home/james/workspace/robofun-1.0/object-detection-ws/install/object_detection_msgs/share/colcon-core/packages/object_detection_msgs)
[1.287s] Level 1:colcon.colcon_core.environment:create_environment_scripts_only(yolov8_msgs)
[1.287s] Level 1:colcon.colcon_core.environment:checking '/home/james/workspace/robofun-1.0/object-detection-ws/install/yolov8_msgs' for CMake module files
[1.288s] Level 1:colcon.colcon_core.environment:checking '/home/james/workspace/robofun-1.0/object-detection-ws/install/yolov8_msgs' for CMake config files
[1.288s] Level 1:colcon.colcon_core.shell:create_environment_hook('yolov8_msgs', 'cmake_prefix_path')
[1.288s] INFO:colcon.colcon_core.shell:Creating environment hook '/home/james/workspace/robofun-1.0/object-detection-ws/install/yolov8_msgs/share/yolov8_msgs/hook/cmake_prefix_path.ps1'
[1.289s] INFO:colcon.colcon_core.shell:Creating environment descriptor '/home/james/workspace/robofun-1.0/object-detection-ws/install/yolov8_msgs/share/yolov8_msgs/hook/cmake_prefix_path.dsv'
[1.289s] INFO:colcon.colcon_core.shell:Creating environment hook '/home/james/workspace/robofun-1.0/object-detection-ws/install/yolov8_msgs/share/yolov8_msgs/hook/cmake_prefix_path.sh'
[1.290s] Level 1:colcon.colcon_core.environment:checking '/home/james/workspace/robofun-1.0/object-detection-ws/install/yolov8_msgs/lib'
[1.290s] Level 1:colcon.colcon_core.shell:create_environment_hook('yolov8_msgs', 'ld_library_path_lib')
[1.290s] INFO:colcon.colcon_core.shell:Creating environment hook '/home/james/workspace/robofun-1.0/object-detection-ws/install/yolov8_msgs/share/yolov8_msgs/hook/ld_library_path_lib.ps1'
[1.291s] INFO:colcon.colcon_core.shell:Creating environment descriptor '/home/james/workspace/robofun-1.0/object-detection-ws/install/yolov8_msgs/share/yolov8_msgs/hook/ld_library_path_lib.dsv'
[1.291s] INFO:colcon.colcon_core.shell:Creating environment hook '/home/james/workspace/robofun-1.0/object-detection-ws/install/yolov8_msgs/share/yolov8_msgs/hook/ld_library_path_lib.sh'
[1.291s] Level 1:colcon.colcon_core.environment:checking '/home/james/workspace/robofun-1.0/object-detection-ws/install/yolov8_msgs/bin'
[1.291s] Level 1:colcon.colcon_core.environment:checking '/home/james/workspace/robofun-1.0/object-detection-ws/install/yolov8_msgs/lib/pkgconfig/yolov8_msgs.pc'
[1.292s] Level 1:colcon.colcon_core.environment:checking '/home/james/workspace/robofun-1.0/object-detection-ws/install/yolov8_msgs/lib/python3.10/site-packages'
[1.292s] Level 1:colcon.colcon_core.environment:checking '/home/james/workspace/robofun-1.0/object-detection-ws/install/yolov8_msgs/bin'
[1.292s] INFO:colcon.colcon_core.shell:Creating package script '/home/james/workspace/robofun-1.0/object-detection-ws/install/yolov8_msgs/share/yolov8_msgs/package.ps1'
[1.293s] INFO:colcon.colcon_core.shell:Creating package descriptor '/home/james/workspace/robofun-1.0/object-detection-ws/install/yolov8_msgs/share/yolov8_msgs/package.dsv'
[1.293s] INFO:colcon.colcon_core.shell:Creating package script '/home/james/workspace/robofun-1.0/object-detection-ws/install/yolov8_msgs/share/yolov8_msgs/package.sh'
[1.294s] INFO:colcon.colcon_core.shell:Creating package script '/home/james/workspace/robofun-1.0/object-detection-ws/install/yolov8_msgs/share/yolov8_msgs/package.bash'
[1.295s] INFO:colcon.colcon_core.shell:Creating package script '/home/james/workspace/robofun-1.0/object-detection-ws/install/yolov8_msgs/share/yolov8_msgs/package.zsh'
[1.295s] Level 1:colcon.colcon_core.environment:create_file_with_runtime_dependencies(/home/james/workspace/robofun-1.0/object-detection-ws/install/yolov8_msgs/share/colcon-core/packages/yolov8_msgs)
[1.571s] Level 1:colcon.colcon_core.shell:create_environment_hook('object_detection', 'pythonpath_develop')
[1.571s] INFO:colcon.colcon_core.shell:Creating environment hook '/home/james/workspace/robofun-1.0/object-detection-ws/build/object_detection/share/object_detection/hook/pythonpath_develop.ps1'
[1.572s] DEBUG:colcon.colcon_core.event_handler.log_command:Invoked command in '/home/james/workspace/robofun-1.0/object-detection-ws/build/object_detection' returned '0': PYTHONPATH=/home/james/workspace/robofun-1.0/object-detection-ws/build/object_detection/prefix_override:/usr/lib/python3/dist-packages/colcon_core/task/python/colcon_distutils_commands:/home/james/workspace/robofun-1.0/object-detection-ws/install/object_detection/lib/python3.10/site-packages:${PYTHONPATH} /usr/bin/python3 -W ignore:setup.py install is deprecated setup.py develop --editable --build-directory /home/james/workspace/robofun-1.0/object-detection-ws/build/object_detection/build --no-deps symlink_data
[1.572s] INFO:colcon.colcon_core.shell:Creating environment descriptor '/home/james/workspace/robofun-1.0/object-detection-ws/build/object_detection/share/object_detection/hook/pythonpath_develop.dsv'
[1.573s] INFO:colcon.colcon_core.shell:Creating environment hook '/home/james/workspace/robofun-1.0/object-detection-ws/build/object_detection/share/object_detection/hook/pythonpath_develop.sh'
[1.573s] Level 1:colcon.colcon_core.environment:checking '/home/james/workspace/robofun-1.0/object-detection-ws/install/object_detection' for CMake module files
[1.573s] Level 1:colcon.colcon_core.environment:checking '/home/james/workspace/robofun-1.0/object-detection-ws/install/object_detection' for CMake config files
[1.574s] Level 1:colcon.colcon_core.environment:checking '/home/james/workspace/robofun-1.0/object-detection-ws/install/object_detection/lib'
[1.574s] Level 1:colcon.colcon_core.environment:checking '/home/james/workspace/robofun-1.0/object-detection-ws/install/object_detection/bin'
[1.574s] Level 1:colcon.colcon_core.environment:checking '/home/james/workspace/robofun-1.0/object-detection-ws/install/object_detection/lib/pkgconfig/object_detection.pc'
[1.574s] Level 1:colcon.colcon_core.environment:checking '/home/james/workspace/robofun-1.0/object-detection-ws/install/object_detection/lib/python3.10/site-packages'
[1.574s] Level 1:colcon.colcon_core.shell:create_environment_hook('object_detection', 'pythonpath')
[1.574s] INFO:colcon.colcon_core.shell:Creating environment hook '/home/james/workspace/robofun-1.0/object-detection-ws/install/object_detection/share/object_detection/hook/pythonpath.ps1'
[1.574s] INFO:colcon.colcon_core.shell:Creating environment descriptor '/home/james/workspace/robofun-1.0/object-detection-ws/install/object_detection/share/object_detection/hook/pythonpath.dsv'
[1.575s] INFO:colcon.colcon_core.shell:Creating environment hook '/home/james/workspace/robofun-1.0/object-detection-ws/install/object_detection/share/object_detection/hook/pythonpath.sh'
[1.575s] Level 1:colcon.colcon_core.environment:checking '/home/james/workspace/robofun-1.0/object-detection-ws/install/object_detection/bin'
[1.575s] Level 1:colcon.colcon_core.environment:create_environment_scripts_only(object_detection)
[1.576s] INFO:colcon.colcon_core.shell:Creating package script '/home/james/workspace/robofun-1.0/object-detection-ws/install/object_detection/share/object_detection/package.ps1'
[1.576s] INFO:colcon.colcon_core.shell:Creating package descriptor '/home/james/workspace/robofun-1.0/object-detection-ws/install/object_detection/share/object_detection/package.dsv'
[1.576s] INFO:colcon.colcon_core.shell:Creating package script '/home/james/workspace/robofun-1.0/object-detection-ws/install/object_detection/share/object_detection/package.sh'
[1.577s] INFO:colcon.colcon_core.shell:Creating package script '/home/james/workspace/robofun-1.0/object-detection-ws/install/object_detection/share/object_detection/package.bash'
[1.577s] INFO:colcon.colcon_core.shell:Creating package script '/home/james/workspace/robofun-1.0/object-detection-ws/install/object_detection/share/object_detection/package.zsh'
[1.578s] Level 1:colcon.colcon_core.environment:create_file_with_runtime_dependencies(/home/james/workspace/robofun-1.0/object-detection-ws/install/object_detection/share/colcon-core/packages/object_detection)
[1.599s] Level 1:colcon.colcon_core.shell:create_environment_hook('follow_waypoints', 'pythonpath_develop')
[1.599s] INFO:colcon.colcon_core.shell:Creating environment hook '/home/james/workspace/robofun-1.0/object-detection-ws/build/follow_waypoints/share/follow_waypoints/hook/pythonpath_develop.ps1'
[1.599s] DEBUG:colcon.colcon_core.event_handler.log_command:Invoked command in '/home/james/workspace/robofun-1.0/object-detection-ws/build/follow_waypoints' returned '0': PYTHONPATH=/home/james/workspace/robofun-1.0/object-detection-ws/build/follow_waypoints/prefix_override:/usr/lib/python3/dist-packages/colcon_core/task/python/colcon_distutils_commands:/home/james/workspace/robofun-1.0/object-detection-ws/install/follow_waypoints/lib/python3.10/site-packages:${PYTHONPATH} /usr/bin/python3 -W ignore:setup.py install is deprecated setup.py develop --editable --build-directory /home/james/workspace/robofun-1.0/object-detection-ws/build/follow_waypoints/build --no-deps symlink_data
[1.599s] INFO:colcon.colcon_core.shell:Creating environment descriptor '/home/james/workspace/robofun-1.0/object-detection-ws/build/follow_waypoints/share/follow_waypoints/hook/pythonpath_develop.dsv'
[1.600s] INFO:colcon.colcon_core.shell:Creating environment hook '/home/james/workspace/robofun-1.0/object-detection-ws/build/follow_waypoints/share/follow_waypoints/hook/pythonpath_develop.sh'
[1.600s] Level 1:colcon.colcon_core.environment:checking '/home/james/workspace/robofun-1.0/object-detection-ws/install/follow_waypoints' for CMake module files
[1.600s] Level 1:colcon.colcon_core.environment:checking '/home/james/workspace/robofun-1.0/object-detection-ws/install/follow_waypoints' for CMake config files
[1.601s] Level 1:colcon.colcon_core.environment:checking '/home/james/workspace/robofun-1.0/object-detection-ws/install/follow_waypoints/lib'
[1.601s] Level 1:colcon.colcon_core.environment:checking '/home/james/workspace/robofun-1.0/object-detection-ws/install/follow_waypoints/bin'
[1.601s] Level 1:colcon.colcon_core.environment:checking '/home/james/workspace/robofun-1.0/object-detection-ws/install/follow_waypoints/lib/pkgconfig/follow_waypoints.pc'
[1.601s] Level 1:colcon.colcon_core.environment:checking '/home/james/workspace/robofun-1.0/object-detection-ws/install/follow_waypoints/lib/python3.10/site-packages'
[1.601s] Level 1:colcon.colcon_core.shell:create_environment_hook('follow_waypoints', 'pythonpath')
[1.601s] INFO:colcon.colcon_core.shell:Creating environment hook '/home/james/workspace/robofun-1.0/object-detection-ws/install/follow_waypoints/share/follow_waypoints/hook/pythonpath.ps1'
[1.602s] INFO:colcon.colcon_core.shell:Creating environment descriptor '/home/james/workspace/robofun-1.0/object-detection-ws/install/follow_waypoints/share/follow_waypoints/hook/pythonpath.dsv'
[1.602s] INFO:colcon.colcon_core.shell:Creating environment hook '/home/james/workspace/robofun-1.0/object-detection-ws/install/follow_waypoints/share/follow_waypoints/hook/pythonpath.sh'
[1.602s] Level 1:colcon.colcon_core.environment:checking '/home/james/workspace/robofun-1.0/object-detection-ws/install/follow_waypoints/bin'
[1.602s] Level 1:colcon.colcon_core.environment:create_environment_scripts_only(follow_waypoints)
[1.602s] INFO:colcon.colcon_core.shell:Creating package script '/home/james/workspace/robofun-1.0/object-detection-ws/install/follow_waypoints/share/follow_waypoints/package.ps1'
[1.603s] INFO:colcon.colcon_core.shell:Creating package descriptor '/home/james/workspace/robofun-1.0/object-detection-ws/install/follow_waypoints/share/follow_waypoints/package.dsv'
[1.603s] INFO:colcon.colcon_core.shell:Creating package script '/home/james/workspace/robofun-1.0/object-detection-ws/install/follow_waypoints/share/follow_waypoints/package.sh'
[1.603s] INFO:colcon.colcon_core.shell:Creating package script '/home/james/workspace/robofun-1.0/object-detection-ws/install/follow_waypoints/share/follow_waypoints/package.bash'
[1.604s] INFO:colcon.colcon_core.shell:Creating package script '/home/james/workspace/robofun-1.0/object-detection-ws/install/follow_waypoints/share/follow_waypoints/package.zsh'
[1.604s] Level 1:colcon.colcon_core.environment:create_file_with_runtime_dependencies(/home/james/workspace/robofun-1.0/object-detection-ws/install/follow_waypoints/share/colcon-core/packages/follow_waypoints)
[1.604s] DEBUG:colcon.colcon_parallel_executor.executor.parallel:closing loop
[1.604s] DEBUG:colcon.colcon_parallel_executor.executor.parallel:loop closed
[1.604s] DEBUG:colcon.colcon_parallel_executor.executor.parallel:run_until_complete finished with '0'
[1.604s] DEBUG:colcon.colcon_core.event_reactor:joining thread
[1.609s] INFO:colcon.colcon_core.plugin_system:Skipping extension 'colcon_notification.desktop_notification.terminal_notifier': Not used on non-Darwin systems
[1.609s] INFO:colcon.colcon_core.plugin_system:Skipping extension 'colcon_notification.desktop_notification.win32': Not used on non-Windows systems
[1.609s] INFO:colcon.colcon_notification.desktop_notification:Sending desktop notification using 'notify2'
[1.619s] DEBUG:colcon.colcon_core.event_reactor:joined thread
[1.619s] INFO:colcon.colcon_core.shell:Creating prefix script '/home/james/workspace/robofun-1.0/object-detection-ws/install/local_setup.ps1'
[1.620s] INFO:colcon.colcon_core.shell:Creating prefix util module '/home/james/workspace/robofun-1.0/object-detection-ws/install/_local_setup_util_ps1.py'
[1.621s] INFO:colcon.colcon_core.shell:Creating prefix chain script '/home/james/workspace/robofun-1.0/object-detection-ws/install/setup.ps1'
[1.622s] INFO:colcon.colcon_core.shell:Creating prefix script '/home/james/workspace/robofun-1.0/object-detection-ws/install/local_setup.sh'
[1.622s] INFO:colcon.colcon_core.shell:Creating prefix util module '/home/james/workspace/robofun-1.0/object-detection-ws/install/_local_setup_util_sh.py'
[1.623s] INFO:colcon.colcon_core.shell:Creating prefix chain script '/home/james/workspace/robofun-1.0/object-detection-ws/install/setup.sh'
[1.625s] INFO:colcon.colcon_core.shell:Creating prefix script '/home/james/workspace/robofun-1.0/object-detection-ws/install/local_setup.bash'
[1.625s] INFO:colcon.colcon_core.shell:Creating prefix chain script '/home/james/workspace/robofun-1.0/object-detection-ws/install/setup.bash'
[1.627s] INFO:colcon.colcon_core.shell:Creating prefix script '/home/james/workspace/robofun-1.0/object-detection-ws/install/local_setup.zsh'
[1.628s] INFO:colcon.colcon_core.shell:Creating prefix chain script '/home/james/workspace/robofun-1.0/object-detection-ws/install/setup.zsh'
