[0.913s] Invoking command in '/home/james/DWM1001_ws/build/dwm1001_visualization': PYTHONPATH=/home/james/DWM1001_ws/build/dwm1001_visualization/prefix_override:/usr/lib/python3/dist-packages/colcon_core/task/python/colcon_distutils_commands:/home/james/DWM1001_ws/install/dwm1001_visualization/lib/python3.10/site-packages:${PYTHONPATH} /usr/bin/python3 -W ignore:setup.py install is deprecated setup.py develop --editable --build-directory /home/james/DWM1001_ws/build/dwm1001_visualization/build --no-deps symlink_data
[1.039s] /home/james/.local/lib/python3.10/site-packages/setuptools/_distutils/dist.py:261: UserWarning: Unknown distribution option: 'tests_require'
[1.039s]   warnings.warn(msg)
[1.178s] running develop
[1.178s] /home/james/.local/lib/python3.10/site-packages/setuptools/command/develop.py:41: EasyInstallDeprecationWarning: easy_install command is deprecated.
[1.178s] !!
[1.178s] 
[1.178s]         ********************************************************************************
[1.178s]         Please avoid running ``setup.py`` and ``easy_install``.
[1.179s]         Instead, use pypa/build, pypa/installer or other
[1.179s]         standards-based tools.
[1.179s] 
[1.179s]         See https://github.com/pypa/setuptools/issues/917 for details.
[1.179s]         ********************************************************************************
[1.179s] 
[1.179s] !!
[1.179s]   easy_install.initialize_options(self)
[1.354s] running egg_info
[1.366s] writing dwm1001_visualization.egg-info/PKG-INFO
[1.366s] writing dependency_links to dwm1001_visualization.egg-info/dependency_links.txt
[1.366s] writing entry points to dwm1001_visualization.egg-info/entry_points.txt
[1.366s] writing requirements to dwm1001_visualization.egg-info/requires.txt
[1.366s] writing top-level names to dwm1001_visualization.egg-info/top_level.txt
[1.389s] reading manifest file 'dwm1001_visualization.egg-info/SOURCES.txt'
[1.390s] writing manifest file 'dwm1001_visualization.egg-info/SOURCES.txt'
[1.403s] running build_ext
[1.404s] Creating /home/james/DWM1001_ws/install/dwm1001_visualization/lib/python3.10/site-packages/dwm1001-visualization.egg-link (link to .)
[1.404s] Installing anchor_visualizer script to /home/james/DWM1001_ws/install/dwm1001_visualization/lib/dwm1001_visualization
[1.404s] 
[1.404s] Installed /home/james/DWM1001_ws/build/dwm1001_visualization
[1.405s] running symlink_data
[1.436s] Invoked command in '/home/james/DWM1001_ws/build/dwm1001_visualization' returned '0': PYTHONPATH=/home/james/DWM1001_ws/build/dwm1001_visualization/prefix_override:/usr/lib/python3/dist-packages/colcon_core/task/python/colcon_distutils_commands:/home/james/DWM1001_ws/install/dwm1001_visualization/lib/python3.10/site-packages:${PYTHONPATH} /usr/bin/python3 -W ignore:setup.py install is deprecated setup.py develop --editable --build-directory /home/james/DWM1001_ws/build/dwm1001_visualization/build --no-deps symlink_data
